#
# A fatal error has been detected by the Java Runtime Environment:
#
#  SIGSEGV (0xb) at pc=0x00007f299240bd28, pid=4214, tid=0x00007f293396f700
#
# JRE version: Java(TM) SE Runtime Environment (8.0_111-b14) (build 1.8.0_111-b14)
# Java VM: Java HotSpot(TM) 64-Bit Server VM (25.111-b14 mixed mode linux-amd64 compressed oops)
# Problematic frame:
# V  [libjvm.so+0x6d1d28]  jni_invoke_nonstatic(JNIEnv_*, JavaValue*, _jobject*, JNICallType, _jmethodID*, JNI_ArgumentPusher*, Thread*)+0x38
#
# Failed to write core dump. Core dumps have been disabled. To enable core dumping, try "ulimit -c unlimited" before starting Java again
#
# If you would like to submit a bug report, please visit:
#   http://bugreport.java.com/bugreport/crash.jsp
#

---------------  T H R E A D  ---------------

Current thread (0x00007f298c22c800):  JavaThread "JavaFX Application Thread" [_thread_in_vm, id=4235, stack(0x00007f293386f000,0x00007f2933970000)]

siginfo: si_signo: 11 (SIGSEGV), si_code: 1 (SEGV_MAPERR), si_addr: 0x0000000000000055

Registers:
RAX=0x00007f293396e450, RBX=0x00007f293396e360, RCX=0x0000000000000001, RDX=0x0000000000000055
RSP=0x00007f293396e1b0, RBP=0x00007f293396e330, RSI=0x00007f293396e3c0, RDI=0x00007f298c22c9f8
R8 =0x00007f298c1f4aa8, R9 =0x00007f293396e360, R10=0x00007f2924000ac0, R11=0x00007f297d4049e0
R12=0x00007f298c22c800, R13=0x00007f298c1f4aa8, R14=0x0000000000000001, R15=0x00007f298c22c9f8
RIP=0x00007f299240bd28, EFLAGS=0x0000000000010206, CSGSFS=0x002b000000000033, ERR=0x0000000000000004
  TRAPNO=0x000000000000000e

Top of Stack: (sp=0x00007f293396e1b0)
0x00007f293396e1b0:   00007f293396e8a0 00007f293396e4d0
0x00007f293396e1c0:   00007f293396e210 00007f293396e290
0x00007f293396e1d0:   00007f293396e360 00007f293396e3c0
0x00007f293396e1e0:   00007f298c22c9f8 00007f299242b830
0x00007f293396e1f0:   00007f2948011a20 00007f2948011a30
0x00007f293396e200:   00007f2948011e08 00000000000003d8
0x00007f293396e210:   00007f298c22bfe8 00000000d90084c8
0x00007f293396e220:   00007f290000006f 00007f290000000a
0x00007f293396e230:   00000000d76ae300 00007f2900000000
0x00007f293396e240:   00007f293396e280 00007f293c0b6b31
0x00007f293396e250:   00007f2967cf14f0 0000000100000100
0x00007f293396e260:   00007f2967d6e348 00007f293396e218
0x00007f293396e270:   00007f293396e259 0000000800000005
0x00007f293396e280:   00007f2967d8c400 00007f298c22bff0
0x00007f293396e290:   00007f2992c98af0 00007f299375c6d0
0x00007f293396e2a0:   000000008c22be80 00007f298c22c800
0x00007f293396e2b0:   0000000000000000 00007f299240c0fb
0x00007f293396e2c0:   00007f2967ce8e68 00007f298c22c800
0x00007f293396e2d0:   00007f2967ce8e68 00007f298c22c800
0x00007f293396e2e0:   00007f293396e470 00007f2967ce8e68
0x00007f293396e2f0:   00007f2967ce8e68 00007f2967ce8e68
0x00007f293396e300:   00007f2948011a20 00007f293396e360
0x00007f293396e310:   00007f298c22c800 00007f293396e3a0
0x00007f293396e320:   00007f298c1f4aa8 00007f298c22c9f8
0x00007f293396e330:   00007f293396e420 00007f29924104cf
0x00007f293396e340:   00007f298c22c800 0000000000000069
0x00007f293396e350:   00007f293396e438 0000000000000055
0x00007f293396e360:   00007f2992c99750 00007f299375c6d0
0x00007f293396e370:   0000000000000000 00007f2900000063
0x00007f293396e380:   0000000000000000 0000003000000018
0x00007f293396e390:   00007f293396e510 00007f293396e450
0x00007f293396e3a0:   00007f298c22c800 0000000000000000 

Instructions: (pc=0x00007f299240bd28)
0x00007f299240bd08:   00 00 48 85 d2 48 89 bd b0 fe ff ff 48 89 b5 a8
0x00007f299240bd18:   fe ff ff 4c 89 8d a0 fe ff ff 0f 84 78 09 00 00
0x00007f299240bd28:   4c 8b 22 4d 85 e4 0f 84 6c 09 00 00 48 8b 45 10
0x00007f299240bd38:   48 8b 98 38 01 00 00 48 83 7b 18 f7 0f 87 16 07 

Register to memory mapping:

RAX=0x00007f293396e450 is pointing into the stack for thread: 0x00007f298c22c800
RBX=0x00007f293396e360 is pointing into the stack for thread: 0x00007f298c22c800
RCX=0x0000000000000001 is an unknown value
RDX=0x0000000000000055 is an unknown value
RSP=0x00007f293396e1b0 is pointing into the stack for thread: 0x00007f298c22c800
RBP=0x00007f293396e330 is pointing into the stack for thread: 0x00007f298c22c800
RSI=0x00007f293396e3c0 is pointing into the stack for thread: 0x00007f298c22c800
RDI=0x00007f298c22c9f8 is an unknown value
R8 =0x00007f298c1f4aa8 is an unknown value
R9 =0x00007f293396e360 is pointing into the stack for thread: 0x00007f298c22c800
R10=0x00007f2924000ac0 is an unknown value
R11=0x00007f297d4049e0 is at entry_point+32 in (nmethod*)0x00007f297d404850
R12=0x00007f298c22c800 is a thread
R13=0x00007f298c1f4aa8 is an unknown value
R14=0x0000000000000001 is an unknown value
R15=0x00007f298c22c9f8 is an unknown value


Stack: [0x00007f293386f000,0x00007f2933970000],  sp=0x00007f293396e1b0,  free space=1020k
Native frames: (J=compiled Java code, j=interpreted, Vv=VM code, C=native code)
V  [libjvm.so+0x6d1d28]  jni_invoke_nonstatic(JNIEnv_*, JavaValue*, _jobject*, JNICallType, _jmethodID*, JNI_ArgumentPusher*, Thread*)+0x38
V  [libjvm.so+0x6d64cf]  jni_CallVoidMethodV+0x10f
C  [libglass.so+0x18641]  JNIEnv_::CallVoidMethod(_jobject*, _jmethodID*, ...)+0x81
C  [libglass.so+0x14f0f]  WindowContextBase::process_key(_GdkEventKey*)+0x20f
C  [libglass.so+0x19f60]  WindowContextBase::im_filter_keypress(_GdkEventKey*)+0x1c0
C  [libglass.so+0x1a91c]  process_events(_GdkEvent*, void*)+0x22c
C  [libgdk-x11-2.0.so.0+0x58fec]

Java frames: (J=compiled Java code, j=interpreted, Vv=VM code)
j  com.sun.glass.ui.gtk.GtkApplication._runLoop(Ljava/lang/Runnable;Z)V+0
j  com.sun.glass.ui.gtk.GtkApplication.lambda$null$49(Ljava/lang/Runnable;Z)V+7
j  com.sun.glass.ui.gtk.GtkApplication$$Lambda$41.run()V+12
j  java.lang.Thread.run()V+11
v  ~StubRoutines::call_stub

---------------  P R O C E S S  ---------------

Java Threads: ( => current thread )
  0x00007f292425f000 JavaThread "Prism Font Disposer" daemon [_thread_blocked, id=4237, stack(0x00007f2932466000,0x00007f2932567000)]
  0x00007f298c230000 JavaThread "JavaFX-Launcher" [_thread_blocked, id=4236, stack(0x00007f293376e000,0x00007f293386f000)]
=>0x00007f298c22c800 JavaThread "JavaFX Application Thread" [_thread_in_vm, id=4235, stack(0x00007f293386f000,0x00007f2933970000)]
  0x00007f298c228000 JavaThread "Thread-1" daemon [_thread_blocked, id=4234, stack(0x00007f2964067000,0x00007f2964168000)]
  0x00007f298c1e0800 JavaThread "QuantumRenderer-0" daemon [_thread_blocked, id=4233, stack(0x00007f29662bc000,0x00007f29663bd000)]
  0x00007f298c0c8000 JavaThread "Service Thread" daemon [_thread_blocked, id=4231, stack(0x00007f2966554000,0x00007f2966655000)]
  0x00007f298c0bd000 JavaThread "C1 CompilerThread2" daemon [_thread_blocked, id=4230, stack(0x00007f2966655000,0x00007f2966756000)]
  0x00007f298c0bb000 JavaThread "C2 CompilerThread1" daemon [_thread_blocked, id=4229, stack(0x00007f2966756000,0x00007f2966857000)]
  0x00007f298c0b8000 JavaThread "C2 CompilerThread0" daemon [_thread_blocked, id=4228, stack(0x00007f2966857000,0x00007f2966958000)]
  0x00007f298c0b6800 JavaThread "Signal Dispatcher" daemon [_thread_blocked, id=4227, stack(0x00007f2966958000,0x00007f2966a59000)]
  0x00007f298c084000 JavaThread "Finalizer" daemon [_thread_blocked, id=4226, stack(0x00007f2966bf4000,0x00007f2966cf5000)]
  0x00007f298c07f800 JavaThread "Reference Handler" daemon [_thread_blocked, id=4225, stack(0x00007f2966cf5000,0x00007f2966df6000)]
  0x00007f298c00a000 JavaThread "main" [_thread_blocked, id=4219, stack(0x00007f2993800000,0x00007f2993901000)]

Other Threads:
  0x00007f298c077800 VMThread [stack: 0x00007f2966df6000,0x00007f2966ef7000] [id=4224]
  0x00007f298c0cb000 WatcherThread [stack: 0x00007f2966453000,0x00007f2966554000] [id=4232]

VM state:not at safepoint (normal execution)

VM Mutex/Monitor currently owned by a thread: None

Heap:
 PSYoungGen      total 36864K, used 12133K [0x00000000d7100000, 0x00000000d9a00000, 0x0000000100000000)
  eden space 31744K, 23% used [0x00000000d7100000,0x00000000d78414e8,0x00000000d9000000)
  from space 5120K, 91% used [0x00000000d9000000,0x00000000d9498040,0x00000000d9500000)
  to   space 5120K, 0% used [0x00000000d9500000,0x00000000d9500000,0x00000000d9a00000)
 ParOldGen       total 84992K, used 4119K [0x0000000085200000, 0x000000008a500000, 0x00000000d7100000)
  object space 84992K, 4% used [0x0000000085200000,0x0000000085605c60,0x000000008a500000)
 Metaspace       used 16170K, capacity 16848K, committed 16896K, reserved 1062912K
  class space    used 2342K, capacity 2527K, committed 2560K, reserved 1048576K

Card table byte_map: [0x00007f2990203000,0x00007f29905db000] byte_map_base: 0x00007f298fdda000

Marking Bits: (ParMarkBitMap*) 0x00007f2992cfd220
 Begin Bits: [0x00007f2974290000, 0x00007f2976148000)
 End Bits:   [0x00007f2976148000, 0x00007f2978000000)

Polling page: 0x00007f299391f000

CodeCache: size=245760Kb used=4682Kb max_used=4682Kb free=241077Kb
 bounds [0x00007f297d000000, 0x00007f297d4a0000, 0x00007f298c000000]
 total_blobs=2171 nmethods=1536 adapters=548
 compilation: enabled

Compilation events (10 events):
Event: 4,201 Thread 0x00007f298c0bd000 1534   !   3       sun.reflect.GeneratedMethodAccessor2::invoke (130 bytes)
Event: 4,202 Thread 0x00007f298c0bd000 nmethod 1534 0x00007f297d4920d0 code [0x00007f297d492340, 0x00007f297d4935c8]
Event: 4,202 Thread 0x00007f298c0bd000 1530       3       com.sun.javafx.text.ScriptMapper::isComplexCharCode (167 bytes)
Event: 4,203 Thread 0x00007f298c0bd000 nmethod 1530 0x00007f297d493d50 code [0x00007f297d493f00, 0x00007f297d4945b0]
Event: 4,203 Thread 0x00007f298c0bd000 1531       3       com.sun.javafx.font.LogicalFont::getAdvance (29 bytes)
Event: 4,203 Thread 0x00007f298c0bd000 nmethod 1531 0x00007f297d494650 code [0x00007f297d4947c0, 0x00007f297d494a38]
Event: 4,203 Thread 0x00007f298c0bd000 1532       1       javafx.scene.text.Font::impl_getNativeFont (5 bytes)
Event: 4,203 Thread 0x00007f298c0bd000 nmethod 1532 0x00007f297d488fd0 code [0x00007f297d489120, 0x00007f297d489230]
Event: 4,203 Thread 0x00007f298c0bd000 1536       1       com.sun.javafx.font.PrismFontFile::getDefaultAAMode (2 bytes)
Event: 4,203 Thread 0x00007f298c0bd000 nmethod 1536 0x00007f297d494b50 code [0x00007f297d494ca0, 0x00007f297d494db0]

GC Heap History (2 events):
Event: 1,022 GC heap before
{Heap before GC invocations=1 (full 0):
 PSYoungGen      total 36864K, used 31744K [0x00000000d7100000, 0x00000000d9a00000, 0x0000000100000000)
  eden space 31744K, 100% used [0x00000000d7100000,0x00000000d9000000,0x00000000d9000000)
  from space 5120K, 0% used [0x00000000d9500000,0x00000000d9500000,0x00000000d9a00000)
  to   space 5120K, 0% used [0x00000000d9000000,0x00000000d9000000,0x00000000d9500000)
 ParOldGen       total 84992K, used 0K [0x0000000085200000, 0x000000008a500000, 0x00000000d7100000)
  object space 84992K, 0% used [0x0000000085200000,0x0000000085200000,0x000000008a500000)
 Metaspace       used 14303K, capacity 14792K, committed 14976K, reserved 1062912K
  class space    used 2009K, capacity 2140K, committed 2176K, reserved 1048576K
Event: 1,030 GC heap after
Heap after GC invocations=1 (full 0):
 PSYoungGen      total 36864K, used 4704K [0x00000000d7100000, 0x00000000d9a00000, 0x0000000100000000)
  eden space 31744K, 0% used [0x00000000d7100000,0x00000000d7100000,0x00000000d9000000)
  from space 5120K, 91% used [0x00000000d9000000,0x00000000d9498040,0x00000000d9500000)
  to   space 5120K, 0% used [0x00000000d9500000,0x00000000d9500000,0x00000000d9a00000)
 ParOldGen       total 84992K, used 4119K [0x0000000085200000, 0x000000008a500000, 0x00000000d7100000)
  object space 84992K, 4% used [0x0000000085200000,0x0000000085605c60,0x000000008a500000)
 Metaspace       used 14303K, capacity 14792K, committed 14976K, reserved 1062912K
  class space    used 2009K, capacity 2140K, committed 2176K, reserved 1048576K
}

Deoptimization events (10 events):
Event: 0,865 Thread 0x00007f298c22c800 Uncommon trap: reason=class_check action=maybe_recompile pc=0x00007f297d25dc74 method=java.io.DataInputStream.readShort()S @ 4
Event: 0,865 Thread 0x00007f298c22c800 Uncommon trap: reason=class_check action=maybe_recompile pc=0x00007f297d25dc74 method=java.io.DataInputStream.readShort()S @ 4
Event: 0,865 Thread 0x00007f298c22c800 Uncommon trap: reason=class_check action=maybe_recompile pc=0x00007f297d25dc74 method=java.io.DataInputStream.readShort()S @ 4
Event: 0,869 Thread 0x00007f298c22c800 Uncommon trap: reason=class_check action=maybe_recompile pc=0x00007f297d116078 method=java.lang.String.equals(Ljava/lang/Object;)Z @ 8
Event: 0,869 Thread 0x00007f298c22c800 Uncommon trap: reason=class_check action=maybe_recompile pc=0x00007f297d116078 method=java.lang.String.equals(Ljava/lang/Object;)Z @ 8
Event: 0,869 Thread 0x00007f298c22c800 Uncommon trap: reason=class_check action=maybe_recompile pc=0x00007f297d116078 method=java.lang.String.equals(Ljava/lang/Object;)Z @ 8
Event: 0,871 Thread 0x00007f298c22c800 Uncommon trap: reason=class_check action=maybe_recompile pc=0x00007f297d116078 method=java.lang.String.equals(Ljava/lang/Object;)Z @ 8
Event: 1,289 Thread 0x00007f298c22c800 Uncommon trap: reason=unstable_if action=reinterpret pc=0x00007f297d319c7c method=jdk.internal.org.objectweb.asm.Type.getArgumentsAndReturnSizes(Ljava/lang/String;)I @ 47
Event: 2,618 Thread 0x00007f298c1e0800 Uncommon trap: reason=unstable_if action=reinterpret pc=0x00007f297d3f5ae0 method=java.lang.StrictMath.floorOrCeil(DDDD)D @ 115
Event: 2,986 Thread 0x00007f298c22c800 Uncommon trap: reason=unstable_if action=reinterpret pc=0x00007f297d234e60 method=java.lang.CharacterData.of(I)Ljava/lang/CharacterData; @ 4

Internal exceptions (10 events):
Event: 0,187 Thread 0x00007f298c00a000 Exception <a 'java/lang/NullPointerException'> (0x00000000d73a60c8) thrown at [/HUDSON3/workspace/8-2-build-linux-amd64/jdk8u111/7883/hotspot/src/share/vm/interpreter/linkResolver.cpp, line 1178]
Event: 0,462 Thread 0x00007f298c22c800 Exception <a 'java/lang/NullPointerException'> (0x00000000d7ca58a8) thrown at [/HUDSON3/workspace/8-2-build-linux-amd64/jdk8u111/7883/hotspot/src/share/vm/interpreter/linkResolver.cpp, line 1178]
Event: 0,462 Thread 0x00007f298c22c800 Exception <a 'java/lang/NullPointerException'> (0x00000000d7ca58a8) thrown at [/HUDSON3/workspace/8-2-build-linux-amd64/jdk8u111/7883/hotspot/src/share/vm/prims/jvm.cpp, line 1390]
Event: 0,566 Thread 0x00007f298c22c800 Exception <a 'java/lang/ArrayIndexOutOfBoundsException'> (0x00000000d80ef4f0) thrown at [/HUDSON3/workspace/8-2-build-linux-amd64/jdk8u111/7883/hotspot/src/share/vm/runtime/sharedRuntime.cpp, line 605]
Event: 0,566 Thread 0x00007f298c22c800 Exception <a 'java/lang/ArrayIndexOutOfBoundsException'> (0x00000000d80f01f0) thrown at [/HUDSON3/workspace/8-2-build-linux-amd64/jdk8u111/7883/hotspot/src/share/vm/runtime/sharedRuntime.cpp, line 605]
Event: 0,566 Thread 0x00007f298c22c800 Exception <a 'java/lang/ArrayIndexOutOfBoundsException'> (0x00000000d80f1598) thrown at [/HUDSON3/workspace/8-2-build-linux-amd64/jdk8u111/7883/hotspot/src/share/vm/runtime/sharedRuntime.cpp, line 605]
Event: 0,764 Thread 0x00007f298c22c800 Implicit null exception at 0x00007f297d265a35 to 0x00007f297d265c11
Event: 0,956 Thread 0x00007f298c22c800 Exception <a 'java/lang/ClassCastException': javafx.scene.paint.Color cannot be cast to java.lang.String> (0x00000000d8decee0) thrown at [/HUDSON3/workspace/8-2-build-linux-amd64/jdk8u111/7883/hotspot/src/share/vm/interpreter/interpreterRuntime.cpp, line 
Event: 1,064 Thread 0x00007f298c22c800 Exception <a 'java/lang/ClassCastException': javafx.scene.paint.Color cannot be cast to java.lang.String> (0x00000000d7286030) thrown at [/HUDSON3/workspace/8-2-build-linux-amd64/jdk8u111/7883/hotspot/src/share/vm/interpreter/interpreterRuntime.cpp, line 
Event: 1,299 Thread 0x00007f298c22c800 Exception <a 'java/lang/ClassCastException': javafx.scene.paint.Color cannot be cast to java.lang.String> (0x00000000d76451b0) thrown at [/HUDSON3/workspace/8-2-build-linux-amd64/jdk8u111/7883/hotspot/src/share/vm/interpreter/interpreterRuntime.cpp, line 

Events (10 events):
Event: 4,180 loading class javafx/event/EventHandler
Event: 4,180 loading class javafx/event/EventHandler done
Event: 4,180 loading class javafx/scene/input/KeyEvent
Event: 4,180 loading class javafx/scene/input/KeyEvent done
Event: 4,180 loading class javafx/event/EventHandler
Event: 4,180 loading class javafx/event/EventHandler done
Event: 4,201 loading class com/sun/javafx/scene/text/HitInfo
Event: 4,201 loading class com/sun/javafx/scene/text/HitInfo done
Event: 4,204 loading class com/sun/javafx/scene/KeyboardShortcutsHandler$1
Event: 4,204 loading class com/sun/javafx/scene/KeyboardShortcutsHandler$1 done


Dynamic libraries:
00400000-00401000 r-xp 00000000 08:02 5250876                            /usr/local/jdk1.8.0_111/bin/java
00600000-00601000 rw-p 00000000 08:02 5250876                            /usr/local/jdk1.8.0_111/bin/java
00f8e000-00faf000 rw-p 00000000 00:00 0                                  [heap]
85200000-8a500000 rw-p 00000000 00:00 0 
8a500000-d7100000 ---p 00000000 00:00 0 
d7100000-d9a00000 rw-p 00000000 00:00 0 
d9a00000-100000000 ---p 00000000 00:00 0 
100000000-100280000 rw-p 00000000 00:00 0 
100280000-140000000 ---p 00000000 00:00 0 
7f291c000000-7f291c021000 rw-p 00000000 00:00 0 
7f291c021000-7f2920000000 ---p 00000000 00:00 0 
7f2924000000-7f2924654000 rw-p 00000000 00:00 0 
7f2924654000-7f2928000000 ---p 00000000 00:00 0 
7f2928000000-7f2928021000 rw-p 00000000 00:00 0 
7f2928021000-7f292c000000 ---p 00000000 00:00 0 
7f292c000000-7f292c021000 rw-p 00000000 00:00 0 
7f292c021000-7f2930000000 ---p 00000000 00:00 0 
7f2931739000-7f2931741000 rw-s 00000000 00:05 72116                      /drm mm object (deleted)
7f2931741000-7f2931e41000 rw-s 00000000 00:05 70013                      /drm mm object (deleted)
7f2931e41000-7f2932001000 rw-s 00000000 00:05 70010                      /drm mm object (deleted)
7f2932001000-7f2932009000 rw-s 00000000 00:05 70009                      /drm mm object (deleted)
7f2932009000-7f29321c9000 rw-s 10d241000 00:06 12461                     /dev/dri/card0
7f29321c9000-7f2932229000 rw-s 00000000 00:05 70008                      /drm mm object (deleted)
7f2932229000-7f2932237000 rw-s 00000000 00:05 70007                      /drm mm object (deleted)
7f2932237000-7f2932247000 rw-s 00000000 00:05 70005                      /drm mm object (deleted)
7f2932247000-7f2932253000 rw-s 00000000 00:05 69997                      /drm mm object (deleted)
7f2932253000-7f2932266000 r--s 00345000 08:02 5124010                    /usr/local/jdk1.8.0_111/jre/lib/resources.jar
7f2932266000-7f2932466000 rw-p 00000000 00:00 0 
7f2932466000-7f2932469000 ---p 00000000 00:00 0 
7f2932469000-7f2932567000 rw-p 00000000 00:00 0 
7f2932567000-7f29325b2000 r--p 00000000 08:02 5900869                    /usr/share/fonts/truetype/noto/NotoSans-Regular.ttf
7f29325b2000-7f29325ee000 r--p 00000000 08:02 5250472                    /usr/local/jdk1.8.0_111/jre/lib/fonts/LucidaTypewriterRegular.ttf
7f29325ee000-7f2932699000 r--p 00000000 08:02 5250525                    /usr/local/jdk1.8.0_111/jre/lib/fonts/LucidaSansRegular.ttf
7f2932699000-7f29326e7000 r--p 00000000 08:02 5250510                    /usr/local/jdk1.8.0_111/jre/lib/fonts/LucidaSansDemiBold.ttf
7f29326e7000-7f2932721000 r--p 00000000 08:02 5250485                    /usr/local/jdk1.8.0_111/jre/lib/fonts/LucidaTypewriterBold.ttf
7f2932721000-7f2932725000 r-xp 00000000 08:02 5250491                    /usr/local/jdk1.8.0_111/jre/lib/amd64/libjavafx_font_pango.so
7f2932725000-7f2932924000 ---p 00004000 08:02 5250491                    /usr/local/jdk1.8.0_111/jre/lib/amd64/libjavafx_font_pango.so
7f2932924000-7f2932925000 rw-p 00003000 08:02 5250491                    /usr/local/jdk1.8.0_111/jre/lib/amd64/libjavafx_font_pango.so
7f2932925000-7f2932955000 r-xp 00000000 08:02 5247319                    /usr/lib/x86_64-linux-gnu/gtk-2.0/2.10.0/engines/libmurrine.so
7f2932955000-7f2932b55000 ---p 00030000 08:02 5247319                    /usr/lib/x86_64-linux-gnu/gtk-2.0/2.10.0/engines/libmurrine.so
7f2932b55000-7f2932b56000 r--p 00030000 08:02 5247319                    /usr/lib/x86_64-linux-gnu/gtk-2.0/2.10.0/engines/libmurrine.so
7f2932b56000-7f2932b57000 rw-p 00031000 08:02 5247319                    /usr/lib/x86_64-linux-gnu/gtk-2.0/2.10.0/engines/libmurrine.so
7f2932b57000-7f2932b59000 r-xp 00000000 08:02 5247312                    /usr/lib/x86_64-linux-gnu/gtk-2.0/2.10.0/engines/libadwaita.so
7f2932b59000-7f2932d59000 ---p 00002000 08:02 5247312                    /usr/lib/x86_64-linux-gnu/gtk-2.0/2.10.0/engines/libadwaita.so
7f2932d59000-7f2932d5a000 r--p 00002000 08:02 5247312                    /usr/lib/x86_64-linux-gnu/gtk-2.0/2.10.0/engines/libadwaita.so
7f2932d5a000-7f2932d5b000 rw-p 00003000 08:02 5247312                    /usr/lib/x86_64-linux-gnu/gtk-2.0/2.10.0/engines/libadwaita.so
7f2932d5b000-7f2932d65000 r-xp 00000000 08:02 5247320                    /usr/lib/x86_64-linux-gnu/gtk-2.0/2.10.0/engines/libpixmap.so
7f2932d65000-7f2932f64000 ---p 0000a000 08:02 5247320                    /usr/lib/x86_64-linux-gnu/gtk-2.0/2.10.0/engines/libpixmap.so
7f2932f64000-7f2932f65000 r--p 00009000 08:02 5247320                    /usr/lib/x86_64-linux-gnu/gtk-2.0/2.10.0/engines/libpixmap.so
7f2932f65000-7f2932f66000 rw-p 0000a000 08:02 5247320                    /usr/lib/x86_64-linux-gnu/gtk-2.0/2.10.0/engines/libpixmap.so
7f2932f66000-7f2933166000 rw-p 00000000 00:00 0 
7f2933166000-7f293316b000 r-xp 00000000 08:02 5250475                    /usr/local/jdk1.8.0_111/jre/lib/amd64/libjavafx_font_freetype.so
7f293316b000-7f293336a000 ---p 00005000 08:02 5250475                    /usr/local/jdk1.8.0_111/jre/lib/amd64/libjavafx_font_freetype.so
7f293336a000-7f293336b000 rw-p 00004000 08:02 5250475                    /usr/local/jdk1.8.0_111/jre/lib/amd64/libjavafx_font_freetype.so
7f293336b000-7f293336e000 r-xp 00000000 08:02 5250574                    /usr/local/jdk1.8.0_111/jre/lib/amd64/libjavafx_font.so
7f293336e000-7f293356d000 ---p 00003000 08:02 5250574                    /usr/local/jdk1.8.0_111/jre/lib/amd64/libjavafx_font.so
7f293356d000-7f293356e000 rw-p 00002000 08:02 5250574                    /usr/local/jdk1.8.0_111/jre/lib/amd64/libjavafx_font.so
7f293356e000-7f293376e000 rw-p 00000000 00:00 0 
7f293376e000-7f2933771000 ---p 00000000 00:00 0 
7f2933771000-7f293386f000 rw-p 00000000 00:00 0 
7f293386f000-7f2933872000 ---p 00000000 00:00 0 
7f2933872000-7f2933970000 rw-p 00000000 00:00 0 
7f2933970000-7f2933999000 r-xp 00000000 08:02 5250672                    /usr/local/jdk1.8.0_111/jre/lib/amd64/libglass.so
7f2933999000-7f2933b98000 ---p 00029000 08:02 5250672                    /usr/local/jdk1.8.0_111/jre/lib/amd64/libglass.so
7f2933b98000-7f2933b9b000 rw-p 00028000 08:02 5250672                    /usr/local/jdk1.8.0_111/jre/lib/amd64/libglass.so
7f2933b9b000-7f2933bd2000 r-xp 00000000 08:02 5248937                    /usr/lib/x86_64-linux-gnu/libtxc_dxtn_s2tc.so.0.0.0
7f2933bd2000-7f2933dd1000 ---p 00037000 08:02 5248937                    /usr/lib/x86_64-linux-gnu/libtxc_dxtn_s2tc.so.0.0.0
7f2933dd1000-7f2933dd2000 r--p 00036000 08:02 5248937                    /usr/lib/x86_64-linux-gnu/libtxc_dxtn_s2tc.so.0.0.0
7f2933dd2000-7f2933dd3000 rw-p 00037000 08:02 5248937                    /usr/lib/x86_64-linux-gnu/libtxc_dxtn_s2tc.so.0.0.0
7f2933dd3000-7f2933ddb000 r-xp 00000000 08:02 5248670                    /usr/lib/x86_64-linux-gnu/libpciaccess.so.0.11.1
7f2933ddb000-7f2933fdb000 ---p 00008000 08:02 5248670                    /usr/lib/x86_64-linux-gnu/libpciaccess.so.0.11.1
7f2933fdb000-7f2933fdc000 r--p 00008000 08:02 5248670                    /usr/lib/x86_64-linux-gnu/libpciaccess.so.0.11.1
7f2933fdc000-7f2933fdd000 rw-p 00009000 08:02 5248670                    /usr/lib/x86_64-linux-gnu/libpciaccess.so.0.11.1
7f2933fdd000-7f2933ff1000 r-xp 00000000 08:02 21236321                   /lib/x86_64-linux-gnu/libgpg-error.so.0.22.0
7f2933ff1000-7f29341f0000 ---p 00014000 08:02 21236321                   /lib/x86_64-linux-gnu/libgpg-error.so.0.22.0
7f29341f0000-7f29341f1000 r--p 00013000 08:02 21236321                   /lib/x86_64-linux-gnu/libgpg-error.so.0.22.0
7f29341f1000-7f29341f2000 rw-p 00014000 08:02 21236321                   /lib/x86_64-linux-gnu/libgpg-error.so.0.22.0
7f29341f2000-7f29341fd000 r-xp 00000000 08:02 5247858                    /usr/lib/x86_64-linux-gnu/libdrm_radeon.so.1.0.1
7f29341fd000-7f29343fc000 ---p 0000b000 08:02 5247858                    /usr/lib/x86_64-linux-gnu/libdrm_radeon.so.1.0.1
7f29343fc000-7f29343fd000 r--p 0000a000 08:02 5247858                    /usr/lib/x86_64-linux-gnu/libdrm_radeon.so.1.0.1
7f29343fd000-7f29343fe000 rw-p 0000b000 08:02 5247858                    /usr/lib/x86_64-linux-gnu/libdrm_radeon.so.1.0.1
7f29343fe000-7f2934405000 r-xp 00000000 08:02 5247856                    /usr/lib/x86_64-linux-gnu/libdrm_nouveau.so.2.0.0
7f2934405000-7f2934604000 ---p 00007000 08:02 5247856                    /usr/lib/x86_64-linux-gnu/libdrm_nouveau.so.2.0.0
7f2934604000-7f2934605000 r--p 00006000 08:02 5247856                    /usr/lib/x86_64-linux-gnu/libdrm_nouveau.so.2.0.0
7f2934605000-7f2934606000 rw-p 00007000 08:02 5247856                    /usr/lib/x86_64-linux-gnu/libdrm_nouveau.so.2.0.0
7f2934606000-7f2934628000 r-xp 00000000 08:02 5247854                    /usr/lib/x86_64-linux-gnu/libdrm_intel.so.1.0.0
7f2934628000-7f2934828000 ---p 00022000 08:02 5247854                    /usr/lib/x86_64-linux-gnu/libdrm_intel.so.1.0.0
7f2934828000-7f2934829000 r--p 00022000 08:02 5247854                    /usr/lib/x86_64-linux-gnu/libdrm_intel.so.1.0.0
7f2934829000-7f293482a000 rw-p 00023000 08:02 5247854                    /usr/lib/x86_64-linux-gnu/libdrm_intel.so.1.0.0
7f293482a000-7f2934931000 r-xp 00000000 08:02 21236317                   /lib/x86_64-linux-gnu/libgcrypt.so.20.1.8
7f2934931000-7f2934b30000 ---p 00107000 08:02 21236317                   /lib/x86_64-linux-gnu/libgcrypt.so.20.1.8
7f2934b30000-7f2934b32000 r--p 00106000 08:02 21236317                   /lib/x86_64-linux-gnu/libgcrypt.so.20.1.8
7f2934b32000-7f2934b39000 rw-p 00108000 08:02 21236317                   /lib/x86_64-linux-gnu/libgcrypt.so.20.1.8
7f2934b39000-7f29351e0000 r-xp 00000000 08:02 5246292                    /usr/lib/x86_64-linux-gnu/dri/i965_dri.so
7f29351e0000-7f29353df000 ---p 006a7000 08:02 5246292                    /usr/lib/x86_64-linux-gnu/dri/i965_dri.so
7f29353df000-7f2935421000 r--p 006a6000 08:02 5246292                    /usr/lib/x86_64-linux-gnu/dri/i965_dri.so
7f2935421000-7f2935429000 rw-p 006e8000 08:02 5246292                    /usr/lib/x86_64-linux-gnu/dri/i965_dri.so
7f2935429000-7f2935431000 rw-p 00000000 00:00 0 
7f2935431000-7f2935444000 r-xp 00000000 08:02 21236274                   /lib/x86_64-linux-gnu/libbsd.so.0.8.6
7f2935444000-7f2935643000 ---p 00013000 08:02 21236274                   /lib/x86_64-linux-gnu/libbsd.so.0.8.6
7f2935643000-7f2935644000 r--p 00012000 08:02 21236274                   /lib/x86_64-linux-gnu/libbsd.so.0.8.6
7f2935644000-7f2935645000 rw-p 00013000 08:02 21236274                   /lib/x86_64-linux-gnu/libbsd.so.0.8.6
7f2935645000-7f2935646000 rw-p 00000000 00:00 0 
7f2935646000-7f293564a000 r-xp 00000000 08:02 21236450                   /lib/x86_64-linux-gnu/libuuid.so.1.3.0
7f293564a000-7f2935849000 ---p 00004000 08:02 21236450                   /lib/x86_64-linux-gnu/libuuid.so.1.3.0
7f2935849000-7f293584a000 r--p 00003000 08:02 21236450                   /lib/x86_64-linux-gnu/libuuid.so.1.3.0
7f293584a000-7f293584b000 rw-p 00004000 08:02 21236450                   /lib/x86_64-linux-gnu/libuuid.so.1.3.0
7f293584b000-7f2935852000 r-xp 00000000 08:02 5247795                    /usr/lib/x86_64-linux-gnu/libdatrie.so.1.3.3
7f2935852000-7f2935a51000 ---p 00007000 08:02 5247795                    /usr/lib/x86_64-linux-gnu/libdatrie.so.1.3.3
7f2935a51000-7f2935a52000 r--p 00006000 08:02 5247795                    /usr/lib/x86_64-linux-gnu/libdatrie.so.1.3.3
7f2935a52000-7f2935a53000 rw-p 00007000 08:02 5247795                    /usr/lib/x86_64-linux-gnu/libdatrie.so.1.3.3
7f2935a53000-7f2935a58000 r-xp 00000000 08:02 5247576                    /usr/lib/x86_64-linux-gnu/libXdmcp.so.6.0.0
7f2935a58000-7f2935c57000 ---p 00005000 08:02 5247576                    /usr/lib/x86_64-linux-gnu/libXdmcp.so.6.0.0
7f2935c57000-7f2935c58000 r--p 00004000 08:02 5247576                    /usr/lib/x86_64-linux-gnu/libXdmcp.so.6.0.0
7f2935c58000-7f2935c59000 rw-p 00005000 08:02 5247576                    /usr/lib/x86_64-linux-gnu/libXdmcp.so.6.0.0
7f2935c59000-7f2935c5c000 r-xp 00000000 08:02 5247565                    /usr/lib/x86_64-linux-gnu/libXau.so.6.0.0
7f2935c5c000-7f2935e5b000 ---p 00003000 08:02 5247565                    /usr/lib/x86_64-linux-gnu/libXau.so.6.0.0
7f2935e5b000-7f2935e5c000 r--p 00002000 08:02 5247565                    /usr/lib/x86_64-linux-gnu/libXau.so.6.0.0
7f2935e5c000-7f2935e5d000 rw-p 00003000 08:02 5247565                    /usr/lib/x86_64-linux-gnu/libXau.so.6.0.0
7f2935e5d000-7f2935e88000 r-xp 00000000 08:02 5248202                    /usr/lib/x86_64-linux-gnu/libgraphite2.so.3.0.1
7f2935e88000-7f2936087000 ---p 0002b000 08:02 5248202                    /usr/lib/x86_64-linux-gnu/libgraphite2.so.3.0.1
7f2936087000-7f2936089000 r--p 0002a000 08:02 5248202                    /usr/lib/x86_64-linux-gnu/libgraphite2.so.3.0.1
7f2936089000-7f293608a000 rw-p 0002c000 08:02 5248202                    /usr/lib/x86_64-linux-gnu/libgraphite2.so.3.0.1
7f293608a000-7f29360cb000 r-xp 00000000 08:02 21236272                   /lib/x86_64-linux-gnu/libblkid.so.1.1.0
7f29360cb000-7f29362ca000 ---p 00041000 08:02 21236272                   /lib/x86_64-linux-gnu/libblkid.so.1.1.0
7f29362ca000-7f29362ce000 r--p 00040000 08:02 21236272                   /lib/x86_64-linux-gnu/libblkid.so.1.1.0
7f29362ce000-7f29362cf000 rw-p 00044000 08:02 21236272                   /lib/x86_64-linux-gnu/libblkid.so.1.1.0
7f29362cf000-7f29362d0000 rw-p 00000000 00:00 0 
7f29362d0000-7f29362e0000 r-xp 00000000 08:02 5247850                    /usr/lib/x86_64-linux-gnu/libdrm.so.2.4.0
7f29362e0000-7f29364df000 ---p 00010000 08:02 5247850                    /usr/lib/x86_64-linux-gnu/libdrm.so.2.4.0
7f29364df000-7f29364e0000 r--p 0000f000 08:02 5247850                    /usr/lib/x86_64-linux-gnu/libdrm.so.2.4.0
7f29364e0000-7f29364e1000 rw-p 00010000 08:02 5247850                    /usr/lib/x86_64-linux-gnu/libdrm.so.2.4.0
7f29364e1000-7f29364e5000 r-xp 00000000 08:02 5249066                    /usr/lib/x86_64-linux-gnu/libxcb-dri2.so.0.0.0
7f29364e5000-7f29366e4000 ---p 00004000 08:02 5249066                    /usr/lib/x86_64-linux-gnu/libxcb-dri2.so.0.0.0
7f29366e4000-7f29366e5000 r--p 00003000 08:02 5249066                    /usr/lib/x86_64-linux-gnu/libxcb-dri2.so.0.0.0
7f29366e5000-7f29366e6000 rw-p 00004000 08:02 5249066                    /usr/lib/x86_64-linux-gnu/libxcb-dri2.so.0.0.0
7f29366e6000-7f29366fe000 r-xp 00000000 08:02 5249072                    /usr/lib/x86_64-linux-gnu/libxcb-glx.so.0.0.0
7f29366fe000-7f29368fe000 ---p 00018000 08:02 5249072                    /usr/lib/x86_64-linux-gnu/libxcb-glx.so.0.0.0
7f29368fe000-7f2936900000 r--p 00018000 08:02 5249072                    /usr/lib/x86_64-linux-gnu/libxcb-glx.so.0.0.0
7f2936900000-7f2936901000 rw-p 0001a000 08:02 5249072                    /usr/lib/x86_64-linux-gnu/libxcb-glx.so.0.0.0
7f2936901000-7f2936902000 r-xp 00000000 08:02 5247559                    /usr/lib/x86_64-linux-gnu/libX11-xcb.so.1.0.0
7f2936902000-7f2936b01000 ---p 00001000 08:02 5247559                    /usr/lib/x86_64-linux-gnu/libX11-xcb.so.1.0.0
7f2936b01000-7f2936b02000 r--p 00000000 08:02 5247559                    /usr/lib/x86_64-linux-gnu/libX11-xcb.so.1.0.0
7f2936b02000-7f2936b03000 rw-p 00001000 08:02 5247559                    /usr/lib/x86_64-linux-gnu/libX11-xcb.so.1.0.0
7f2936b03000-7f2936b2d000 r-xp 00000000 08:02 5248053                    /usr/lib/x86_64-linux-gnu/libglapi.so.0.0.0
7f2936b2d000-7f2936d2c000 ---p 0002a000 08:02 5248053                    /usr/lib/x86_64-linux-gnu/libglapi.so.0.0.0
7f2936d2c000-7f2936d30000 r--p 00029000 08:02 5248053                    /usr/lib/x86_64-linux-gnu/libglapi.so.0.0.0
7f2936d30000-7f2936d31000 rw-p 0002d000 08:02 5248053                    /usr/lib/x86_64-linux-gnu/libglapi.so.0.0.0
7f2936d31000-7f2936d32000 rw-p 00000000 00:00 0 
7f2936d32000-7f2936d33000 r-xp 00000000 08:02 5249120                    /usr/lib/x86_64-linux-gnu/libxshmfence.so.1.0.0
7f2936d33000-7f2936f32000 ---p 00001000 08:02 5249120                    /usr/lib/x86_64-linux-gnu/libxshmfence.so.1.0.0
7f2936f32000-7f2936f33000 r--p 00000000 08:02 5249120                    /usr/lib/x86_64-linux-gnu/libxshmfence.so.1.0.0
7f2936f33000-7f2936f34000 rw-p 00001000 08:02 5249120                    /usr/lib/x86_64-linux-gnu/libxshmfence.so.1.0.0
7f2936f34000-7f2936f3a000 r-xp 00000000 08:02 5249092                    /usr/lib/x86_64-linux-gnu/libxcb-sync.so.1.0.0
7f2936f3a000-7f2937139000 ---p 00006000 08:02 5249092                    /usr/lib/x86_64-linux-gnu/libxcb-sync.so.1.0.0
7f2937139000-7f293713a000 r--p 00005000 08:02 5249092                    /usr/lib/x86_64-linux-gnu/libxcb-sync.so.1.0.0
7f293713a000-7f293713b000 rw-p 00006000 08:02 5249092                    /usr/lib/x86_64-linux-gnu/libxcb-sync.so.1.0.0
7f293713b000-7f293713d000 r-xp 00000000 08:02 5249080                    /usr/lib/x86_64-linux-gnu/libxcb-present.so.0.0.0
7f293713d000-7f293733c000 ---p 00002000 08:02 5249080                    /usr/lib/x86_64-linux-gnu/libxcb-present.so.0.0.0
7f293733c000-7f293733d000 r--p 00001000 08:02 5249080                    /usr/lib/x86_64-linux-gnu/libxcb-present.so.0.0.0
7f293733d000-7f293733e000 rw-p 00002000 08:02 5249080                    /usr/lib/x86_64-linux-gnu/libxcb-present.so.0.0.0
7f293733e000-7f2937340000 r-xp 00000000 08:02 5249068                    /usr/lib/x86_64-linux-gnu/libxcb-dri3.so.0.0.0
7f2937340000-7f293753f000 ---p 00002000 08:02 5249068                    /usr/lib/x86_64-linux-gnu/libxcb-dri3.so.0.0.0
7f293753f000-7f2937540000 r--p 00001000 08:02 5249068                    /usr/lib/x86_64-linux-gnu/libxcb-dri3.so.0.0.0
7f2937540000-7f2937541000 rw-p 00002000 08:02 5249068                    /usr/lib/x86_64-linux-gnu/libxcb-dri3.so.0.0.0
7f2937541000-7f29375b3000 r-xp 00000000 08:02 21236394                   /lib/x86_64-linux-gnu/libpcre.so.3.13.3
7f29375b3000-7f29377b2000 ---p 00072000 08:02 21236394                   /lib/x86_64-linux-gnu/libpcre.so.3.13.3
7f29377b2000-7f29377b3000 r--p 00071000 08:02 21236394                   /lib/x86_64-linux-gnu/libpcre.so.3.13.3
7f29377b3000-7f29377b4000 rw-p 00072000 08:02 21236394                   /lib/x86_64-linux-gnu/libpcre.so.3.13.3
7f29377b4000-7f29377bb000 r-xp 00000000 08:02 5247922                    /usr/lib/x86_64-linux-gnu/libffi.so.6.0.4
7f29377bb000-7f29379bb000 ---p 00007000 08:02 5247922                    /usr/lib/x86_64-linux-gnu/libffi.so.6.0.4
7f29379bb000-7f29379bc000 r--p 00007000 08:02 5247922                    /usr/lib/x86_64-linux-gnu/libffi.so.6.0.4
7f29379bc000-7f29379bd000 rw-p 00008000 08:02 5247922                    /usr/lib/x86_64-linux-gnu/libffi.so.6.0.4
7f29379bd000-7f29379e5000 r-xp 00000000 08:02 21236308                   /lib/x86_64-linux-gnu/libexpat.so.1.6.4
7f29379e5000-7f2937be5000 ---p 00028000 08:02 21236308                   /lib/x86_64-linux-gnu/libexpat.so.1.6.4
7f2937be5000-7f2937be7000 r--p 00028000 08:02 21236308                   /lib/x86_64-linux-gnu/libexpat.so.1.6.4
7f2937be7000-7f2937be8000 rw-p 0002a000 08:02 21236308                   /lib/x86_64-linux-gnu/libexpat.so.1.6.4
7f2937be8000-7f2937bf0000 r-xp 00000000 08:02 5248914                    /usr/lib/x86_64-linux-gnu/libthai.so.0.3.0
7f2937bf0000-7f2937df0000 ---p 00008000 08:02 5248914                    /usr/lib/x86_64-linux-gnu/libthai.so.0.3.0
7f2937df0000-7f2937df1000 r--p 00008000 08:02 5248914                    /usr/lib/x86_64-linux-gnu/libthai.so.0.3.0
7f2937df1000-7f2937df2000 rw-p 00009000 08:02 5248914                    /usr/lib/x86_64-linux-gnu/libthai.so.0.3.0
7f2937df2000-7f2937dfe000 r-xp 00000000 08:02 5249086                    /usr/lib/x86_64-linux-gnu/libxcb-render.so.0.0.0
7f2937dfe000-7f2937ffe000 ---p 0000c000 08:02 5249086                    /usr/lib/x86_64-linux-gnu/libxcb-render.so.0.0.0
7f2937ffe000-7f2937fff000 r--p 0000c000 08:02 5249086                    /usr/lib/x86_64-linux-gnu/libxcb-render.so.0.0.0
7f2937fff000-7f2938000000 rw-p 0000d000 08:02 5249086                    /usr/lib/x86_64-linux-gnu/libxcb-render.so.0.0.0
7f2938000000-7f2939edf000 rw-p 00000000 00:00 0 
7f2939edf000-7f293c000000 ---p 00000000 00:00 0 
7f293c005000-7f293c018000 r--p 00000000 08:02 5250486                    /usr/local/jdk1.8.0_111/jre/lib/fonts/LucidaBrightDemiBold.ttf
7f293c018000-7f293c02b000 r--p 00000000 08:02 5250476                    /usr/local/jdk1.8.0_111/jre/lib/fonts/LucidaBrightDemiItalic.ttf
7f293c02b000-7f293c080000 r--p 00000000 08:02 5250492                    /usr/local/jdk1.8.0_111/jre/lib/fonts/LucidaBrightRegular.ttf
7f293c080000-7f293c0a9000 r--p 00000000 08:02 6429737                    /usr/share/locale/pt/LC_MESSAGES/gtk20-properties.mo
7f293c0a9000-7f293c0d0000 r-xp 00000000 08:02 5249102                    /usr/lib/x86_64-linux-gnu/libxcb.so.1.1.0
7f293c0d0000-7f293c2cf000 ---p 00027000 08:02 5249102                    /usr/lib/x86_64-linux-gnu/libxcb.so.1.1.0
7f293c2cf000-7f293c2d0000 r--p 00026000 08:02 5249102                    /usr/lib/x86_64-linux-gnu/libxcb.so.1.1.0
7f293c2d0000-7f293c2d1000 rw-p 00027000 08:02 5249102                    /usr/lib/x86_64-linux-gnu/libxcb.so.1.1.0
7f293c2d1000-7f293c2d3000 r-xp 00000000 08:02 5249090                    /usr/lib/x86_64-linux-gnu/libxcb-shm.so.0.0.0
7f293c2d3000-7f293c4d3000 ---p 00002000 08:02 5249090                    /usr/lib/x86_64-linux-gnu/libxcb-shm.so.0.0.0
7f293c4d3000-7f293c4d4000 r--p 00002000 08:02 5249090                    /usr/lib/x86_64-linux-gnu/libxcb-shm.so.0.0.0
7f293c4d4000-7f293c4d5000 rw-p 00003000 08:02 5249090                    /usr/lib/x86_64-linux-gnu/libxcb-shm.so.0.0.0
7f293c4d5000-7f293c573000 r-xp 00000000 08:02 5248707                    /usr/lib/x86_64-linux-gnu/libpixman-1.so.0.34.0
7f293c573000-7f293c773000 ---p 0009e000 08:02 5248707                    /usr/lib/x86_64-linux-gnu/libpixman-1.so.0.34.0
7f293c773000-7f293c77b000 r--p 0009e000 08:02 5248707                    /usr/lib/x86_64-linux-gnu/libpixman-1.so.0.34.0
7f293c77b000-7f293c77c000 rw-p 000a6000 08:02 5248707                    /usr/lib/x86_64-linux-gnu/libpixman-1.so.0.34.0
7f293c77c000-7f293c7ad000 r-xp 00000000 08:02 5248716                    /usr/lib/x86_64-linux-gnu/libpng16.so.16.30.0
7f293c7ad000-7f293c9ad000 ---p 00031000 08:02 5248716                    /usr/lib/x86_64-linux-gnu/libpng16.so.16.30.0
7f293c9ad000-7f293c9ae000 r--p 00031000 08:02 5248716                    /usr/lib/x86_64-linux-gnu/libpng16.so.16.30.0
7f293c9ae000-7f293c9af000 rw-p 00032000 08:02 5248716                    /usr/lib/x86_64-linux-gnu/libpng16.so.16.30.0
7f293c9af000-7f293ca42000 r-xp 00000000 08:02 5248305                    /usr/lib/x86_64-linux-gnu/libharfbuzz.so.0.10400.2
7f293ca42000-7f293cc41000 ---p 00093000 08:02 5248305                    /usr/lib/x86_64-linux-gnu/libharfbuzz.so.0.10400.2
7f293cc41000-7f293cc43000 r--p 00092000 08:02 5248305                    /usr/lib/x86_64-linux-gnu/libharfbuzz.so.0.10400.2
7f293cc43000-7f293cc44000 rw-p 00094000 08:02 5248305                    /usr/lib/x86_64-linux-gnu/libharfbuzz.so.0.10400.2
7f293cc44000-7f293cc8e000 r-xp 00000000 08:02 21236353                   /lib/x86_64-linux-gnu/libmount.so.1.1.0
7f293cc8e000-7f293ce8e000 ---p 0004a000 08:02 21236353                   /lib/x86_64-linux-gnu/libmount.so.1.1.0
7f293ce8e000-7f293ce8f000 r--p 0004a000 08:02 21236353                   /lib/x86_64-linux-gnu/libmount.so.1.1.0
7f293ce8f000-7f293ce90000 rw-p 0004b000 08:02 21236353                   /lib/x86_64-linux-gnu/libmount.so.1.1.0
7f293ce90000-7f293ce92000 rw-p 00000000 00:00 0 
7f293ce92000-7f293cea6000 r-xp 00000000 08:02 21236421                   /lib/x86_64-linux-gnu/libresolv-2.24.so
7f293cea6000-7f293d0a5000 ---p 00014000 08:02 21236421                   /lib/x86_64-linux-gnu/libresolv-2.24.so
7f293d0a5000-7f293d0a6000 r--p 00013000 08:02 21236421                   /lib/x86_64-linux-gnu/libresolv-2.24.so
7f293d0a6000-7f293d0a7000 rw-p 00014000 08:02 21236421                   /lib/x86_64-linux-gnu/libresolv-2.24.so
7f293d0a7000-7f293d0a9000 rw-p 00000000 00:00 0 
7f293d0a9000-7f293d0ce000 r-xp 00000000 08:02 21236427                   /lib/x86_64-linux-gnu/libselinux.so.1
7f293d0ce000-7f293d2cd000 ---p 00025000 08:02 21236427                   /lib/x86_64-linux-gnu/libselinux.so.1
7f293d2cd000-7f293d2ce000 r--p 00024000 08:02 21236427                   /lib/x86_64-linux-gnu/libselinux.so.1
7f293d2ce000-7f293d2cf000 rw-p 00025000 08:02 21236427                   /lib/x86_64-linux-gnu/libselinux.so.1
7f293d2cf000-7f293d2d1000 rw-p 00000000 00:00 0 
7f293d2d1000-7f293d2ea000 r-xp 00000000 08:02 21236454                   /lib/x86_64-linux-gnu/libz.so.1.2.8
7f293d2ea000-7f293d4e9000 ---p 00019000 08:02 21236454                   /lib/x86_64-linux-gnu/libz.so.1.2.8
7f293d4e9000-7f293d4ea000 r--p 00018000 08:02 21236454                   /lib/x86_64-linux-gnu/libz.so.1.2.8
7f293d4ea000-7f293d4eb000 rw-p 00019000 08:02 21236454                   /lib/x86_64-linux-gnu/libz.so.1.2.8
7f293d4eb000-7f293d4fc000 r-xp 00000000 08:02 5247578                    /usr/lib/x86_64-linux-gnu/libXext.so.6.4.0
7f293d4fc000-7f293d6fb000 ---p 00011000 08:02 5247578                    /usr/lib/x86_64-linux-gnu/libXext.so.6.4.0
7f293d6fb000-7f293d6fc000 r--p 00010000 08:02 5247578                    /usr/lib/x86_64-linux-gnu/libXext.so.6.4.0
7f293d6fc000-7f293d6fd000 rw-p 00011000 08:02 5247578                    /usr/lib/x86_64-linux-gnu/libXext.so.6.4.0
7f293d6fd000-7f293d707000 r-xp 00000000 08:02 5247572                    /usr/lib/x86_64-linux-gnu/libXcursor.so.1.0.2
7f293d707000-7f293d906000 ---p 0000a000 08:02 5247572                    /usr/lib/x86_64-linux-gnu/libXcursor.so.1.0.2
7f293d906000-7f293d907000 r--p 00009000 08:02 5247572                    /usr/lib/x86_64-linux-gnu/libXcursor.so.1.0.2
7f293d907000-7f293d908000 rw-p 0000a000 08:02 5247572                    /usr/lib/x86_64-linux-gnu/libXcursor.so.1.0.2
7f293d908000-7f293d912000 r-xp 00000000 08:02 5247598                    /usr/lib/x86_64-linux-gnu/libXrandr.so.2.2.0
7f293d912000-7f293db11000 ---p 0000a000 08:02 5247598                    /usr/lib/x86_64-linux-gnu/libXrandr.so.2.2.0
7f293db11000-7f293db12000 r--p 00009000 08:02 5247598                    /usr/lib/x86_64-linux-gnu/libXrandr.so.2.2.0
7f293db12000-7f293db13000 rw-p 0000a000 08:02 5247598                    /usr/lib/x86_64-linux-gnu/libXrandr.so.2.2.0
7f293db13000-7f293db22000 r-xp 00000000 08:02 5247588                    /usr/lib/x86_64-linux-gnu/libXi.so.6.1.0
7f293db22000-7f293dd21000 ---p 0000f000 08:02 5247588                    /usr/lib/x86_64-linux-gnu/libXi.so.6.1.0
7f293dd21000-7f293dd22000 r--p 0000e000 08:02 5247588                    /usr/lib/x86_64-linux-gnu/libXi.so.6.1.0
7f293dd22000-7f293dd23000 rw-p 0000f000 08:02 5247588                    /usr/lib/x86_64-linux-gnu/libXi.so.6.1.0
7f293dd23000-7f293dd25000 r-xp 00000000 08:02 5247590                    /usr/lib/x86_64-linux-gnu/libXinerama.so.1.0.0
7f293dd25000-7f293df24000 ---p 00002000 08:02 5247590                    /usr/lib/x86_64-linux-gnu/libXinerama.so.1.0.0
7f293df24000-7f293df25000 r--p 00001000 08:02 5247590                    /usr/lib/x86_64-linux-gnu/libXinerama.so.1.0.0
7f293df25000-7f293df26000 rw-p 00002000 08:02 5247590                    /usr/lib/x86_64-linux-gnu/libXinerama.so.1.0.0
7f293df26000-7f293df2f000 r-xp 00000000 08:02 5247600                    /usr/lib/x86_64-linux-gnu/libXrender.so.1.3.0
7f293df2f000-7f293e12e000 ---p 00009000 08:02 5247600                    /usr/lib/x86_64-linux-gnu/libXrender.so.1.3.0
7f293e12e000-7f293e12f000 r--p 00008000 08:02 5247600                    /usr/lib/x86_64-linux-gnu/libXrender.so.1.3.0
7f293e12f000-7f293e130000 rw-p 00009000 08:02 5247600                    /usr/lib/x86_64-linux-gnu/libXrender.so.1.3.0
7f293e130000-7f293e135000 r-xp 00000000 08:02 5247580                    /usr/lib/x86_64-linux-gnu/libXfixes.so.3.1.0
7f293e135000-7f293e334000 ---p 00005000 08:02 5247580                    /usr/lib/x86_64-linux-gnu/libXfixes.so.3.1.0
7f293e334000-7f293e335000 r--p 00004000 08:02 5247580                    /usr/lib/x86_64-linux-gnu/libXfixes.so.3.1.0
7f293e335000-7f293e336000 rw-p 00005000 08:02 5247580                    /usr/lib/x86_64-linux-gnu/libXfixes.so.3.1.0
7f293e336000-7f293e338000 r-xp 00000000 08:02 5247574                    /usr/lib/x86_64-linux-gnu/libXdamage.so.1.1.0
7f293e338000-7f293e537000 ---p 00002000 08:02 5247574                    /usr/lib/x86_64-linux-gnu/libXdamage.so.1.1.0
7f293e537000-7f293e538000 r--p 00001000 08:02 5247574                    /usr/lib/x86_64-linux-gnu/libXdamage.so.1.1.0
7f293e538000-7f293e539000 rw-p 00002000 08:02 5247574                    /usr/lib/x86_64-linux-gnu/libXdamage.so.1.1.0
7f293e539000-7f293e53b000 r-xp 00000000 08:02 5247570                    /usr/lib/x86_64-linux-gnu/libXcomposite.so.1.0.0
7f293e53b000-7f293e73a000 ---p 00002000 08:02 5247570                    /usr/lib/x86_64-linux-gnu/libXcomposite.so.1.0.0
7f293e73a000-7f293e73b000 r--p 00001000 08:02 5247570                    /usr/lib/x86_64-linux-gnu/libXcomposite.so.1.0.0
7f293e73b000-7f293e73c000 rw-p 00002000 08:02 5247570                    /usr/lib/x86_64-linux-gnu/libXcomposite.so.1.0.0
7f293e73c000-7f293e752000 r-xp 00000000 08:02 21236315                   /lib/x86_64-linux-gnu/libgcc_s.so.1
7f293e752000-7f293e951000 ---p 00016000 08:02 21236315                   /lib/x86_64-linux-gnu/libgcc_s.so.1
7f293e951000-7f293e952000 r--p 00015000 08:02 21236315                   /lib/x86_64-linux-gnu/libgcc_s.so.1
7f293e952000-7f293e953000 rw-p 00016000 08:02 21236315                   /lib/x86_64-linux-gnu/libgcc_s.so.1
7f293e953000-7f293eac5000 r-xp 00000000 08:02 5248885                    /usr/lib/x86_64-linux-gnu/libstdc++.so.6.0.24
7f293eac5000-7f293ecc5000 ---p 00172000 08:02 5248885                    /usr/lib/x86_64-linux-gnu/libstdc++.so.6.0.24
7f293ecc5000-7f293eccf000 r--p 00172000 08:02 5248885                    /usr/lib/x86_64-linux-gnu/libstdc++.so.6.0.24
7f293eccf000-7f293ecd1000 rw-p 0017c000 08:02 5248885                    /usr/lib/x86_64-linux-gnu/libstdc++.so.6.0.24
7f293ecd1000-7f293ecd4000 rw-p 00000000 00:00 0 
7f293ecd4000-7f293ed42000 r-xp 00000000 08:02 5247417                    /usr/lib/x86_64-linux-gnu/libGL.so.1.2.0
7f293ed42000-7f293ef41000 ---p 0006e000 08:02 5247417                    /usr/lib/x86_64-linux-gnu/libGL.so.1.2.0
7f293ef41000-7f293ef44000 r--p 0006d000 08:02 5247417                    /usr/lib/x86_64-linux-gnu/libGL.so.1.2.0
7f293ef44000-7f293ef45000 rw-p 00070000 08:02 5247417                    /usr/lib/x86_64-linux-gnu/libGL.so.1.2.0
7f293ef45000-7f293ef46000 rw-p 00000000 00:00 0 
7f293ef46000-7f293ef4b000 r-xp 00000000 08:02 5247616                    /usr/lib/x86_64-linux-gnu/libXxf86vm.so.1.0.0
7f293ef4b000-7f293f14a000 ---p 00005000 08:02 5247616                    /usr/lib/x86_64-linux-gnu/libXxf86vm.so.1.0.0
7f293f14a000-7f293f14b000 r--p 00004000 08:02 5247616                    /usr/lib/x86_64-linux-gnu/libXxf86vm.so.1.0.0
7f293f14b000-7f293f14c000 rw-p 00005000 08:02 5247616                    /usr/lib/x86_64-linux-gnu/libXxf86vm.so.1.0.0
7f293f14c000-7f293f286000 r-xp 00000000 08:02 5247561                    /usr/lib/x86_64-linux-gnu/libX11.so.6.3.0
7f293f286000-7f293f486000 ---p 0013a000 08:02 5247561                    /usr/lib/x86_64-linux-gnu/libX11.so.6.3.0
7f293f486000-7f293f487000 r--p 0013a000 08:02 5247561                    /usr/lib/x86_64-linux-gnu/libX11.so.6.3.0
7f293f487000-7f293f48c000 rw-p 0013b000 08:02 5247561                    /usr/lib/x86_64-linux-gnu/libX11.so.6.3.0
7f293f48c000-7f293f491000 r-xp 00000000 08:02 5247606                    /usr/lib/x86_64-linux-gnu/libXtst.so.6.1.0
7f293f491000-7f293f690000 ---p 00005000 08:02 5247606                    /usr/lib/x86_64-linux-gnu/libXtst.so.6.1.0
7f293f690000-7f293f691000 r--p 00004000 08:02 5247606                    /usr/lib/x86_64-linux-gnu/libXtst.so.6.1.0
7f293f691000-7f293f692000 rw-p 00005000 08:02 5247606                    /usr/lib/x86_64-linux-gnu/libXtst.so.6.1.0
7f293f692000-7f293f7a4000 r-xp 00000000 08:02 21236319                   /lib/x86_64-linux-gnu/libglib-2.0.so.0.5304.0
7f293f7a4000-7f293f9a4000 ---p 00112000 08:02 21236319                   /lib/x86_64-linux-gnu/libglib-2.0.so.0.5304.0
7f293f9a4000-7f293f9a5000 r--p 00112000 08:02 21236319                   /lib/x86_64-linux-gnu/libglib-2.0.so.0.5304.0
7f293f9a5000-7f293f9a6000 rw-p 00113000 08:02 21236319                   /lib/x86_64-linux-gnu/libglib-2.0.so.0.5304.0
7f293f9a6000-7f293f9a7000 rw-p 00000000 00:00 0 
7f293f9a7000-7f293f9a8000 r-xp 00000000 08:02 5248279                    /usr/lib/x86_64-linux-gnu/libgthread-2.0.so.0.5304.0
7f293f9a8000-7f293fba7000 ---p 00001000 08:02 5248279                    /usr/lib/x86_64-linux-gnu/libgthread-2.0.so.0.5304.0
7f293fba7000-7f293fba8000 r--p 00000000 08:02 5248279                    /usr/lib/x86_64-linux-gnu/libgthread-2.0.so.0.5304.0
7f293fba8000-7f293fba9000 rw-p 00001000 08:02 5248279                    /usr/lib/x86_64-linux-gnu/libgthread-2.0.so.0.5304.0
7f293fba9000-7f293fbac000 r-xp 00000000 08:02 5248069                    /usr/lib/x86_64-linux-gnu/libgmodule-2.0.so.0.5304.0
7f293fbac000-7f293fdab000 ---p 00003000 08:02 5248069                    /usr/lib/x86_64-linux-gnu/libgmodule-2.0.so.0.5304.0
7f293fdab000-7f293fdac000 r--p 00002000 08:02 5248069                    /usr/lib/x86_64-linux-gnu/libgmodule-2.0.so.0.5304.0
7f293fdac000-7f293fdad000 rw-p 00003000 08:02 5248069                    /usr/lib/x86_64-linux-gnu/libgmodule-2.0.so.0.5304.0
7f293fdad000-7f293fdfe000 r-xp 00000000 08:02 5248109                    /usr/lib/x86_64-linux-gnu/libgobject-2.0.so.0.5304.0
7f293fdfe000-7f293fffe000 ---p 00051000 08:02 5248109                    /usr/lib/x86_64-linux-gnu/libgobject-2.0.so.0.5304.0
7f293fffe000-7f293ffff000 r--p 00051000 08:02 5248109                    /usr/lib/x86_64-linux-gnu/libgobject-2.0.so.0.5304.0
7f293ffff000-7f2940000000 rw-p 00052000 08:02 5248109                    /usr/lib/x86_64-linux-gnu/libgobject-2.0.so.0.5304.0
7f2940000000-7f2940021000 rw-p 00000000 00:00 0 
7f2940021000-7f2944000000 ---p 00000000 00:00 0 
7f2944000000-7f2944021000 rw-p 00000000 00:00 0 
7f2944021000-7f2948000000 ---p 00000000 00:00 0 
7f2948000000-7f2948185000 rw-p 00000000 00:00 0 
7f2948185000-7f294c000000 ---p 00000000 00:00 0 
7f294c000000-7f294c258000 rw-p 00000000 00:00 0 
7f294c258000-7f2950000000 ---p 00000000 00:00 0 
7f2950000000-7f2950021000 rw-p 00000000 00:00 0 
7f2950021000-7f2954000000 ---p 00000000 00:00 0 
7f2954000000-7f29540a9000 rw-p 00000000 00:00 0 
7f29540a9000-7f2958000000 ---p 00000000 00:00 0 
7f2958000000-7f2958021000 rw-p 00000000 00:00 0 
7f2958021000-7f295c000000 ---p 00000000 00:00 0 
7f295c000000-7f295c021000 rw-p 00000000 00:00 0 
7f295c021000-7f2960000000 ---p 00000000 00:00 0 
7f2960000000-7f2960021000 rw-p 00000000 00:00 0 
7f2960021000-7f2964000000 ---p 00000000 00:00 0 
7f2964002000-7f296400c000 r--s 00115000 08:02 5250531                    /usr/local/jdk1.8.0_111/jre/lib/ext/localedata.jar
7f296400c000-7f2964020000 r--p 00000000 08:02 5250509                    /usr/local/jdk1.8.0_111/jre/lib/fonts/LucidaBrightItalic.ttf
7f2964020000-7f2964025000 r--s 00084000 08:02 5124031                    /usr/local/jdk1.8.0_111/jre/lib/jfr.jar
7f2964025000-7f2964067000 r--s 00000000 08:02 15073338                   /var/cache/fontconfig/0bd3dc0958fa2205aaaa8ebb13e2872b-le64.cache-4
7f2964067000-7f296406a000 ---p 00000000 00:00 0 
7f296406a000-7f2964168000 rw-p 00000000 00:00 0 
7f2964168000-7f29641a4000 r-xp 00000000 08:02 5247966                    /usr/lib/x86_64-linux-gnu/libfontconfig.so.1.8.0
7f29641a4000-7f29643a3000 ---p 0003c000 08:02 5247966                    /usr/lib/x86_64-linux-gnu/libfontconfig.so.1.8.0
7f29643a3000-7f29643a5000 r--p 0003b000 08:02 5247966                    /usr/lib/x86_64-linux-gnu/libfontconfig.so.1.8.0
7f29643a5000-7f29643a6000 rw-p 0003d000 08:02 5247966                    /usr/lib/x86_64-linux-gnu/libfontconfig.so.1.8.0
7f29643a6000-7f296444a000 r-xp 00000000 08:02 5247978                    /usr/lib/x86_64-linux-gnu/libfreetype.so.6.12.5
7f296444a000-7f296464a000 ---p 000a4000 08:02 5247978                    /usr/lib/x86_64-linux-gnu/libfreetype.so.6.12.5
7f296464a000-7f2964650000 r--p 000a4000 08:02 5247978                    /usr/lib/x86_64-linux-gnu/libfreetype.so.6.12.5
7f2964650000-7f2964651000 rw-p 000aa000 08:02 5247978                    /usr/lib/x86_64-linux-gnu/libfreetype.so.6.12.5
7f2964651000-7f296469a000 r-xp 00000000 08:02 5248654                    /usr/lib/x86_64-linux-gnu/libpango-1.0.so.0.4000.4
7f296469a000-7f2964899000 ---p 00049000 08:02 5248654                    /usr/lib/x86_64-linux-gnu/libpango-1.0.so.0.4000.4
7f2964899000-7f296489c000 r--p 00048000 08:02 5248654                    /usr/lib/x86_64-linux-gnu/libpango-1.0.so.0.4000.4
7f296489c000-7f296489d000 rw-p 0004b000 08:02 5248654                    /usr/lib/x86_64-linux-gnu/libpango-1.0.so.0.4000.4
7f296489d000-7f29649ab000 r-xp 00000000 08:02 5247725                    /usr/lib/x86_64-linux-gnu/libcairo.so.2.11400.10
7f29649ab000-7f2964bab000 ---p 0010e000 08:02 5247725                    /usr/lib/x86_64-linux-gnu/libcairo.so.2.11400.10
7f2964bab000-7f2964bae000 r--p 0010e000 08:02 5247725                    /usr/lib/x86_64-linux-gnu/libcairo.so.2.11400.10
7f2964bae000-7f2964baf000 rw-p 00111000 08:02 5247725                    /usr/lib/x86_64-linux-gnu/libcairo.so.2.11400.10
7f2964baf000-7f2964bb1000 rw-p 00000000 00:00 0 
7f2964bb1000-7f2964bbd000 r-xp 00000000 08:02 5248656                    /usr/lib/x86_64-linux-gnu/libpangocairo-1.0.so.0.4000.4
7f2964bbd000-7f2964dbc000 ---p 0000c000 08:02 5248656                    /usr/lib/x86_64-linux-gnu/libpangocairo-1.0.so.0.4000.4
7f2964dbc000-7f2964dbd000 r--p 0000b000 08:02 5248656                    /usr/lib/x86_64-linux-gnu/libpangocairo-1.0.so.0.4000.4
7f2964dbd000-7f2964dbe000 rw-p 0000c000 08:02 5248656                    /usr/lib/x86_64-linux-gnu/libpangocairo-1.0.so.0.4000.4
7f2964dbe000-7f2964de0000 r-xp 00000000 08:02 5248011                    /usr/lib/x86_64-linux-gnu/libgdk_pixbuf-2.0.so.0.3600.5
7f2964de0000-7f2964fdf000 ---p 00022000 08:02 5248011                    /usr/lib/x86_64-linux-gnu/libgdk_pixbuf-2.0.so.0.3600.5
7f2964fdf000-7f2964fe0000 r--p 00021000 08:02 5248011                    /usr/lib/x86_64-linux-gnu/libgdk_pixbuf-2.0.so.0.3600.5
7f2964fe0000-7f2964fe1000 rw-p 00022000 08:02 5248011                    /usr/lib/x86_64-linux-gnu/libgdk_pixbuf-2.0.so.0.3600.5
7f2964fe1000-7f2964ff5000 r-xp 00000000 08:02 5248658                    /usr/lib/x86_64-linux-gnu/libpangoft2-1.0.so.0.4000.4
7f2964ff5000-7f29651f5000 ---p 00014000 08:02 5248658                    /usr/lib/x86_64-linux-gnu/libpangoft2-1.0.so.0.4000.4
7f29651f5000-7f29651f6000 r--p 00014000 08:02 5248658                    /usr/lib/x86_64-linux-gnu/libpangoft2-1.0.so.0.4000.4
7f29651f6000-7f29651f7000 rw-p 00015000 08:02 5248658                    /usr/lib/x86_64-linux-gnu/libpangoft2-1.0.so.0.4000.4
7f29651f7000-7f2965387000 r-xp 00000000 08:02 5248045                    /usr/lib/x86_64-linux-gnu/libgio-2.0.so.0.5304.0
7f2965387000-7f2965586000 ---p 00190000 08:02 5248045                    /usr/lib/x86_64-linux-gnu/libgio-2.0.so.0.5304.0
7f2965586000-7f296558d000 r--p 0018f000 08:02 5248045                    /usr/lib/x86_64-linux-gnu/libgio-2.0.so.0.5304.0
7f296558d000-7f296558e000 rw-p 00196000 08:02 5248045                    /usr/lib/x86_64-linux-gnu/libgio-2.0.so.0.5304.0
7f296558e000-7f2965590000 rw-p 00000000 00:00 0 
7f2965590000-7f29655b3000 r-xp 00000000 08:02 5247655                    /usr/lib/x86_64-linux-gnu/libatk-1.0.so.0.22409.1
7f29655b3000-7f29657b2000 ---p 00023000 08:02 5247655                    /usr/lib/x86_64-linux-gnu/libatk-1.0.so.0.22409.1
7f29657b2000-7f29657b5000 r--p 00022000 08:02 5247655                    /usr/lib/x86_64-linux-gnu/libatk-1.0.so.0.22409.1
7f29657b5000-7f29657b6000 rw-p 00025000 08:02 5247655                    /usr/lib/x86_64-linux-gnu/libatk-1.0.so.0.22409.1
7f29657b6000-7f2965864000 r-xp 00000000 08:02 5248009                    /usr/lib/x86_64-linux-gnu/libgdk-x11-2.0.so.0.2400.31
7f2965864000-7f2965a64000 ---p 000ae000 08:02 5248009                    /usr/lib/x86_64-linux-gnu/libgdk-x11-2.0.so.0.2400.31
7f2965a64000-7f2965a68000 r--p 000ae000 08:02 5248009                    /usr/lib/x86_64-linux-gnu/libgdk-x11-2.0.so.0.2400.31
7f2965a68000-7f2965a6a000 rw-p 000b2000 08:02 5248009                    /usr/lib/x86_64-linux-gnu/libgdk-x11-2.0.so.0.2400.31
7f2965a6a000-7f2965ea2000 r-xp 00000000 08:02 5248285                    /usr/lib/x86_64-linux-gnu/libgtk-x11-2.0.so.0.2400.31
7f2965ea2000-7f29660a2000 ---p 00438000 08:02 5248285                    /usr/lib/x86_64-linux-gnu/libgtk-x11-2.0.so.0.2400.31
7f29660a2000-7f29660a9000 r--p 00438000 08:02 5248285                    /usr/lib/x86_64-linux-gnu/libgtk-x11-2.0.so.0.2400.31
7f29660a9000-7f29660ad000 rw-p 0043f000 08:02 5248285                    /usr/lib/x86_64-linux-gnu/libgtk-x11-2.0.so.0.2400.31
7f29660ad000-7f29660b0000 rw-p 00000000 00:00 0 
7f29660b0000-7f29660bc000 r-xp 00000000 08:02 5250601                    /usr/local/jdk1.8.0_111/jre/lib/amd64/libprism_es2.so
7f29660bc000-7f29662bb000 ---p 0000c000 08:02 5250601                    /usr/local/jdk1.8.0_111/jre/lib/amd64/libprism_es2.so
7f29662bb000-7f29662bc000 rw-p 0000b000 08:02 5250601                    /usr/local/jdk1.8.0_111/jre/lib/amd64/libprism_es2.so
7f29662bc000-7f29662bf000 ---p 00000000 00:00 0 
7f29662bf000-7f29663bd000 rw-p 00000000 00:00 0 
7f29663bd000-7f2966453000 r--s 010fb000 08:02 5250605                    /usr/local/jdk1.8.0_111/jre/lib/ext/jfxrt.jar
7f2966453000-7f2966454000 ---p 00000000 00:00 0 
7f2966454000-7f2966554000 rw-p 00000000 00:00 0 
7f2966554000-7f2966557000 ---p 00000000 00:00 0 
7f2966557000-7f2966655000 rw-p 00000000 00:00 0 
7f2966655000-7f2966658000 ---p 00000000 00:00 0 
7f2966658000-7f2966756000 rw-p 00000000 00:00 0 
7f2966756000-7f2966759000 ---p 00000000 00:00 0 
7f2966759000-7f2966857000 rw-p 00000000 00:00 0 
7f2966857000-7f296685a000 ---p 00000000 00:00 0 
7f296685a000-7f2966958000 rw-p 00000000 00:00 0 
7f2966958000-7f296695b000 ---p 00000000 00:00 0 
7f296695b000-7f2966a59000 rw-p 00000000 00:00 0 
7f2966a59000-7f2966bf4000 r--p 00000000 08:02 5117660                    /usr/lib/locale/locale-archive
7f2966bf4000-7f2966bf7000 ---p 00000000 00:00 0 
7f2966bf7000-7f2966cf5000 rw-p 00000000 00:00 0 
7f2966cf5000-7f2966cf8000 ---p 00000000 00:00 0 
7f2966cf8000-7f2966df6000 rw-p 00000000 00:00 0 
7f2966df6000-7f2966df7000 ---p 00000000 00:00 0 
7f2966df7000-7f2967800000 rw-p 00000000 00:00 0 
7f2967800000-7f2968000000 rw-p 00000000 00:00 0 
7f2968000000-7f2968021000 rw-p 00000000 00:00 0 
7f2968021000-7f296c000000 ---p 00000000 00:00 0 
7f296c000000-7f296c021000 rw-p 00000000 00:00 0 
7f296c021000-7f2970000000 ---p 00000000 00:00 0 
7f2970000000-7f2970021000 rw-p 00000000 00:00 0 
7f2970021000-7f2974000000 ---p 00000000 00:00 0 
7f2974002000-7f2974004000 rw-s 10cc3e000 00:06 12461                     /dev/dri/card0
7f2974004000-7f297400a000 r--s 00000000 08:02 15073324                   /var/cache/fontconfig/8801497958630a81b71ace7c5f9b32a8-le64.cache-4
7f297400a000-7f2974045000 r--s 00000000 08:02 15084345                   /var/cache/fontconfig/365b55f210c0a22e9a19e35191240f32-le64.cache-4
7f2974045000-7f297404b000 r--s 00000000 08:02 15073340                   /var/cache/fontconfig/3047814df9a2f067bd2d96a2b9c36e5a-le64.cache-4
7f297404b000-7f2974050000 r--s 00000000 08:02 15073330                   /var/cache/fontconfig/9923581aef9bb9211ee5bcd557562ee7-le64.cache-4
7f2974050000-7f2974063000 r--s 00000000 08:02 15084349                   /var/cache/fontconfig/d52a8644073d54c13679302ca1180695-le64.cache-4
7f2974063000-7f297406f000 r--s 00000000 08:02 15084276                   /var/cache/fontconfig/d589a48862398ed80a3d6066f4f56f4c-le64.cache-4
7f297406f000-7f297408e000 r--s 00000000 08:02 15073325                   /var/cache/fontconfig/9b89f8e3dae116d678bbf48e5f21f69b-le64.cache-4
7f297408e000-7f2974290000 rw-p 00000000 00:00 0 
7f2974290000-7f2978000000 rw-p 00000000 00:00 0 
7f2978000000-7f2978021000 rw-p 00000000 00:00 0 
7f2978021000-7f297c000000 ---p 00000000 00:00 0 
7f297c000000-7f297c001000 rw-s 00000000 00:05 71113                      /drm mm object (deleted)
7f297c001000-7f297c00b000 r--s 00000000 08:02 15073346                   /var/cache/fontconfig/3f7329c5293ffd510edef78f73874cfd-le64.cache-4
7f297c00b000-7f297c00e000 r--s 00000000 08:02 15073328                   /var/cache/fontconfig/47e67d79d01846c7b6efd6b4f03a6092-le64.cache-4
7f297c00e000-7f297c012000 r--s 00000000 08:02 15084274                   /var/cache/fontconfig/7ef2298fde41cc6eeb7af42e48b7d293-le64.cache-4
7f297c012000-7f297c01a000 rw-s 00000000 00:05 69996                      /drm mm object (deleted)
7f297c01a000-7f297c022000 rw-s 00000000 00:05 71111                      /drm mm object (deleted)
7f297c022000-7f297c04b000 r--p 00000000 08:02 6429868                    /usr/share/locale/pt_BR/LC_MESSAGES/gtk20-properties.mo
7f297c04b000-7f297c05a000 r--p 00000000 08:02 6429869                    /usr/share/locale/pt_BR/LC_MESSAGES/gtk20.mo
7f297c05a000-7f297c062000 rw-s 00000000 00:05 71100                      /drm mm object (deleted)
7f297c062000-7f297c06a000 rw-s 00000000 00:05 71099                      /drm mm object (deleted)
7f297c06a000-7f297c072000 rw-s 00000000 00:05 71095                      /drm mm object (deleted)
7f297c072000-7f297c549000 rw-p 00000000 00:00 0 
7f297c549000-7f297c721000 r--s 03d2a000 08:02 5124043                    /usr/local/jdk1.8.0_111/jre/lib/rt.jar
7f297c721000-7f297c797000 rw-p 00000000 00:00 0 
7f297c797000-7f297cb6e000 rw-p 00000000 00:00 0 
7f297cb6e000-7f297cb6f000 ---p 00000000 00:00 0 
7f297cb6f000-7f297cc6f000 rw-p 00000000 00:00 0 
7f297cc6f000-7f297cc70000 ---p 00000000 00:00 0 
7f297cc70000-7f297cd70000 rw-p 00000000 00:00 0 
7f297cd70000-7f297cd9a000 rw-p 00000000 00:00 0 
7f297cd9a000-7f297d000000 ---p 00000000 00:00 0 
7f297d000000-7f297d4a0000 rwxp 00000000 00:00 0 
7f297d4a0000-7f298c000000 ---p 00000000 00:00 0 
7f298c000000-7f298c42f000 rw-p 00000000 00:00 0 
7f298c42f000-7f2990000000 ---p 00000000 00:00 0 
7f2990000000-7f2990001000 r--s 00000000 08:02 15073327                   /var/cache/fontconfig/16c2fda60d1b4b719f4b3d06fd951d25-le64.cache-4
7f2990001000-7f2990002000 ---p 00000000 00:00 0 
7f2990002000-7f2990102000 rw-p 00000000 00:00 0 
7f2990102000-7f2990103000 ---p 00000000 00:00 0 
7f2990103000-7f2990203000 rw-p 00000000 00:00 0 
7f2990203000-7f299022d000 rw-p 00000000 00:00 0 
7f299022d000-7f2990492000 ---p 00000000 00:00 0 
7f2990492000-7f29904a7000 rw-p 00000000 00:00 0 
7f29904a7000-7f29905da000 ---p 00000000 00:00 0 
7f29905da000-7f29905ee000 rw-p 00000000 00:00 0 
7f29905ee000-7f299099b000 ---p 00000000 00:00 0 
7f299099b000-7f29909b5000 r-xp 00000000 08:02 5250711                    /usr/local/jdk1.8.0_111/jre/lib/amd64/libzip.so
7f29909b5000-7f2990bb5000 ---p 0001a000 08:02 5250711                    /usr/local/jdk1.8.0_111/jre/lib/amd64/libzip.so
7f2990bb5000-7f2990bb6000 rw-p 0001a000 08:02 5250711                    /usr/local/jdk1.8.0_111/jre/lib/amd64/libzip.so
7f2990bb6000-7f2990bc0000 r-xp 00000000 08:02 21236370                   /lib/x86_64-linux-gnu/libnss_files-2.24.so
7f2990bc0000-7f2990dc0000 ---p 0000a000 08:02 21236370                   /lib/x86_64-linux-gnu/libnss_files-2.24.so
7f2990dc0000-7f2990dc1000 r--p 0000a000 08:02 21236370                   /lib/x86_64-linux-gnu/libnss_files-2.24.so
7f2990dc1000-7f2990dc2000 rw-p 0000b000 08:02 21236370                   /lib/x86_64-linux-gnu/libnss_files-2.24.so
7f2990dc2000-7f2990dc8000 rw-p 00000000 00:00 0 
7f2990dc8000-7f2990dd3000 r-xp 00000000 08:02 21236374                   /lib/x86_64-linux-gnu/libnss_nis-2.24.so
7f2990dd3000-7f2990fd2000 ---p 0000b000 08:02 21236374                   /lib/x86_64-linux-gnu/libnss_nis-2.24.so
7f2990fd2000-7f2990fd3000 r--p 0000a000 08:02 21236374                   /lib/x86_64-linux-gnu/libnss_nis-2.24.so
7f2990fd3000-7f2990fd4000 rw-p 0000b000 08:02 21236374                   /lib/x86_64-linux-gnu/libnss_nis-2.24.so
7f2990fd4000-7f2990fe8000 r-xp 00000000 08:02 21236364                   /lib/x86_64-linux-gnu/libnsl-2.24.so
7f2990fe8000-7f29911e8000 ---p 00014000 08:02 21236364                   /lib/x86_64-linux-gnu/libnsl-2.24.so
7f29911e8000-7f29911e9000 r--p 00014000 08:02 21236364                   /lib/x86_64-linux-gnu/libnsl-2.24.so
7f29911e9000-7f29911ea000 rw-p 00015000 08:02 21236364                   /lib/x86_64-linux-gnu/libnsl-2.24.so
7f29911ea000-7f29911ec000 rw-p 00000000 00:00 0 
7f29911ec000-7f29911f3000 r-xp 00000000 08:02 21236366                   /lib/x86_64-linux-gnu/libnss_compat-2.24.so
7f29911f3000-7f29913f2000 ---p 00007000 08:02 21236366                   /lib/x86_64-linux-gnu/libnss_compat-2.24.so
7f29913f2000-7f29913f3000 r--p 00006000 08:02 21236366                   /lib/x86_64-linux-gnu/libnss_compat-2.24.so
7f29913f3000-7f29913f4000 rw-p 00007000 08:02 21236366                   /lib/x86_64-linux-gnu/libnss_compat-2.24.so
7f29913f4000-7f299141f000 r-xp 00000000 08:02 5250688                    /usr/local/jdk1.8.0_111/jre/lib/amd64/libjava.so
7f299141f000-7f299161e000 ---p 0002b000 08:02 5250688                    /usr/local/jdk1.8.0_111/jre/lib/amd64/libjava.so
7f299161e000-7f2991620000 rw-p 0002a000 08:02 5250688                    /usr/local/jdk1.8.0_111/jre/lib/amd64/libjava.so
7f2991620000-7f299162d000 r-xp 00000000 08:02 5250658                    /usr/local/jdk1.8.0_111/jre/lib/amd64/libverify.so
7f299162d000-7f299182c000 ---p 0000d000 08:02 5250658                    /usr/local/jdk1.8.0_111/jre/lib/amd64/libverify.so
7f299182c000-7f299182e000 rw-p 0000c000 08:02 5250658                    /usr/local/jdk1.8.0_111/jre/lib/amd64/libverify.so
7f299182e000-7f2991835000 r-xp 00000000 08:02 21236423                   /lib/x86_64-linux-gnu/librt-2.24.so
7f2991835000-7f2991a34000 ---p 00007000 08:02 21236423                   /lib/x86_64-linux-gnu/librt-2.24.so
7f2991a34000-7f2991a35000 r--p 00006000 08:02 21236423                   /lib/x86_64-linux-gnu/librt-2.24.so
7f2991a35000-7f2991a36000 rw-p 00007000 08:02 21236423                   /lib/x86_64-linux-gnu/librt-2.24.so
7f2991a36000-7f2991b39000 r-xp 00000000 08:02 21236347                   /lib/x86_64-linux-gnu/libm-2.24.so
7f2991b39000-7f2991d38000 ---p 00103000 08:02 21236347                   /lib/x86_64-linux-gnu/libm-2.24.so
7f2991d38000-7f2991d39000 r--p 00102000 08:02 21236347                   /lib/x86_64-linux-gnu/libm-2.24.so
7f2991d39000-7f2991d3a000 rw-p 00103000 08:02 21236347                   /lib/x86_64-linux-gnu/libm-2.24.so
7f2991d3a000-7f2992a07000 r-xp 00000000 08:02 5250584                    /usr/local/jdk1.8.0_111/jre/lib/amd64/server/libjvm.so
7f2992a07000-7f2992c06000 ---p 00ccd000 08:02 5250584                    /usr/local/jdk1.8.0_111/jre/lib/amd64/server/libjvm.so
7f2992c06000-7f2992cdf000 rw-p 00ccc000 08:02 5250584                    /usr/local/jdk1.8.0_111/jre/lib/amd64/server/libjvm.so
7f2992cdf000-7f2992d2a000 rw-p 00000000 00:00 0 
7f2992d2a000-7f2992ebf000 r-xp 00000000 08:02 21236278                   /lib/x86_64-linux-gnu/libc-2.24.so
7f2992ebf000-7f29930bf000 ---p 00195000 08:02 21236278                   /lib/x86_64-linux-gnu/libc-2.24.so
7f29930bf000-7f29930c3000 r--p 00195000 08:02 21236278                   /lib/x86_64-linux-gnu/libc-2.24.so
7f29930c3000-7f29930c5000 rw-p 00199000 08:02 21236278                   /lib/x86_64-linux-gnu/libc-2.24.so
7f29930c5000-7f29930c9000 rw-p 00000000 00:00 0 
7f29930c9000-7f29930cc000 r-xp 00000000 08:02 21236301                   /lib/x86_64-linux-gnu/libdl-2.24.so
7f29930cc000-7f29932cb000 ---p 00003000 08:02 21236301                   /lib/x86_64-linux-gnu/libdl-2.24.so
7f29932cb000-7f29932cc000 r--p 00002000 08:02 21236301                   /lib/x86_64-linux-gnu/libdl-2.24.so
7f29932cc000-7f29932cd000 rw-p 00003000 08:02 21236301                   /lib/x86_64-linux-gnu/libdl-2.24.so
7f29932cd000-7f29932e2000 r-xp 00000000 08:02 5250720                    /usr/local/jdk1.8.0_111/lib/amd64/jli/libjli.so
7f29932e2000-7f29934e2000 ---p 00015000 08:02 5250720                    /usr/local/jdk1.8.0_111/lib/amd64/jli/libjli.so
7f29934e2000-7f29934e3000 rw-p 00015000 08:02 5250720                    /usr/local/jdk1.8.0_111/lib/amd64/jli/libjli.so
7f29934e3000-7f29934fb000 r-xp 00000000 08:02 21236413                   /lib/x86_64-linux-gnu/libpthread-2.24.so
7f29934fb000-7f29936fa000 ---p 00018000 08:02 21236413                   /lib/x86_64-linux-gnu/libpthread-2.24.so
7f29936fa000-7f29936fb000 r--p 00017000 08:02 21236413                   /lib/x86_64-linux-gnu/libpthread-2.24.so
7f29936fb000-7f29936fc000 rw-p 00018000 08:02 21236413                   /lib/x86_64-linux-gnu/libpthread-2.24.so
7f29936fc000-7f2993700000 rw-p 00000000 00:00 0 
7f2993700000-7f2993723000 r-xp 00000000 08:02 21236248                   /lib/x86_64-linux-gnu/ld-2.24.so
7f2993723000-7f2993726000 r--s 00000000 08:02 15073349                   /var/cache/fontconfig/e13b20fdb08344e0e664864cc2ede53d-le64.cache-4
7f2993726000-7f2993735000 r--p 00000000 08:02 6429892                    /usr/share/locale/pt_BR/LC_MESSAGES/libc.mo
7f2993735000-7f29937d9000 rw-p 00000000 00:00 0 
7f29937d9000-7f2993800000 rw-p 00000000 00:00 0 
7f2993800000-7f2993803000 ---p 00000000 00:00 0 
7f2993803000-7f2993903000 rw-p 00000000 00:00 0 
7f2993903000-7f2993904000 r--s 00000000 08:02 15073341                   /var/cache/fontconfig/30829fa25452a46451e813d634d7f916-le64.cache-4
7f2993905000-7f2993906000 rw-s 00000000 00:05 71096                      /drm mm object (deleted)
7f2993906000-7f2993907000 rw-s 10c683000 00:06 12461                     /dev/dri/card0
7f2993907000-7f299390e000 r--s 00000000 08:02 5246644                    /usr/lib/x86_64-linux-gnu/gconv/gconv-modules.cache
7f299390e000-7f2993916000 r--s 000c4000 08:02 6293105                    /usr/local/netbeans-8.2/ide/modules/ext/mysql-connector-java-5.1.23-bin.jar
7f2993916000-7f299391e000 rw-s 00000000 08:02 23855270                   /tmp/hsperfdata_sisnando/4214
7f299391e000-7f299391f000 rw-p 00000000 00:00 0 
7f299391f000-7f2993920000 r--p 00000000 00:00 0 
7f2993920000-7f2993923000 rw-p 00000000 00:00 0 
7f2993923000-7f2993924000 r--p 00023000 08:02 21236248                   /lib/x86_64-linux-gnu/ld-2.24.so
7f2993924000-7f2993925000 rw-p 00024000 08:02 21236248                   /lib/x86_64-linux-gnu/ld-2.24.so
7f2993925000-7f2993926000 rw-p 00000000 00:00 0 
7ffdb634a000-7ffdb636b000 rw-p 00000000 00:00 0                          [stack]
7ffdb63f6000-7ffdb63f9000 r--p 00000000 00:00 0                          [vvar]
7ffdb63f9000-7ffdb63fb000 r-xp 00000000 00:00 0                          [vdso]

VM Arguments:
jvm_args: -Dfile.encoding=UTF-8 -Dawt.useSystemAAFontSettings=gasp 
java_command: Main.Login
java_class_path (initial): /usr/local/netbeans-8.2/ide/modules/ext/mysql-connector-java-5.1.23-bin.jar:/home/sisnando/NetBeansProjects/projeto_arvore/Projeto_Prtico/build/classes
Launcher Type: SUN_STANDARD

Environment Variables:
_JAVA_OPTIONS=  -Dawt.useSystemAAFontSettings=gasp
PATH=/usr/local/bin:/usr/bin:/bin:/usr/local/games:/usr/games:/sbin:/usr/sbin:/opt/android-sdk/platform-tools:/opt/android-sdk/tools:/opt/android-sdk/tools/bin
LD_LIBRARY_PATH=/usr/local/jdk1.8.0_111/jre/lib/amd64:/usr/local/jdk1.8.0_111/jre/lib/i386:
SHELL=/bin/bash
DISPLAY=:0

Signal Handlers:
SIGSEGV: [libjvm.so+0xac64b0], sa_mask[0]=11111111011111111101111111111110, sa_flags=SA_RESTART|SA_SIGINFO
SIGBUS: [libjvm.so+0xac64b0], sa_mask[0]=11111111011111111101111111111110, sa_flags=SA_RESTART|SA_SIGINFO
SIGFPE: [libjvm.so+0x91f950], sa_mask[0]=11111111011111111101111111111110, sa_flags=SA_RESTART|SA_SIGINFO
SIGPIPE: SIG_IGN, sa_mask[0]=00000000000010000000000000000000, sa_flags=SA_RESTART
SIGXFSZ: [libjvm.so+0x91f950], sa_mask[0]=11111111011111111101111111111110, sa_flags=SA_RESTART|SA_SIGINFO
SIGILL: [libjvm.so+0x91f950], sa_mask[0]=11111111011111111101111111111110, sa_flags=SA_RESTART|SA_SIGINFO
SIGUSR1: SIG_DFL, sa_mask[0]=00000000000000000000000000000000, sa_flags=none
SIGUSR2: [libjvm.so+0x920f80], sa_mask[0]=00100000000000000000000000000000, sa_flags=SA_RESTART|SA_SIGINFO
SIGHUP: SIG_IGN, sa_mask[0]=00000000000000000000000000000000, sa_flags=none
SIGINT: SIG_IGN, sa_mask[0]=00000000000000000000000000000000, sa_flags=none
SIGTERM: [libjvm.so+0x922380], sa_mask[0]=11111111011111111101111111111110, sa_flags=SA_RESTART|SA_SIGINFO
SIGQUIT: [libjvm.so+0x922380], sa_mask[0]=11111111011111111101111111111110, sa_flags=SA_RESTART|SA_SIGINFO


---------------  S Y S T E M  ---------------

OS:DISTRIB_ID=Deepin
DISTRIB_RELEASE=15.5
DISTRIB_DESCRIPTION="Deepin 15.5 "
DISTRIB_CODENAME=unstable

uname:Linux 4.14.0-deepin2-amd64 #1 SMP PREEMPT Deepin 4.14.12-2 (2018-01-06) x86_64
libc:glibc 2.24 NPTL 2.24 
rlimit: STACK 8192k, CORE 0k, NPROC 30902, NOFILE 1048576, AS infinity
load average:0,61 0,56 0,61

/proc/meminfo:
MemTotal:        8051340 kB
MemFree:         2982308 kB
MemAvailable:    5052468 kB
Buffers:           92068 kB
Cached:          2611972 kB
SwapCached:            0 kB
Active:          2851252 kB
Inactive:        1987132 kB
Active(anon):    2135260 kB
Inactive(anon):   451972 kB
Active(file):     715992 kB
Inactive(file):  1535160 kB
Unevictable:         496 kB
Mlocked:             496 kB
SwapTotal:       4194300 kB
SwapFree:        4194300 kB
Dirty:               808 kB
Writeback:             0 kB
AnonPages:       2107372 kB
Mapped:           428292 kB
Shmem:            452888 kB
Slab:             122856 kB
SReclaimable:      80792 kB
SUnreclaim:        42064 kB
KernelStack:        9264 kB
PageTables:        36052 kB
NFS_Unstable:          0 kB
Bounce:                0 kB
WritebackTmp:          0 kB
CommitLimit:     8219968 kB
Committed_AS:    5863420 kB
VmallocTotal:   34359738367 kB
VmallocUsed:           0 kB
VmallocChunk:          0 kB
HardwareCorrupted:     0 kB
AnonHugePages:   1445888 kB
ShmemHugePages:        0 kB
ShmemPmdMapped:        0 kB
HugePages_Total:       0
HugePages_Free:        0
HugePages_Rsvd:        0
HugePages_Surp:        0
Hugepagesize:       2048 kB
DirectMap4k:      140104 kB
DirectMap2M:     8128512 kB


CPU:total 4 (2 cores per cpu, 2 threads per core) family 6 model 58 stepping 9, cmov, cx8, fxsr, mmx, sse, sse2, sse3, ssse3, sse4.1, sse4.2, popcnt, avx, aes, clmul, erms, ht, tsc, tscinvbit, tscinv

/proc/cpuinfo:
processor	: 0
vendor_id	: GenuineIntel
cpu family	: 6
model		: 58
model name	: Intel(R) Core(TM) i5-3230M CPU @ 2.60GHz
stepping	: 9
microcode	: 0x16
cpu MHz		: 2601.000
cache size	: 3072 KB
physical id	: 0
siblings	: 4
core id		: 0
cpu cores	: 2
apicid		: 0
initial apicid	: 0
fpu		: yes
fpu_exception	: yes
cpuid level	: 13
wp		: yes
flags		: fpu vme de pse tsc msr pae mce cx8 apic sep mtrr pge mca cmov pat pse36 clflush dts acpi mmx fxsr sse sse2 ss ht tm pbe syscall nx rdtscp lm constant_tsc arch_perfmon pebs bts rep_good nopl xtopology nonstop_tsc cpuid aperfmperf pni pclmulqdq dtes64 monitor ds_cpl vmx est tm2 ssse3 cx16 xtpr pdcm pcid sse4_1 sse4_2 x2apic popcnt tsc_deadline_timer aes xsave avx f16c rdrand lahf_lm cpuid_fault epb pti tpr_shadow vnmi flexpriority ept vpid fsgsbase smep erms xsaveopt dtherm ida arat pln pts
bugs		: cpu_insecure
bogomips	: 5188.08
clflush size	: 64
cache_alignment	: 64
address sizes	: 36 bits physical, 48 bits virtual
power management:

processor	: 1
vendor_id	: GenuineIntel
cpu family	: 6
model		: 58
model name	: Intel(R) Core(TM) i5-3230M CPU @ 2.60GHz
stepping	: 9
microcode	: 0x16
cpu MHz		: 2601.000
cache size	: 3072 KB
physical id	: 0
siblings	: 4
core id		: 0
cpu cores	: 2
apicid		: 1
initial apicid	: 1
fpu		: yes
fpu_exception	: yes
cpuid level	: 13
wp		: yes
flags		: fpu vme de pse tsc msr pae mce cx8 apic sep mtrr pge mca cmov pat pse36 clflush dts acpi mmx fxsr sse sse2 ss ht tm pbe syscall nx rdtscp lm constant_tsc arch_perfmon pebs bts rep_good nopl xtopology nonstop_tsc cpuid aperfmperf pni pclmulqdq dtes64 monitor ds_cpl vmx est tm2 ssse3 cx16 xtpr pdcm pcid sse4_1 sse4_2 x2apic popcnt tsc_deadline_timer aes xsave avx f16c rdrand lahf_lm cpuid_fault epb pti tpr_shadow vnmi flexpriority ept vpid fsgsbase smep erms xsaveopt dtherm ida arat pln pts
bugs		: cpu_insecure
bogomips	: 5188.08
clflush size	: 64
cache_alignment	: 64
address sizes	: 36 bits physical, 48 bits virtual
power management:

processor	: 2
vendor_id	: GenuineIntel
cpu family	: 6
model		: 58
model name	: Intel(R) Core(TM) i5-3230M CPU @ 2.60GHz
stepping	: 9
microcode	: 0x16
cpu MHz		: 2000.000
cache size	: 3072 KB
physical id	: 0
siblings	: 4
core id		: 1
cpu cores	: 2
apicid		: 2
initial apicid	: 2
fpu		: yes
fpu_exception	: yes
cpuid level	: 13
wp		: yes
flags		: fpu vme de pse tsc msr pae mce cx8 apic sep mtrr pge mca cmov pat pse36 clflush dts acpi mmx fxsr sse sse2 ss ht tm pbe syscall nx rdtscp lm constant_tsc arch_perfmon pebs bts rep_good nopl xtopology nonstop_tsc cpuid aperfmperf pni pclmulqdq dtes64 monitor ds_cpl vmx est tm2 ssse3 cx16 xtpr pdcm pcid sse4_1 sse4_2 x2apic popcnt tsc_deadline_timer aes xsave avx f16c rdrand lahf_lm cpuid_fault epb pti tpr_shadow vnmi flexpriority ept vpid fsgsbase smep erms xsaveopt dtherm ida arat pln pts
bugs		: cpu_insecure
bogomips	: 5188.08
clflush size	: 64
cache_alignment	: 64
address sizes	: 36 bits physical, 48 bits virtual
power management:

processor	: 3
vendor_id	: GenuineIntel
cpu family	: 6
model		: 58
model name	: Intel(R) Core(TM) i5-3230M CPU @ 2.60GHz
stepping	: 9
microcode	: 0x16
cpu MHz		: 1900.000
cache size	: 3072 KB
physical id	: 0
siblings	: 4
core id		: 1
cpu cores	: 2
apicid		: 3
initial apicid	: 3
fpu		: yes
fpu_exception	: yes
cpuid level	: 13
wp		: yes
flags		: fpu vme de pse tsc msr pae mce cx8 apic sep mtrr pge mca cmov pat pse36 clflush dts acpi mmx fxsr sse sse2 ss ht tm pbe syscall nx rdtscp lm constant_tsc arch_perfmon pebs bts rep_good nopl xtopology nonstop_tsc cpuid aperfmperf pni pclmulqdq dtes64 monitor ds_cpl vmx est tm2 ssse3 cx16 xtpr pdcm pcid sse4_1 sse4_2 x2apic popcnt tsc_deadline_timer aes xsave avx f16c rdrand lahf_lm cpuid_fault epb pti tpr_shadow vnmi flexpriority ept vpid fsgsbase smep erms xsaveopt dtherm ida arat pln pts
bugs		: cpu_insecure
bogomips	: 5188.08
clflush size	: 64
cache_alignment	: 64
address sizes	: 36 bits physical, 48 bits virtual
power management:



Memory: 4k page, physical 8051340k(2982316k free), swap 4194300k(4194300k free)

vm_info: Java HotSpot(TM) 64-Bit Server VM (25.111-b14) for linux-amd64 JRE (1.8.0_111-b14), built on Sep 22 2016 16:14:03 by "java_re" with gcc 4.3.0 20080428 (Red Hat 4.3.0-8)

time: Tue Apr 24 19:14:37 2018
elapsed time: 4 seconds (0d 0h 0m 4s)

