#
# A fatal error has been detected by the Java Runtime Environment:
#
#  SIGSEGV (0xb) at pc=0x00007f6404588d28, pid=5527, tid=0x00007f63a5bf5700
#
# JRE version: Java(TM) SE Runtime Environment (8.0_111-b14) (build 1.8.0_111-b14)
# Java VM: Java HotSpot(TM) 64-Bit Server VM (25.111-b14 mixed mode linux-amd64 compressed oops)
# Problematic frame:
# V  [libjvm.so+0x6d1d28]  jni_invoke_nonstatic(JNIEnv_*, JavaValue*, _jobject*, JNICallType, _jmethodID*, JNI_ArgumentPusher*, Thread*)+0x38
#
# Failed to write core dump. Core dumps have been disabled. To enable core dumping, try "ulimit -c unlimited" before starting Java again
#
# If you would like to submit a bug report, please visit:
#   http://bugreport.java.com/bugreport/crash.jsp
#

---------------  T H R E A D  ---------------

Current thread (0x00007f63fc23c800):  JavaThread "JavaFX Application Thread" [_thread_in_vm, id=5547, stack(0x00007f63a5af5000,0x00007f63a5bf6000)]

siginfo: si_signo: 11 (SIGSEGV), si_code: 128 (SI_KERNEL), si_addr: 0x0000000000000000

Registers:
RAX=0x00007f63a5bf44d0, RBX=0x00007f63a5bf43e0, RCX=0x0000000000000001, RDX=0x776f646168537463
RSP=0x00007f63a5bf4230, RBP=0x00007f63a5bf43b0, RSI=0x00007f63a5bf4440, RDI=0x00007f63fc23c9f8
R8 =0x00007f63fc204188, R9 =0x00007f63a5bf43e0, R10=0x00007f6398000ac0, R11=0x00007f63ed41bca0
R12=0x00007f63fc23c800, R13=0x00007f63fc204188, R14=0x0000000000000001, R15=0x00007f63fc23c9f8
RIP=0x00007f6404588d28, EFLAGS=0x0000000000010206, CSGSFS=0x002b000000000033, ERR=0x0000000000000000
  TRAPNO=0x000000000000000d

Top of Stack: (sp=0x00007f63a5bf4230)
0x00007f63a5bf4230:   00007f63a5bf4920 00007f63a5bf4550
0x00007f63a5bf4240:   00007f63a5bf4290 00007f63a5bf4310
0x00007f63a5bf4250:   00007f63a5bf43e0 00007f63a5bf4440
0x00007f63a5bf4260:   00007f63fc23c9f8 00007f64045a8830
0x00007f63a5bf4270:   00007f63b8000a30 00007f63b8000a40
0x00007f63a5bf4280:   00007f63b8000e18 00000000000003d8
0x00007f63a5bf4290:   00007f63fc23bf08 00000000d90084c8
0x00007f63a5bf42a0:   00007f640000006f 00007f630000000a
0x00007f63a5bf42b0:   00000000d76c6508 00007f6300000000
0x00007f63a5bf42c0:   00000000a5bf4418 00007f64058870d1
0x00007f63a5bf42d0:   00007f64016064f0 0000000100000100
0x00007f63a5bf42e0:   00007f6401683348 00007f63a5bf4298
0x00007f63a5bf42f0:   00007f63a5bf42d9 0000000800000005
0x00007f63a5bf4300:   00007f64016a2a00 00007f63fc23bf10
0x00007f63a5bf4310:   00007f6404e15af0 00007f64058d96d0
0x00007f63a5bf4320:   00000000fc23bda0 00007f63fc23c800
0x00007f63a5bf4330:   0000000000000000 00007f64045890fb
0x00007f63a5bf4340:   00007f64015fde68 00007f63fc23c800
0x00007f63a5bf4350:   00007f64015fde68 00007f63fc23c800
0x00007f63a5bf4360:   00007f63a5bf44f0 00007f64015fde68
0x00007f63a5bf4370:   00007f64015fde68 00007f64015fde68
0x00007f63a5bf4380:   00007f63b8000a30 00007f63a5bf43e0
0x00007f63a5bf4390:   00007f63fc23c800 00007f63a5bf4420
0x00007f63a5bf43a0:   00007f63fc204188 00007f63fc23c9f8
0x00007f63a5bf43b0:   00007f63a5bf44a0 00007f640458d4cf
0x00007f63a5bf43c0:   00007f63fc23c800 0000000000000069
0x00007f63a5bf43d0:   00007f63a5bf44b8 776f646168537463
0x00007f63a5bf43e0:   00007f6404e16750 00007f64058d96d0
0x00007f63a5bf43f0:   0000000000000000 00007f6300000063
0x00007f63a5bf4400:   0000000000000000 0000003000000018
0x00007f63a5bf4410:   00007f63a5bf4590 00007f63a5bf44d0
0x00007f63a5bf4420:   00007f63fc23c800 0000000000000000 

Instructions: (pc=0x00007f6404588d28)
0x00007f6404588d08:   00 00 48 85 d2 48 89 bd b0 fe ff ff 48 89 b5 a8
0x00007f6404588d18:   fe ff ff 4c 89 8d a0 fe ff ff 0f 84 78 09 00 00
0x00007f6404588d28:   4c 8b 22 4d 85 e4 0f 84 6c 09 00 00 48 8b 45 10
0x00007f6404588d38:   48 8b 98 38 01 00 00 48 83 7b 18 f7 0f 87 16 07 

Register to memory mapping:

RAX=0x00007f63a5bf44d0 is pointing into the stack for thread: 0x00007f63fc23c800
RBX=0x00007f63a5bf43e0 is pointing into the stack for thread: 0x00007f63fc23c800
RCX=0x0000000000000001 is an unknown value
RDX=0x776f646168537463 is an unknown value
RSP=0x00007f63a5bf4230 is pointing into the stack for thread: 0x00007f63fc23c800
RBP=0x00007f63a5bf43b0 is pointing into the stack for thread: 0x00007f63fc23c800
RSI=0x00007f63a5bf4440 is pointing into the stack for thread: 0x00007f63fc23c800
RDI=0x00007f63fc23c9f8 is an unknown value
R8 =0x00007f63fc204188 is an unknown value
R9 =0x00007f63a5bf43e0 is pointing into the stack for thread: 0x00007f63fc23c800
R10=0x00007f6398000ac0 is an unknown value
R11=0x00007f63ed41bca0 is at entry_point+32 in (nmethod*)0x00007f63ed41bb10
R12=0x00007f63fc23c800 is a thread
R13=0x00007f63fc204188 is an unknown value
R14=0x0000000000000001 is an unknown value
R15=0x00007f63fc23c9f8 is an unknown value


Stack: [0x00007f63a5af5000,0x00007f63a5bf6000],  sp=0x00007f63a5bf4230,  free space=1020k
Native frames: (J=compiled Java code, j=interpreted, Vv=VM code, C=native code)
V  [libjvm.so+0x6d1d28]  jni_invoke_nonstatic(JNIEnv_*, JavaValue*, _jobject*, JNICallType, _jmethodID*, JNI_ArgumentPusher*, Thread*)+0x38
V  [libjvm.so+0x6d64cf]  jni_CallVoidMethodV+0x10f
C  [libglass.so+0x18641]  JNIEnv_::CallVoidMethod(_jobject*, _jmethodID*, ...)+0x81
C  [libglass.so+0x14f0f]  WindowContextBase::process_key(_GdkEventKey*)+0x20f
C  [libglass.so+0x19f60]  WindowContextBase::im_filter_keypress(_GdkEventKey*)+0x1c0
C  [libglass.so+0x1a91c]  process_events(_GdkEvent*, void*)+0x22c
C  [libgdk-x11-2.0.so.0+0x58fec]

Java frames: (J=compiled Java code, j=interpreted, Vv=VM code)
j  com.sun.glass.ui.gtk.GtkApplication._runLoop(Ljava/lang/Runnable;Z)V+0
j  com.sun.glass.ui.gtk.GtkApplication.lambda$null$49(Ljava/lang/Runnable;Z)V+7
j  com.sun.glass.ui.gtk.GtkApplication$$Lambda$41.run()V+12
j  java.lang.Thread.run()V+11
v  ~StubRoutines::call_stub

---------------  P R O C E S S  ---------------

Java Threads: ( => current thread )
  0x00007f6398257800 JavaThread "Prism Font Disposer" daemon [_thread_blocked, id=5549, stack(0x00007f63a45f2000,0x00007f63a46f3000)]
  0x00007f63fc240000 JavaThread "JavaFX-Launcher" [_thread_blocked, id=5548, stack(0x00007f63a59f4000,0x00007f63a5af5000)]
=>0x00007f63fc23c800 JavaThread "JavaFX Application Thread" [_thread_in_vm, id=5547, stack(0x00007f63a5af5000,0x00007f63a5bf6000)]
  0x00007f63fc238000 JavaThread "Thread-1" daemon [_thread_blocked, id=5546, stack(0x00007f63a5bf6000,0x00007f63a5cf7000)]
  0x00007f63fc1f0800 JavaThread "QuantumRenderer-0" daemon [_thread_blocked, id=5545, stack(0x00007f63ec259000,0x00007f63ec35a000)]
  0x00007f63fc0d0000 JavaThread "Service Thread" daemon [_thread_blocked, id=5543, stack(0x00007f63ec45b000,0x00007f63ec55c000)]
  0x00007f63fc0bd000 JavaThread "C1 CompilerThread2" daemon [_thread_blocked, id=5542, stack(0x00007f63ec55c000,0x00007f63ec65d000)]
  0x00007f63fc0bb000 JavaThread "C2 CompilerThread1" daemon [_thread_blocked, id=5541, stack(0x00007f63ec65d000,0x00007f63ec75e000)]
  0x00007f63fc0b8000 JavaThread "C2 CompilerThread0" daemon [_thread_blocked, id=5540, stack(0x00007f63ec75e000,0x00007f63ec85f000)]
  0x00007f63fc0b6800 JavaThread "Signal Dispatcher" daemon [_thread_blocked, id=5539, stack(0x00007f63ec85f000,0x00007f63ec960000)]
  0x00007f63fc084000 JavaThread "Finalizer" daemon [_thread_blocked, id=5538, stack(0x00007f63ecafb000,0x00007f63ecbfc000)]
  0x00007f63fc07f800 JavaThread "Reference Handler" daemon [_thread_blocked, id=5537, stack(0x00007f63ecbfc000,0x00007f63eccfd000)]
  0x00007f63fc00a000 JavaThread "main" [_thread_blocked, id=5530, stack(0x00007f640597d000,0x00007f6405a7e000)]

Other Threads:
  0x00007f63fc077800 VMThread [stack: 0x00007f63eccfd000,0x00007f63ecdfe000] [id=5536]
  0x00007f63fc0d3000 WatcherThread [stack: 0x00007f63ec35a000,0x00007f63ec45b000] [id=5544]

VM state:not at safepoint (normal execution)

VM Mutex/Monitor currently owned by a thread: None

Heap:
 PSYoungGen      total 36864K, used 12426K [0x00000000d7100000, 0x00000000d9a00000, 0x0000000100000000)
  eden space 31744K, 24% used [0x00000000d7100000,0x00000000d789a8e8,0x00000000d9000000)
  from space 5120K, 90% used [0x00000000d9000000,0x00000000d9488040,0x00000000d9500000)
  to   space 5120K, 0% used [0x00000000d9500000,0x00000000d9500000,0x00000000d9a00000)
 ParOldGen       total 84992K, used 4119K [0x0000000085200000, 0x000000008a500000, 0x00000000d7100000)
  object space 84992K, 4% used [0x0000000085200000,0x0000000085605c60,0x000000008a500000)
 Metaspace       used 16216K, capacity 16916K, committed 17152K, reserved 1064960K
  class space    used 2342K, capacity 2527K, committed 2560K, reserved 1048576K

Card table byte_map: [0x00007f6402380000,0x00007f6402758000] byte_map_base: 0x00007f6401f57000

Marking Bits: (ParMarkBitMap*) 0x00007f6404e7a220
 Begin Bits: [0x00007f63d4290000, 0x00007f63d6148000)
 End Bits:   [0x00007f63d6148000, 0x00007f63d8000000)

Polling page: 0x00007f6405a9c000

CodeCache: size=245760Kb used=4826Kb max_used=4826Kb free=240933Kb
 bounds [0x00007f63ed000000, 0x00007f63ed4c0000, 0x00007f63fc000000]
 total_blobs=2242 nmethods=1607 adapters=548
 compilation: enabled

Compilation events (10 events):
Event: 5,157 Thread 0x00007f63fc0bd000 nmethod 1594 0x00007f63ed4afd90 code [0x00007f63ed4b0240, 0x00007f63ed4b3208]
Event: 5,158 Thread 0x00007f63fc0bd000 1598       3       java.util.HashMap::clear (50 bytes)
Event: 5,158 Thread 0x00007f63fc0bd000 nmethod 1598 0x00007f63ed4b4890 code [0x00007f63ed4b4a20, 0x00007f63ed4b4df0]
Event: 5,158 Thread 0x00007f63fc0bd000 1596       3       com.sun.javafx.css.StyleCacheEntry$Key::hashCode (84 bytes)
Event: 5,159 Thread 0x00007f63fc0bd000 nmethod 1596 0x00007f63ed4b4f10 code [0x00007f63ed4b50c0, 0x00007f63ed4b5578]
Event: 5,159 Thread 0x00007f63fc0bd000 1597       3       java.lang.Class::enumConstantDirectory (114 bytes)
Event: 5,160 Thread 0x00007f63fc0bd000 nmethod 1597 0x00007f63ed4b5790 code [0x00007f63ed4b5a20, 0x00007f63ed4b6b48]
Event: 5,160 Thread 0x00007f63fc0bd000 1599       3       java.lang.Double::<init> (10 bytes)
Event: 5,161 Thread 0x00007f63fc0bd000 nmethod 1599 0x00007f63ed4b7310 code [0x00007f63ed4b7480, 0x00007f63ed4b7690]
Event: 5,161 Thread 0x00007f63fc0bd000 1605       1       javafx.scene.text.Font::impl_getNativeFont (5 bytes)

GC Heap History (2 events):
Event: 1,038 GC heap before
{Heap before GC invocations=1 (full 0):
 PSYoungGen      total 36864K, used 31744K [0x00000000d7100000, 0x00000000d9a00000, 0x0000000100000000)
  eden space 31744K, 100% used [0x00000000d7100000,0x00000000d9000000,0x00000000d9000000)
  from space 5120K, 0% used [0x00000000d9500000,0x00000000d9500000,0x00000000d9a00000)
  to   space 5120K, 0% used [0x00000000d9000000,0x00000000d9000000,0x00000000d9500000)
 ParOldGen       total 84992K, used 0K [0x0000000085200000, 0x000000008a500000, 0x00000000d7100000)
  object space 84992K, 0% used [0x0000000085200000,0x0000000085200000,0x000000008a500000)
 Metaspace       used 14310K, capacity 14800K, committed 14976K, reserved 1062912K
  class space    used 2009K, capacity 2140K, committed 2176K, reserved 1048576K
Event: 1,046 GC heap after
Heap after GC invocations=1 (full 0):
 PSYoungGen      total 36864K, used 4640K [0x00000000d7100000, 0x00000000d9a00000, 0x0000000100000000)
  eden space 31744K, 0% used [0x00000000d7100000,0x00000000d7100000,0x00000000d9000000)
  from space 5120K, 90% used [0x00000000d9000000,0x00000000d9488040,0x00000000d9500000)
  to   space 5120K, 0% used [0x00000000d9500000,0x00000000d9500000,0x00000000d9a00000)
 ParOldGen       total 84992K, used 4119K [0x0000000085200000, 0x000000008a500000, 0x00000000d7100000)
  object space 84992K, 4% used [0x0000000085200000,0x0000000085605c60,0x000000008a500000)
 Metaspace       used 14310K, capacity 14800K, committed 14976K, reserved 1062912K
  class space    used 2009K, capacity 2140K, committed 2176K, reserved 1048576K
}

Deoptimization events (10 events):
Event: 0,867 Thread 0x00007f63fc23c800 Uncommon trap: reason=class_check action=maybe_recompile pc=0x00007f63ed268e34 method=java.io.DataInputStream.readShort()S @ 4
Event: 0,867 Thread 0x00007f63fc23c800 Uncommon trap: reason=class_check action=maybe_recompile pc=0x00007f63ed268e34 method=java.io.DataInputStream.readShort()S @ 4
Event: 0,867 Thread 0x00007f63fc23c800 Uncommon trap: reason=class_check action=maybe_recompile pc=0x00007f63ed268e34 method=java.io.DataInputStream.readShort()S @ 4
Event: 0,872 Thread 0x00007f63fc23c800 Uncommon trap: reason=class_check action=maybe_recompile pc=0x00007f63ed118578 method=java.lang.String.equals(Ljava/lang/Object;)Z @ 8
Event: 0,872 Thread 0x00007f63fc23c800 Uncommon trap: reason=class_check action=maybe_recompile pc=0x00007f63ed118578 method=java.lang.String.equals(Ljava/lang/Object;)Z @ 8
Event: 0,872 Thread 0x00007f63fc23c800 Uncommon trap: reason=class_check action=maybe_recompile pc=0x00007f63ed118578 method=java.lang.String.equals(Ljava/lang/Object;)Z @ 8
Event: 0,874 Thread 0x00007f63fc23c800 Uncommon trap: reason=class_check action=maybe_recompile pc=0x00007f63ed118578 method=java.lang.String.equals(Ljava/lang/Object;)Z @ 8
Event: 1,295 Thread 0x00007f63fc23c800 Uncommon trap: reason=unstable_if action=reinterpret pc=0x00007f63ed329efc method=jdk.internal.org.objectweb.asm.Type.getArgumentsAndReturnSizes(Ljava/lang/String;)I @ 47
Event: 3,545 Thread 0x00007f63fc1f0800 Uncommon trap: reason=unstable_if action=reinterpret pc=0x00007f63ed438a20 method=java.lang.StrictMath.floorOrCeil(DDDD)D @ 115
Event: 3,903 Thread 0x00007f63fc23c800 Uncommon trap: reason=unstable_if action=reinterpret pc=0x00007f63ed2415e0 method=java.lang.CharacterData.of(I)Ljava/lang/CharacterData; @ 4

Internal exceptions (10 events):
Event: 0,153 Thread 0x00007f63fc00a000 Exception <a 'java/lang/NullPointerException'> (0x00000000d73a60c8) thrown at [/HUDSON3/workspace/8-2-build-linux-amd64/jdk8u111/7883/hotspot/src/share/vm/interpreter/linkResolver.cpp, line 1178]
Event: 0,414 Thread 0x00007f63fc23c800 Exception <a 'java/lang/NullPointerException'> (0x00000000d7ca55a8) thrown at [/HUDSON3/workspace/8-2-build-linux-amd64/jdk8u111/7883/hotspot/src/share/vm/interpreter/linkResolver.cpp, line 1178]
Event: 0,414 Thread 0x00007f63fc23c800 Exception <a 'java/lang/NullPointerException'> (0x00000000d7ca55a8) thrown at [/HUDSON3/workspace/8-2-build-linux-amd64/jdk8u111/7883/hotspot/src/share/vm/prims/jvm.cpp, line 1390]
Event: 0,532 Thread 0x00007f63fc23c800 Exception <a 'java/lang/ArrayIndexOutOfBoundsException'> (0x00000000d80ef4b8) thrown at [/HUDSON3/workspace/8-2-build-linux-amd64/jdk8u111/7883/hotspot/src/share/vm/runtime/sharedRuntime.cpp, line 605]
Event: 0,533 Thread 0x00007f63fc23c800 Exception <a 'java/lang/ArrayIndexOutOfBoundsException'> (0x00000000d80f01b8) thrown at [/HUDSON3/workspace/8-2-build-linux-amd64/jdk8u111/7883/hotspot/src/share/vm/runtime/sharedRuntime.cpp, line 605]
Event: 0,533 Thread 0x00007f63fc23c800 Exception <a 'java/lang/ArrayIndexOutOfBoundsException'> (0x00000000d80f1560) thrown at [/HUDSON3/workspace/8-2-build-linux-amd64/jdk8u111/7883/hotspot/src/share/vm/runtime/sharedRuntime.cpp, line 605]
Event: 0,770 Thread 0x00007f63fc23c800 Implicit null exception at 0x00007f63ed27a535 to 0x00007f63ed27a711
Event: 0,962 Thread 0x00007f63fc23c800 Exception <a 'java/lang/ClassCastException': javafx.scene.paint.Color cannot be cast to java.lang.String> (0x00000000d8ded080) thrown at [/HUDSON3/workspace/8-2-build-linux-amd64/jdk8u111/7883/hotspot/src/share/vm/interpreter/interpreterRuntime.cpp, line 
Event: 1,077 Thread 0x00007f63fc23c800 Exception <a 'java/lang/ClassCastException': javafx.scene.paint.Color cannot be cast to java.lang.String> (0x00000000d7285d80) thrown at [/HUDSON3/workspace/8-2-build-linux-amd64/jdk8u111/7883/hotspot/src/share/vm/interpreter/interpreterRuntime.cpp, line 
Event: 1,304 Thread 0x00007f63fc23c800 Exception <a 'java/lang/ClassCastException': javafx.scene.paint.Color cannot be cast to java.lang.String> (0x00000000d76385e0) thrown at [/HUDSON3/workspace/8-2-build-linux-amd64/jdk8u111/7883/hotspot/src/share/vm/interpreter/interpreterRuntime.cpp, line 

Events (10 events):
Event: 5,136 loading class javafx/event/EventHandler
Event: 5,136 loading class javafx/event/EventHandler done
Event: 5,136 loading class javafx/scene/input/KeyEvent
Event: 5,136 loading class javafx/scene/input/KeyEvent done
Event: 5,136 loading class javafx/event/EventHandler
Event: 5,136 loading class javafx/event/EventHandler done
Event: 5,159 loading class com/sun/javafx/scene/text/HitInfo
Event: 5,159 loading class com/sun/javafx/scene/text/HitInfo done
Event: 5,161 loading class com/sun/javafx/scene/KeyboardShortcutsHandler$1
Event: 5,161 loading class com/sun/javafx/scene/KeyboardShortcutsHandler$1 done


Dynamic libraries:
00400000-00401000 r-xp 00000000 08:02 5250876                            /usr/local/jdk1.8.0_111/bin/java
00600000-00601000 rw-p 00000000 08:02 5250876                            /usr/local/jdk1.8.0_111/bin/java
00667000-00688000 rw-p 00000000 00:00 0                                  [heap]
85200000-8a500000 rw-p 00000000 00:00 0 
8a500000-d7100000 ---p 00000000 00:00 0 
d7100000-d9a00000 rw-p 00000000 00:00 0 
d9a00000-100000000 ---p 00000000 00:00 0 
100000000-100280000 rw-p 00000000 00:00 0 
100280000-140000000 ---p 00000000 00:00 0 
7f6390000000-7f6390021000 rw-p 00000000 00:00 0 
7f6390021000-7f6394000000 ---p 00000000 00:00 0 
7f6397540000-7f6397580000 rw-p 00000000 00:00 0 
7f6397580000-7f6397740000 ---p 00000000 00:00 0 
7f6397740000-7f6397e40000 rw-s 00000000 00:05 93110                      /drm mm object (deleted)
7f6397e40000-7f6398000000 rw-s 00000000 00:05 93107                      /drm mm object (deleted)
7f6398000000-7f6398646000 rw-p 00000000 00:00 0 
7f6398646000-7f639c000000 ---p 00000000 00:00 0 
7f639c000000-7f639c021000 rw-p 00000000 00:00 0 
7f639c021000-7f63a0000000 ---p 00000000 00:00 0 
7f63a0000000-7f63a0021000 rw-p 00000000 00:00 0 
7f63a0021000-7f63a4000000 ---p 00000000 00:00 0 
7f63a417b000-7f63a4183000 rw-s 00000000 00:05 93118                      /drm mm object (deleted)
7f63a4183000-7f63a418b000 rw-s 00000000 00:05 94309                      /drm mm object (deleted)
7f63a418b000-7f63a434b000 rw-s 10d141000 00:06 12461                     /dev/dri/card0
7f63a434b000-7f63a43ab000 rw-s 00000000 00:05 94308                      /drm mm object (deleted)
7f63a43ab000-7f63a43b9000 rw-s 00000000 00:05 94307                      /drm mm object (deleted)
7f63a43b9000-7f63a43c9000 rw-s 00000000 00:05 94305                      /drm mm object (deleted)
7f63a43c9000-7f63a43d5000 rw-s 00000000 00:05 93478                      /drm mm object (deleted)
7f63a43d5000-7f63a43e8000 r--s 00345000 08:02 5124010                    /usr/local/jdk1.8.0_111/jre/lib/resources.jar
7f63a43e8000-7f63a45e8000 rw-p 00000000 00:00 0 
7f63a45e8000-7f63a45f2000 r--s 00115000 08:02 5250531                    /usr/local/jdk1.8.0_111/jre/lib/ext/localedata.jar
7f63a45f2000-7f63a45f5000 ---p 00000000 00:00 0 
7f63a45f5000-7f63a46f3000 rw-p 00000000 00:00 0 
7f63a46f3000-7f63a473e000 r--p 00000000 08:02 5900869                    /usr/share/fonts/truetype/noto/NotoSans-Regular.ttf
7f63a473e000-7f63a477a000 r--p 00000000 08:02 5250472                    /usr/local/jdk1.8.0_111/jre/lib/fonts/LucidaTypewriterRegular.ttf
7f63a477a000-7f63a478d000 r--p 00000000 08:02 5250486                    /usr/local/jdk1.8.0_111/jre/lib/fonts/LucidaBrightDemiBold.ttf
7f63a478d000-7f63a47a0000 r--p 00000000 08:02 5250476                    /usr/local/jdk1.8.0_111/jre/lib/fonts/LucidaBrightDemiItalic.ttf
7f63a47a0000-7f63a484b000 r--p 00000000 08:02 5250525                    /usr/local/jdk1.8.0_111/jre/lib/fonts/LucidaSansRegular.ttf
7f63a484b000-7f63a485f000 r--p 00000000 08:02 5250509                    /usr/local/jdk1.8.0_111/jre/lib/fonts/LucidaBrightItalic.ttf
7f63a485f000-7f63a48ad000 r--p 00000000 08:02 5250510                    /usr/local/jdk1.8.0_111/jre/lib/fonts/LucidaSansDemiBold.ttf
7f63a48ad000-7f63a48e7000 r--p 00000000 08:02 5250485                    /usr/local/jdk1.8.0_111/jre/lib/fonts/LucidaTypewriterBold.ttf
7f63a48e7000-7f63a493c000 r--p 00000000 08:02 5250492                    /usr/local/jdk1.8.0_111/jre/lib/fonts/LucidaBrightRegular.ttf
7f63a493c000-7f63a4940000 r-xp 00000000 08:02 5250491                    /usr/local/jdk1.8.0_111/jre/lib/amd64/libjavafx_font_pango.so
7f63a4940000-7f63a4b3f000 ---p 00004000 08:02 5250491                    /usr/local/jdk1.8.0_111/jre/lib/amd64/libjavafx_font_pango.so
7f63a4b3f000-7f63a4b40000 rw-p 00003000 08:02 5250491                    /usr/local/jdk1.8.0_111/jre/lib/amd64/libjavafx_font_pango.so
7f63a4b40000-7f63a4b70000 r-xp 00000000 08:02 5247319                    /usr/lib/x86_64-linux-gnu/gtk-2.0/2.10.0/engines/libmurrine.so
7f63a4b70000-7f63a4d70000 ---p 00030000 08:02 5247319                    /usr/lib/x86_64-linux-gnu/gtk-2.0/2.10.0/engines/libmurrine.so
7f63a4d70000-7f63a4d71000 r--p 00030000 08:02 5247319                    /usr/lib/x86_64-linux-gnu/gtk-2.0/2.10.0/engines/libmurrine.so
7f63a4d71000-7f63a4d72000 rw-p 00031000 08:02 5247319                    /usr/lib/x86_64-linux-gnu/gtk-2.0/2.10.0/engines/libmurrine.so
7f63a4d72000-7f63a4d74000 r-xp 00000000 08:02 5247312                    /usr/lib/x86_64-linux-gnu/gtk-2.0/2.10.0/engines/libadwaita.so
7f63a4d74000-7f63a4f74000 ---p 00002000 08:02 5247312                    /usr/lib/x86_64-linux-gnu/gtk-2.0/2.10.0/engines/libadwaita.so
7f63a4f74000-7f63a4f75000 r--p 00002000 08:02 5247312                    /usr/lib/x86_64-linux-gnu/gtk-2.0/2.10.0/engines/libadwaita.so
7f63a4f75000-7f63a4f76000 rw-p 00003000 08:02 5247312                    /usr/lib/x86_64-linux-gnu/gtk-2.0/2.10.0/engines/libadwaita.so
7f63a4f76000-7f63a4f80000 r-xp 00000000 08:02 5247320                    /usr/lib/x86_64-linux-gnu/gtk-2.0/2.10.0/engines/libpixmap.so
7f63a4f80000-7f63a517f000 ---p 0000a000 08:02 5247320                    /usr/lib/x86_64-linux-gnu/gtk-2.0/2.10.0/engines/libpixmap.so
7f63a517f000-7f63a5180000 r--p 00009000 08:02 5247320                    /usr/lib/x86_64-linux-gnu/gtk-2.0/2.10.0/engines/libpixmap.so
7f63a5180000-7f63a5181000 rw-p 0000a000 08:02 5247320                    /usr/lib/x86_64-linux-gnu/gtk-2.0/2.10.0/engines/libpixmap.so
7f63a5181000-7f63a51aa000 r--p 00000000 08:02 6429737                    /usr/share/locale/pt/LC_MESSAGES/gtk20-properties.mo
7f63a51aa000-7f63a53aa000 rw-p 00000000 00:00 0 
7f63a53aa000-7f63a53ec000 r--s 00000000 08:02 15073338                   /var/cache/fontconfig/0bd3dc0958fa2205aaaa8ebb13e2872b-le64.cache-4
7f63a53ec000-7f63a53f1000 r-xp 00000000 08:02 5250475                    /usr/local/jdk1.8.0_111/jre/lib/amd64/libjavafx_font_freetype.so
7f63a53f1000-7f63a55f0000 ---p 00005000 08:02 5250475                    /usr/local/jdk1.8.0_111/jre/lib/amd64/libjavafx_font_freetype.so
7f63a55f0000-7f63a55f1000 rw-p 00004000 08:02 5250475                    /usr/local/jdk1.8.0_111/jre/lib/amd64/libjavafx_font_freetype.so
7f63a55f1000-7f63a55f4000 r-xp 00000000 08:02 5250574                    /usr/local/jdk1.8.0_111/jre/lib/amd64/libjavafx_font.so
7f63a55f4000-7f63a57f3000 ---p 00003000 08:02 5250574                    /usr/local/jdk1.8.0_111/jre/lib/amd64/libjavafx_font.so
7f63a57f3000-7f63a57f4000 rw-p 00002000 08:02 5250574                    /usr/local/jdk1.8.0_111/jre/lib/amd64/libjavafx_font.so
7f63a57f4000-7f63a59f4000 rw-p 00000000 00:00 0 
7f63a59f4000-7f63a59f7000 ---p 00000000 00:00 0 
7f63a59f7000-7f63a5af5000 rw-p 00000000 00:00 0 
7f63a5af5000-7f63a5af8000 ---p 00000000 00:00 0 
7f63a5af8000-7f63a5bf6000 rw-p 00000000 00:00 0 
7f63a5bf6000-7f63a5bf9000 ---p 00000000 00:00 0 
7f63a5bf9000-7f63a5cf7000 rw-p 00000000 00:00 0 
7f63a5cf7000-7f63a5d20000 r-xp 00000000 08:02 5250672                    /usr/local/jdk1.8.0_111/jre/lib/amd64/libglass.so
7f63a5d20000-7f63a5f1f000 ---p 00029000 08:02 5250672                    /usr/local/jdk1.8.0_111/jre/lib/amd64/libglass.so
7f63a5f1f000-7f63a5f22000 rw-p 00028000 08:02 5250672                    /usr/local/jdk1.8.0_111/jre/lib/amd64/libglass.so
7f63a5f22000-7f63a5f59000 r-xp 00000000 08:02 5248937                    /usr/lib/x86_64-linux-gnu/libtxc_dxtn_s2tc.so.0.0.0
7f63a5f59000-7f63a6158000 ---p 00037000 08:02 5248937                    /usr/lib/x86_64-linux-gnu/libtxc_dxtn_s2tc.so.0.0.0
7f63a6158000-7f63a6159000 r--p 00036000 08:02 5248937                    /usr/lib/x86_64-linux-gnu/libtxc_dxtn_s2tc.so.0.0.0
7f63a6159000-7f63a615a000 rw-p 00037000 08:02 5248937                    /usr/lib/x86_64-linux-gnu/libtxc_dxtn_s2tc.so.0.0.0
7f63a615a000-7f63a6162000 r-xp 00000000 08:02 5248670                    /usr/lib/x86_64-linux-gnu/libpciaccess.so.0.11.1
7f63a6162000-7f63a6362000 ---p 00008000 08:02 5248670                    /usr/lib/x86_64-linux-gnu/libpciaccess.so.0.11.1
7f63a6362000-7f63a6363000 r--p 00008000 08:02 5248670                    /usr/lib/x86_64-linux-gnu/libpciaccess.so.0.11.1
7f63a6363000-7f63a6364000 rw-p 00009000 08:02 5248670                    /usr/lib/x86_64-linux-gnu/libpciaccess.so.0.11.1
7f63a6364000-7f63a6378000 r-xp 00000000 08:02 21236321                   /lib/x86_64-linux-gnu/libgpg-error.so.0.22.0
7f63a6378000-7f63a6577000 ---p 00014000 08:02 21236321                   /lib/x86_64-linux-gnu/libgpg-error.so.0.22.0
7f63a6577000-7f63a6578000 r--p 00013000 08:02 21236321                   /lib/x86_64-linux-gnu/libgpg-error.so.0.22.0
7f63a6578000-7f63a6579000 rw-p 00014000 08:02 21236321                   /lib/x86_64-linux-gnu/libgpg-error.so.0.22.0
7f63a6579000-7f63a6584000 r-xp 00000000 08:02 5247858                    /usr/lib/x86_64-linux-gnu/libdrm_radeon.so.1.0.1
7f63a6584000-7f63a6783000 ---p 0000b000 08:02 5247858                    /usr/lib/x86_64-linux-gnu/libdrm_radeon.so.1.0.1
7f63a6783000-7f63a6784000 r--p 0000a000 08:02 5247858                    /usr/lib/x86_64-linux-gnu/libdrm_radeon.so.1.0.1
7f63a6784000-7f63a6785000 rw-p 0000b000 08:02 5247858                    /usr/lib/x86_64-linux-gnu/libdrm_radeon.so.1.0.1
7f63a6785000-7f63a678c000 r-xp 00000000 08:02 5247856                    /usr/lib/x86_64-linux-gnu/libdrm_nouveau.so.2.0.0
7f63a678c000-7f63a698b000 ---p 00007000 08:02 5247856                    /usr/lib/x86_64-linux-gnu/libdrm_nouveau.so.2.0.0
7f63a698b000-7f63a698c000 r--p 00006000 08:02 5247856                    /usr/lib/x86_64-linux-gnu/libdrm_nouveau.so.2.0.0
7f63a698c000-7f63a698d000 rw-p 00007000 08:02 5247856                    /usr/lib/x86_64-linux-gnu/libdrm_nouveau.so.2.0.0
7f63a698d000-7f63a69af000 r-xp 00000000 08:02 5247854                    /usr/lib/x86_64-linux-gnu/libdrm_intel.so.1.0.0
7f63a69af000-7f63a6baf000 ---p 00022000 08:02 5247854                    /usr/lib/x86_64-linux-gnu/libdrm_intel.so.1.0.0
7f63a6baf000-7f63a6bb0000 r--p 00022000 08:02 5247854                    /usr/lib/x86_64-linux-gnu/libdrm_intel.so.1.0.0
7f63a6bb0000-7f63a6bb1000 rw-p 00023000 08:02 5247854                    /usr/lib/x86_64-linux-gnu/libdrm_intel.so.1.0.0
7f63a6bb1000-7f63a6cb8000 r-xp 00000000 08:02 21236317                   /lib/x86_64-linux-gnu/libgcrypt.so.20.1.8
7f63a6cb8000-7f63a6eb7000 ---p 00107000 08:02 21236317                   /lib/x86_64-linux-gnu/libgcrypt.so.20.1.8
7f63a6eb7000-7f63a6eb9000 r--p 00106000 08:02 21236317                   /lib/x86_64-linux-gnu/libgcrypt.so.20.1.8
7f63a6eb9000-7f63a6ec0000 rw-p 00108000 08:02 21236317                   /lib/x86_64-linux-gnu/libgcrypt.so.20.1.8
7f63a6ec0000-7f63a7567000 r-xp 00000000 08:02 5246292                    /usr/lib/x86_64-linux-gnu/dri/i965_dri.so
7f63a7567000-7f63a7766000 ---p 006a7000 08:02 5246292                    /usr/lib/x86_64-linux-gnu/dri/i965_dri.so
7f63a7766000-7f63a77a8000 r--p 006a6000 08:02 5246292                    /usr/lib/x86_64-linux-gnu/dri/i965_dri.so
7f63a77a8000-7f63a77b0000 rw-p 006e8000 08:02 5246292                    /usr/lib/x86_64-linux-gnu/dri/i965_dri.so
7f63a77b0000-7f63a77b8000 rw-p 00000000 00:00 0 
7f63a77b8000-7f63a77cb000 r-xp 00000000 08:02 21236274                   /lib/x86_64-linux-gnu/libbsd.so.0.8.6
7f63a77cb000-7f63a79ca000 ---p 00013000 08:02 21236274                   /lib/x86_64-linux-gnu/libbsd.so.0.8.6
7f63a79ca000-7f63a79cb000 r--p 00012000 08:02 21236274                   /lib/x86_64-linux-gnu/libbsd.so.0.8.6
7f63a79cb000-7f63a79cc000 rw-p 00013000 08:02 21236274                   /lib/x86_64-linux-gnu/libbsd.so.0.8.6
7f63a79cc000-7f63a79cd000 rw-p 00000000 00:00 0 
7f63a79cd000-7f63a79d1000 r-xp 00000000 08:02 21236450                   /lib/x86_64-linux-gnu/libuuid.so.1.3.0
7f63a79d1000-7f63a7bd0000 ---p 00004000 08:02 21236450                   /lib/x86_64-linux-gnu/libuuid.so.1.3.0
7f63a7bd0000-7f63a7bd1000 r--p 00003000 08:02 21236450                   /lib/x86_64-linux-gnu/libuuid.so.1.3.0
7f63a7bd1000-7f63a7bd2000 rw-p 00004000 08:02 21236450                   /lib/x86_64-linux-gnu/libuuid.so.1.3.0
7f63a7bd2000-7f63a7bd9000 r-xp 00000000 08:02 5247795                    /usr/lib/x86_64-linux-gnu/libdatrie.so.1.3.3
7f63a7bd9000-7f63a7dd8000 ---p 00007000 08:02 5247795                    /usr/lib/x86_64-linux-gnu/libdatrie.so.1.3.3
7f63a7dd8000-7f63a7dd9000 r--p 00006000 08:02 5247795                    /usr/lib/x86_64-linux-gnu/libdatrie.so.1.3.3
7f63a7dd9000-7f63a7dda000 rw-p 00007000 08:02 5247795                    /usr/lib/x86_64-linux-gnu/libdatrie.so.1.3.3
7f63a7dda000-7f63a7ddf000 r-xp 00000000 08:02 5247576                    /usr/lib/x86_64-linux-gnu/libXdmcp.so.6.0.0
7f63a7ddf000-7f63a7fde000 ---p 00005000 08:02 5247576                    /usr/lib/x86_64-linux-gnu/libXdmcp.so.6.0.0
7f63a7fde000-7f63a7fdf000 r--p 00004000 08:02 5247576                    /usr/lib/x86_64-linux-gnu/libXdmcp.so.6.0.0
7f63a7fdf000-7f63a7fe0000 rw-p 00005000 08:02 5247576                    /usr/lib/x86_64-linux-gnu/libXdmcp.so.6.0.0
7f63a7fe0000-7f63a7fe3000 r-xp 00000000 08:02 5247565                    /usr/lib/x86_64-linux-gnu/libXau.so.6.0.0
7f63a7fe3000-7f63a81e2000 ---p 00003000 08:02 5247565                    /usr/lib/x86_64-linux-gnu/libXau.so.6.0.0
7f63a81e2000-7f63a81e3000 r--p 00002000 08:02 5247565                    /usr/lib/x86_64-linux-gnu/libXau.so.6.0.0
7f63a81e3000-7f63a81e4000 rw-p 00003000 08:02 5247565                    /usr/lib/x86_64-linux-gnu/libXau.so.6.0.0
7f63a81e4000-7f63a820f000 r-xp 00000000 08:02 5248202                    /usr/lib/x86_64-linux-gnu/libgraphite2.so.3.0.1
7f63a820f000-7f63a840e000 ---p 0002b000 08:02 5248202                    /usr/lib/x86_64-linux-gnu/libgraphite2.so.3.0.1
7f63a840e000-7f63a8410000 r--p 0002a000 08:02 5248202                    /usr/lib/x86_64-linux-gnu/libgraphite2.so.3.0.1
7f63a8410000-7f63a8411000 rw-p 0002c000 08:02 5248202                    /usr/lib/x86_64-linux-gnu/libgraphite2.so.3.0.1
7f63a8411000-7f63a8452000 r-xp 00000000 08:02 21236272                   /lib/x86_64-linux-gnu/libblkid.so.1.1.0
7f63a8452000-7f63a8651000 ---p 00041000 08:02 21236272                   /lib/x86_64-linux-gnu/libblkid.so.1.1.0
7f63a8651000-7f63a8655000 r--p 00040000 08:02 21236272                   /lib/x86_64-linux-gnu/libblkid.so.1.1.0
7f63a8655000-7f63a8656000 rw-p 00044000 08:02 21236272                   /lib/x86_64-linux-gnu/libblkid.so.1.1.0
7f63a8656000-7f63a8657000 rw-p 00000000 00:00 0 
7f63a8657000-7f63a8667000 r-xp 00000000 08:02 5247850                    /usr/lib/x86_64-linux-gnu/libdrm.so.2.4.0
7f63a8667000-7f63a8866000 ---p 00010000 08:02 5247850                    /usr/lib/x86_64-linux-gnu/libdrm.so.2.4.0
7f63a8866000-7f63a8867000 r--p 0000f000 08:02 5247850                    /usr/lib/x86_64-linux-gnu/libdrm.so.2.4.0
7f63a8867000-7f63a8868000 rw-p 00010000 08:02 5247850                    /usr/lib/x86_64-linux-gnu/libdrm.so.2.4.0
7f63a8868000-7f63a886c000 r-xp 00000000 08:02 5249066                    /usr/lib/x86_64-linux-gnu/libxcb-dri2.so.0.0.0
7f63a886c000-7f63a8a6b000 ---p 00004000 08:02 5249066                    /usr/lib/x86_64-linux-gnu/libxcb-dri2.so.0.0.0
7f63a8a6b000-7f63a8a6c000 r--p 00003000 08:02 5249066                    /usr/lib/x86_64-linux-gnu/libxcb-dri2.so.0.0.0
7f63a8a6c000-7f63a8a6d000 rw-p 00004000 08:02 5249066                    /usr/lib/x86_64-linux-gnu/libxcb-dri2.so.0.0.0
7f63a8a6d000-7f63a8a85000 r-xp 00000000 08:02 5249072                    /usr/lib/x86_64-linux-gnu/libxcb-glx.so.0.0.0
7f63a8a85000-7f63a8c85000 ---p 00018000 08:02 5249072                    /usr/lib/x86_64-linux-gnu/libxcb-glx.so.0.0.0
7f63a8c85000-7f63a8c87000 r--p 00018000 08:02 5249072                    /usr/lib/x86_64-linux-gnu/libxcb-glx.so.0.0.0
7f63a8c87000-7f63a8c88000 rw-p 0001a000 08:02 5249072                    /usr/lib/x86_64-linux-gnu/libxcb-glx.so.0.0.0
7f63a8c88000-7f63a8c89000 r-xp 00000000 08:02 5247559                    /usr/lib/x86_64-linux-gnu/libX11-xcb.so.1.0.0
7f63a8c89000-7f63a8e88000 ---p 00001000 08:02 5247559                    /usr/lib/x86_64-linux-gnu/libX11-xcb.so.1.0.0
7f63a8e88000-7f63a8e89000 r--p 00000000 08:02 5247559                    /usr/lib/x86_64-linux-gnu/libX11-xcb.so.1.0.0
7f63a8e89000-7f63a8e8a000 rw-p 00001000 08:02 5247559                    /usr/lib/x86_64-linux-gnu/libX11-xcb.so.1.0.0
7f63a8e8a000-7f63a8eb4000 r-xp 00000000 08:02 5248053                    /usr/lib/x86_64-linux-gnu/libglapi.so.0.0.0
7f63a8eb4000-7f63a90b3000 ---p 0002a000 08:02 5248053                    /usr/lib/x86_64-linux-gnu/libglapi.so.0.0.0
7f63a90b3000-7f63a90b7000 r--p 00029000 08:02 5248053                    /usr/lib/x86_64-linux-gnu/libglapi.so.0.0.0
7f63a90b7000-7f63a90b8000 rw-p 0002d000 08:02 5248053                    /usr/lib/x86_64-linux-gnu/libglapi.so.0.0.0
7f63a90b8000-7f63a90b9000 rw-p 00000000 00:00 0 
7f63a90b9000-7f63a90ba000 r-xp 00000000 08:02 5249120                    /usr/lib/x86_64-linux-gnu/libxshmfence.so.1.0.0
7f63a90ba000-7f63a92b9000 ---p 00001000 08:02 5249120                    /usr/lib/x86_64-linux-gnu/libxshmfence.so.1.0.0
7f63a92b9000-7f63a92ba000 r--p 00000000 08:02 5249120                    /usr/lib/x86_64-linux-gnu/libxshmfence.so.1.0.0
7f63a92ba000-7f63a92bb000 rw-p 00001000 08:02 5249120                    /usr/lib/x86_64-linux-gnu/libxshmfence.so.1.0.0
7f63a92bb000-7f63a92c1000 r-xp 00000000 08:02 5249092                    /usr/lib/x86_64-linux-gnu/libxcb-sync.so.1.0.0
7f63a92c1000-7f63a94c0000 ---p 00006000 08:02 5249092                    /usr/lib/x86_64-linux-gnu/libxcb-sync.so.1.0.0
7f63a94c0000-7f63a94c1000 r--p 00005000 08:02 5249092                    /usr/lib/x86_64-linux-gnu/libxcb-sync.so.1.0.0
7f63a94c1000-7f63a94c2000 rw-p 00006000 08:02 5249092                    /usr/lib/x86_64-linux-gnu/libxcb-sync.so.1.0.0
7f63a94c2000-7f63a94c4000 r-xp 00000000 08:02 5249080                    /usr/lib/x86_64-linux-gnu/libxcb-present.so.0.0.0
7f63a94c4000-7f63a96c3000 ---p 00002000 08:02 5249080                    /usr/lib/x86_64-linux-gnu/libxcb-present.so.0.0.0
7f63a96c3000-7f63a96c4000 r--p 00001000 08:02 5249080                    /usr/lib/x86_64-linux-gnu/libxcb-present.so.0.0.0
7f63a96c4000-7f63a96c5000 rw-p 00002000 08:02 5249080                    /usr/lib/x86_64-linux-gnu/libxcb-present.so.0.0.0
7f63a96c5000-7f63a96c7000 r-xp 00000000 08:02 5249068                    /usr/lib/x86_64-linux-gnu/libxcb-dri3.so.0.0.0
7f63a96c7000-7f63a98c6000 ---p 00002000 08:02 5249068                    /usr/lib/x86_64-linux-gnu/libxcb-dri3.so.0.0.0
7f63a98c6000-7f63a98c7000 r--p 00001000 08:02 5249068                    /usr/lib/x86_64-linux-gnu/libxcb-dri3.so.0.0.0
7f63a98c7000-7f63a98c8000 rw-p 00002000 08:02 5249068                    /usr/lib/x86_64-linux-gnu/libxcb-dri3.so.0.0.0
7f63a98c8000-7f63a993a000 r-xp 00000000 08:02 21236394                   /lib/x86_64-linux-gnu/libpcre.so.3.13.3
7f63a993a000-7f63a9b39000 ---p 00072000 08:02 21236394                   /lib/x86_64-linux-gnu/libpcre.so.3.13.3
7f63a9b39000-7f63a9b3a000 r--p 00071000 08:02 21236394                   /lib/x86_64-linux-gnu/libpcre.so.3.13.3
7f63a9b3a000-7f63a9b3b000 rw-p 00072000 08:02 21236394                   /lib/x86_64-linux-gnu/libpcre.so.3.13.3
7f63a9b3b000-7f63a9b42000 r-xp 00000000 08:02 5247922                    /usr/lib/x86_64-linux-gnu/libffi.so.6.0.4
7f63a9b42000-7f63a9d42000 ---p 00007000 08:02 5247922                    /usr/lib/x86_64-linux-gnu/libffi.so.6.0.4
7f63a9d42000-7f63a9d43000 r--p 00007000 08:02 5247922                    /usr/lib/x86_64-linux-gnu/libffi.so.6.0.4
7f63a9d43000-7f63a9d44000 rw-p 00008000 08:02 5247922                    /usr/lib/x86_64-linux-gnu/libffi.so.6.0.4
7f63a9d44000-7f63a9d6c000 r-xp 00000000 08:02 21236308                   /lib/x86_64-linux-gnu/libexpat.so.1.6.4
7f63a9d6c000-7f63a9f6c000 ---p 00028000 08:02 21236308                   /lib/x86_64-linux-gnu/libexpat.so.1.6.4
7f63a9f6c000-7f63a9f6e000 r--p 00028000 08:02 21236308                   /lib/x86_64-linux-gnu/libexpat.so.1.6.4
7f63a9f6e000-7f63a9f6f000 rw-p 0002a000 08:02 21236308                   /lib/x86_64-linux-gnu/libexpat.so.1.6.4
7f63a9f6f000-7f63a9f77000 r-xp 00000000 08:02 5248914                    /usr/lib/x86_64-linux-gnu/libthai.so.0.3.0
7f63a9f77000-7f63aa177000 ---p 00008000 08:02 5248914                    /usr/lib/x86_64-linux-gnu/libthai.so.0.3.0
7f63aa177000-7f63aa178000 r--p 00008000 08:02 5248914                    /usr/lib/x86_64-linux-gnu/libthai.so.0.3.0
7f63aa178000-7f63aa179000 rw-p 00009000 08:02 5248914                    /usr/lib/x86_64-linux-gnu/libthai.so.0.3.0
7f63aa179000-7f63aa185000 r-xp 00000000 08:02 5249086                    /usr/lib/x86_64-linux-gnu/libxcb-render.so.0.0.0
7f63aa185000-7f63aa385000 ---p 0000c000 08:02 5249086                    /usr/lib/x86_64-linux-gnu/libxcb-render.so.0.0.0
7f63aa385000-7f63aa386000 r--p 0000c000 08:02 5249086                    /usr/lib/x86_64-linux-gnu/libxcb-render.so.0.0.0
7f63aa386000-7f63aa387000 rw-p 0000d000 08:02 5249086                    /usr/lib/x86_64-linux-gnu/libxcb-render.so.0.0.0
7f63aa387000-7f63aa3ae000 r-xp 00000000 08:02 5249102                    /usr/lib/x86_64-linux-gnu/libxcb.so.1.1.0
7f63aa3ae000-7f63aa5ad000 ---p 00027000 08:02 5249102                    /usr/lib/x86_64-linux-gnu/libxcb.so.1.1.0
7f63aa5ad000-7f63aa5ae000 r--p 00026000 08:02 5249102                    /usr/lib/x86_64-linux-gnu/libxcb.so.1.1.0
7f63aa5ae000-7f63aa5af000 rw-p 00027000 08:02 5249102                    /usr/lib/x86_64-linux-gnu/libxcb.so.1.1.0
7f63aa5af000-7f63aa5b1000 r-xp 00000000 08:02 5249090                    /usr/lib/x86_64-linux-gnu/libxcb-shm.so.0.0.0
7f63aa5b1000-7f63aa7b1000 ---p 00002000 08:02 5249090                    /usr/lib/x86_64-linux-gnu/libxcb-shm.so.0.0.0
7f63aa7b1000-7f63aa7b2000 r--p 00002000 08:02 5249090                    /usr/lib/x86_64-linux-gnu/libxcb-shm.so.0.0.0
7f63aa7b2000-7f63aa7b3000 rw-p 00003000 08:02 5249090                    /usr/lib/x86_64-linux-gnu/libxcb-shm.so.0.0.0
7f63aa7b3000-7f63aa851000 r-xp 00000000 08:02 5248707                    /usr/lib/x86_64-linux-gnu/libpixman-1.so.0.34.0
7f63aa851000-7f63aaa51000 ---p 0009e000 08:02 5248707                    /usr/lib/x86_64-linux-gnu/libpixman-1.so.0.34.0
7f63aaa51000-7f63aaa59000 r--p 0009e000 08:02 5248707                    /usr/lib/x86_64-linux-gnu/libpixman-1.so.0.34.0
7f63aaa59000-7f63aaa5a000 rw-p 000a6000 08:02 5248707                    /usr/lib/x86_64-linux-gnu/libpixman-1.so.0.34.0
7f63aaa5a000-7f63aaa8b000 r-xp 00000000 08:02 5248716                    /usr/lib/x86_64-linux-gnu/libpng16.so.16.30.0
7f63aaa8b000-7f63aac8b000 ---p 00031000 08:02 5248716                    /usr/lib/x86_64-linux-gnu/libpng16.so.16.30.0
7f63aac8b000-7f63aac8c000 r--p 00031000 08:02 5248716                    /usr/lib/x86_64-linux-gnu/libpng16.so.16.30.0
7f63aac8c000-7f63aac8d000 rw-p 00032000 08:02 5248716                    /usr/lib/x86_64-linux-gnu/libpng16.so.16.30.0
7f63aac8d000-7f63aad20000 r-xp 00000000 08:02 5248305                    /usr/lib/x86_64-linux-gnu/libharfbuzz.so.0.10400.2
7f63aad20000-7f63aaf1f000 ---p 00093000 08:02 5248305                    /usr/lib/x86_64-linux-gnu/libharfbuzz.so.0.10400.2
7f63aaf1f000-7f63aaf21000 r--p 00092000 08:02 5248305                    /usr/lib/x86_64-linux-gnu/libharfbuzz.so.0.10400.2
7f63aaf21000-7f63aaf22000 rw-p 00094000 08:02 5248305                    /usr/lib/x86_64-linux-gnu/libharfbuzz.so.0.10400.2
7f63aaf22000-7f63aaf6c000 r-xp 00000000 08:02 21236353                   /lib/x86_64-linux-gnu/libmount.so.1.1.0
7f63aaf6c000-7f63ab16c000 ---p 0004a000 08:02 21236353                   /lib/x86_64-linux-gnu/libmount.so.1.1.0
7f63ab16c000-7f63ab16d000 r--p 0004a000 08:02 21236353                   /lib/x86_64-linux-gnu/libmount.so.1.1.0
7f63ab16d000-7f63ab16e000 rw-p 0004b000 08:02 21236353                   /lib/x86_64-linux-gnu/libmount.so.1.1.0
7f63ab16e000-7f63ab170000 rw-p 00000000 00:00 0 
7f63ab170000-7f63ab184000 r-xp 00000000 08:02 21236421                   /lib/x86_64-linux-gnu/libresolv-2.24.so
7f63ab184000-7f63ab383000 ---p 00014000 08:02 21236421                   /lib/x86_64-linux-gnu/libresolv-2.24.so
7f63ab383000-7f63ab384000 r--p 00013000 08:02 21236421                   /lib/x86_64-linux-gnu/libresolv-2.24.so
7f63ab384000-7f63ab385000 rw-p 00014000 08:02 21236421                   /lib/x86_64-linux-gnu/libresolv-2.24.so
7f63ab385000-7f63ab387000 rw-p 00000000 00:00 0 
7f63ab387000-7f63ab3ac000 r-xp 00000000 08:02 21236427                   /lib/x86_64-linux-gnu/libselinux.so.1
7f63ab3ac000-7f63ab5ab000 ---p 00025000 08:02 21236427                   /lib/x86_64-linux-gnu/libselinux.so.1
7f63ab5ab000-7f63ab5ac000 r--p 00024000 08:02 21236427                   /lib/x86_64-linux-gnu/libselinux.so.1
7f63ab5ac000-7f63ab5ad000 rw-p 00025000 08:02 21236427                   /lib/x86_64-linux-gnu/libselinux.so.1
7f63ab5ad000-7f63ab5af000 rw-p 00000000 00:00 0 
7f63ab5af000-7f63ab5c8000 r-xp 00000000 08:02 21236454                   /lib/x86_64-linux-gnu/libz.so.1.2.8
7f63ab5c8000-7f63ab7c7000 ---p 00019000 08:02 21236454                   /lib/x86_64-linux-gnu/libz.so.1.2.8
7f63ab7c7000-7f63ab7c8000 r--p 00018000 08:02 21236454                   /lib/x86_64-linux-gnu/libz.so.1.2.8
7f63ab7c8000-7f63ab7c9000 rw-p 00019000 08:02 21236454                   /lib/x86_64-linux-gnu/libz.so.1.2.8
7f63ab7c9000-7f63ab7da000 r-xp 00000000 08:02 5247578                    /usr/lib/x86_64-linux-gnu/libXext.so.6.4.0
7f63ab7da000-7f63ab9d9000 ---p 00011000 08:02 5247578                    /usr/lib/x86_64-linux-gnu/libXext.so.6.4.0
7f63ab9d9000-7f63ab9da000 r--p 00010000 08:02 5247578                    /usr/lib/x86_64-linux-gnu/libXext.so.6.4.0
7f63ab9da000-7f63ab9db000 rw-p 00011000 08:02 5247578                    /usr/lib/x86_64-linux-gnu/libXext.so.6.4.0
7f63ab9db000-7f63ab9e5000 r-xp 00000000 08:02 5247572                    /usr/lib/x86_64-linux-gnu/libXcursor.so.1.0.2
7f63ab9e5000-7f63abbe4000 ---p 0000a000 08:02 5247572                    /usr/lib/x86_64-linux-gnu/libXcursor.so.1.0.2
7f63abbe4000-7f63abbe5000 r--p 00009000 08:02 5247572                    /usr/lib/x86_64-linux-gnu/libXcursor.so.1.0.2
7f63abbe5000-7f63abbe6000 rw-p 0000a000 08:02 5247572                    /usr/lib/x86_64-linux-gnu/libXcursor.so.1.0.2
7f63abbe6000-7f63abbf0000 r-xp 00000000 08:02 5247598                    /usr/lib/x86_64-linux-gnu/libXrandr.so.2.2.0
7f63abbf0000-7f63abdef000 ---p 0000a000 08:02 5247598                    /usr/lib/x86_64-linux-gnu/libXrandr.so.2.2.0
7f63abdef000-7f63abdf0000 r--p 00009000 08:02 5247598                    /usr/lib/x86_64-linux-gnu/libXrandr.so.2.2.0
7f63abdf0000-7f63abdf1000 rw-p 0000a000 08:02 5247598                    /usr/lib/x86_64-linux-gnu/libXrandr.so.2.2.0
7f63abdf1000-7f63abe00000 r-xp 00000000 08:02 5247588                    /usr/lib/x86_64-linux-gnu/libXi.so.6.1.0
7f63abe00000-7f63abfff000 ---p 0000f000 08:02 5247588                    /usr/lib/x86_64-linux-gnu/libXi.so.6.1.0
7f63abfff000-7f63ac000000 r--p 0000e000 08:02 5247588                    /usr/lib/x86_64-linux-gnu/libXi.so.6.1.0
7f63ac000000-7f63ac001000 rw-p 0000f000 08:02 5247588                    /usr/lib/x86_64-linux-gnu/libXi.so.6.1.0
7f63ac001000-7f63ac003000 r-xp 00000000 08:02 5247590                    /usr/lib/x86_64-linux-gnu/libXinerama.so.1.0.0
7f63ac003000-7f63ac202000 ---p 00002000 08:02 5247590                    /usr/lib/x86_64-linux-gnu/libXinerama.so.1.0.0
7f63ac202000-7f63ac203000 r--p 00001000 08:02 5247590                    /usr/lib/x86_64-linux-gnu/libXinerama.so.1.0.0
7f63ac203000-7f63ac204000 rw-p 00002000 08:02 5247590                    /usr/lib/x86_64-linux-gnu/libXinerama.so.1.0.0
7f63ac204000-7f63ac20d000 r-xp 00000000 08:02 5247600                    /usr/lib/x86_64-linux-gnu/libXrender.so.1.3.0
7f63ac20d000-7f63ac40c000 ---p 00009000 08:02 5247600                    /usr/lib/x86_64-linux-gnu/libXrender.so.1.3.0
7f63ac40c000-7f63ac40d000 r--p 00008000 08:02 5247600                    /usr/lib/x86_64-linux-gnu/libXrender.so.1.3.0
7f63ac40d000-7f63ac40e000 rw-p 00009000 08:02 5247600                    /usr/lib/x86_64-linux-gnu/libXrender.so.1.3.0
7f63ac40e000-7f63ac413000 r-xp 00000000 08:02 5247580                    /usr/lib/x86_64-linux-gnu/libXfixes.so.3.1.0
7f63ac413000-7f63ac612000 ---p 00005000 08:02 5247580                    /usr/lib/x86_64-linux-gnu/libXfixes.so.3.1.0
7f63ac612000-7f63ac613000 r--p 00004000 08:02 5247580                    /usr/lib/x86_64-linux-gnu/libXfixes.so.3.1.0
7f63ac613000-7f63ac614000 rw-p 00005000 08:02 5247580                    /usr/lib/x86_64-linux-gnu/libXfixes.so.3.1.0
7f63ac614000-7f63ac616000 r-xp 00000000 08:02 5247574                    /usr/lib/x86_64-linux-gnu/libXdamage.so.1.1.0
7f63ac616000-7f63ac815000 ---p 00002000 08:02 5247574                    /usr/lib/x86_64-linux-gnu/libXdamage.so.1.1.0
7f63ac815000-7f63ac816000 r--p 00001000 08:02 5247574                    /usr/lib/x86_64-linux-gnu/libXdamage.so.1.1.0
7f63ac816000-7f63ac817000 rw-p 00002000 08:02 5247574                    /usr/lib/x86_64-linux-gnu/libXdamage.so.1.1.0
7f63ac817000-7f63ac819000 r-xp 00000000 08:02 5247570                    /usr/lib/x86_64-linux-gnu/libXcomposite.so.1.0.0
7f63ac819000-7f63aca18000 ---p 00002000 08:02 5247570                    /usr/lib/x86_64-linux-gnu/libXcomposite.so.1.0.0
7f63aca18000-7f63aca19000 r--p 00001000 08:02 5247570                    /usr/lib/x86_64-linux-gnu/libXcomposite.so.1.0.0
7f63aca19000-7f63aca1a000 rw-p 00002000 08:02 5247570                    /usr/lib/x86_64-linux-gnu/libXcomposite.so.1.0.0
7f63aca1a000-7f63aca30000 r-xp 00000000 08:02 21236315                   /lib/x86_64-linux-gnu/libgcc_s.so.1
7f63aca30000-7f63acc2f000 ---p 00016000 08:02 21236315                   /lib/x86_64-linux-gnu/libgcc_s.so.1
7f63acc2f000-7f63acc30000 r--p 00015000 08:02 21236315                   /lib/x86_64-linux-gnu/libgcc_s.so.1
7f63acc30000-7f63acc31000 rw-p 00016000 08:02 21236315                   /lib/x86_64-linux-gnu/libgcc_s.so.1
7f63acc31000-7f63acda3000 r-xp 00000000 08:02 5248885                    /usr/lib/x86_64-linux-gnu/libstdc++.so.6.0.24
7f63acda3000-7f63acfa3000 ---p 00172000 08:02 5248885                    /usr/lib/x86_64-linux-gnu/libstdc++.so.6.0.24
7f63acfa3000-7f63acfad000 r--p 00172000 08:02 5248885                    /usr/lib/x86_64-linux-gnu/libstdc++.so.6.0.24
7f63acfad000-7f63acfaf000 rw-p 0017c000 08:02 5248885                    /usr/lib/x86_64-linux-gnu/libstdc++.so.6.0.24
7f63acfaf000-7f63acfb2000 rw-p 00000000 00:00 0 
7f63acfb2000-7f63ad020000 r-xp 00000000 08:02 5247417                    /usr/lib/x86_64-linux-gnu/libGL.so.1.2.0
7f63ad020000-7f63ad21f000 ---p 0006e000 08:02 5247417                    /usr/lib/x86_64-linux-gnu/libGL.so.1.2.0
7f63ad21f000-7f63ad222000 r--p 0006d000 08:02 5247417                    /usr/lib/x86_64-linux-gnu/libGL.so.1.2.0
7f63ad222000-7f63ad223000 rw-p 00070000 08:02 5247417                    /usr/lib/x86_64-linux-gnu/libGL.so.1.2.0
7f63ad223000-7f63ad224000 rw-p 00000000 00:00 0 
7f63ad224000-7f63ad229000 r-xp 00000000 08:02 5247616                    /usr/lib/x86_64-linux-gnu/libXxf86vm.so.1.0.0
7f63ad229000-7f63ad428000 ---p 00005000 08:02 5247616                    /usr/lib/x86_64-linux-gnu/libXxf86vm.so.1.0.0
7f63ad428000-7f63ad429000 r--p 00004000 08:02 5247616                    /usr/lib/x86_64-linux-gnu/libXxf86vm.so.1.0.0
7f63ad429000-7f63ad42a000 rw-p 00005000 08:02 5247616                    /usr/lib/x86_64-linux-gnu/libXxf86vm.so.1.0.0
7f63ad42a000-7f63ad564000 r-xp 00000000 08:02 5247561                    /usr/lib/x86_64-linux-gnu/libX11.so.6.3.0
7f63ad564000-7f63ad764000 ---p 0013a000 08:02 5247561                    /usr/lib/x86_64-linux-gnu/libX11.so.6.3.0
7f63ad764000-7f63ad765000 r--p 0013a000 08:02 5247561                    /usr/lib/x86_64-linux-gnu/libX11.so.6.3.0
7f63ad765000-7f63ad76a000 rw-p 0013b000 08:02 5247561                    /usr/lib/x86_64-linux-gnu/libX11.so.6.3.0
7f63ad76a000-7f63ad76f000 r-xp 00000000 08:02 5247606                    /usr/lib/x86_64-linux-gnu/libXtst.so.6.1.0
7f63ad76f000-7f63ad96e000 ---p 00005000 08:02 5247606                    /usr/lib/x86_64-linux-gnu/libXtst.so.6.1.0
7f63ad96e000-7f63ad96f000 r--p 00004000 08:02 5247606                    /usr/lib/x86_64-linux-gnu/libXtst.so.6.1.0
7f63ad96f000-7f63ad970000 rw-p 00005000 08:02 5247606                    /usr/lib/x86_64-linux-gnu/libXtst.so.6.1.0
7f63ad970000-7f63ada82000 r-xp 00000000 08:02 21236319                   /lib/x86_64-linux-gnu/libglib-2.0.so.0.5304.0
7f63ada82000-7f63adc82000 ---p 00112000 08:02 21236319                   /lib/x86_64-linux-gnu/libglib-2.0.so.0.5304.0
7f63adc82000-7f63adc83000 r--p 00112000 08:02 21236319                   /lib/x86_64-linux-gnu/libglib-2.0.so.0.5304.0
7f63adc83000-7f63adc84000 rw-p 00113000 08:02 21236319                   /lib/x86_64-linux-gnu/libglib-2.0.so.0.5304.0
7f63adc84000-7f63adc85000 rw-p 00000000 00:00 0 
7f63adc85000-7f63adc86000 r-xp 00000000 08:02 5248279                    /usr/lib/x86_64-linux-gnu/libgthread-2.0.so.0.5304.0
7f63adc86000-7f63ade85000 ---p 00001000 08:02 5248279                    /usr/lib/x86_64-linux-gnu/libgthread-2.0.so.0.5304.0
7f63ade85000-7f63ade86000 r--p 00000000 08:02 5248279                    /usr/lib/x86_64-linux-gnu/libgthread-2.0.so.0.5304.0
7f63ade86000-7f63ade87000 rw-p 00001000 08:02 5248279                    /usr/lib/x86_64-linux-gnu/libgthread-2.0.so.0.5304.0
7f63ade87000-7f63ade8a000 r-xp 00000000 08:02 5248069                    /usr/lib/x86_64-linux-gnu/libgmodule-2.0.so.0.5304.0
7f63ade8a000-7f63ae089000 ---p 00003000 08:02 5248069                    /usr/lib/x86_64-linux-gnu/libgmodule-2.0.so.0.5304.0
7f63ae089000-7f63ae08a000 r--p 00002000 08:02 5248069                    /usr/lib/x86_64-linux-gnu/libgmodule-2.0.so.0.5304.0
7f63ae08a000-7f63ae08b000 rw-p 00003000 08:02 5248069                    /usr/lib/x86_64-linux-gnu/libgmodule-2.0.so.0.5304.0
7f63ae08b000-7f63ae0dc000 r-xp 00000000 08:02 5248109                    /usr/lib/x86_64-linux-gnu/libgobject-2.0.so.0.5304.0
7f63ae0dc000-7f63ae2dc000 ---p 00051000 08:02 5248109                    /usr/lib/x86_64-linux-gnu/libgobject-2.0.so.0.5304.0
7f63ae2dc000-7f63ae2dd000 r--p 00051000 08:02 5248109                    /usr/lib/x86_64-linux-gnu/libgobject-2.0.so.0.5304.0
7f63ae2dd000-7f63ae2de000 rw-p 00052000 08:02 5248109                    /usr/lib/x86_64-linux-gnu/libgobject-2.0.so.0.5304.0
7f63ae2de000-7f63ae31a000 r-xp 00000000 08:02 5247966                    /usr/lib/x86_64-linux-gnu/libfontconfig.so.1.8.0
7f63ae31a000-7f63ae519000 ---p 0003c000 08:02 5247966                    /usr/lib/x86_64-linux-gnu/libfontconfig.so.1.8.0
7f63ae519000-7f63ae51b000 r--p 0003b000 08:02 5247966                    /usr/lib/x86_64-linux-gnu/libfontconfig.so.1.8.0
7f63ae51b000-7f63ae51c000 rw-p 0003d000 08:02 5247966                    /usr/lib/x86_64-linux-gnu/libfontconfig.so.1.8.0
7f63ae51c000-7f63ae5c0000 r-xp 00000000 08:02 5247978                    /usr/lib/x86_64-linux-gnu/libfreetype.so.6.12.5
7f63ae5c0000-7f63ae7c0000 ---p 000a4000 08:02 5247978                    /usr/lib/x86_64-linux-gnu/libfreetype.so.6.12.5
7f63ae7c0000-7f63ae7c6000 r--p 000a4000 08:02 5247978                    /usr/lib/x86_64-linux-gnu/libfreetype.so.6.12.5
7f63ae7c6000-7f63ae7c7000 rw-p 000aa000 08:02 5247978                    /usr/lib/x86_64-linux-gnu/libfreetype.so.6.12.5
7f63ae7c7000-7f63ae810000 r-xp 00000000 08:02 5248654                    /usr/lib/x86_64-linux-gnu/libpango-1.0.so.0.4000.4
7f63ae810000-7f63aea0f000 ---p 00049000 08:02 5248654                    /usr/lib/x86_64-linux-gnu/libpango-1.0.so.0.4000.4
7f63aea0f000-7f63aea12000 r--p 00048000 08:02 5248654                    /usr/lib/x86_64-linux-gnu/libpango-1.0.so.0.4000.4
7f63aea12000-7f63aea13000 rw-p 0004b000 08:02 5248654                    /usr/lib/x86_64-linux-gnu/libpango-1.0.so.0.4000.4
7f63aea13000-7f63aeb21000 r-xp 00000000 08:02 5247725                    /usr/lib/x86_64-linux-gnu/libcairo.so.2.11400.10
7f63aeb21000-7f63aed21000 ---p 0010e000 08:02 5247725                    /usr/lib/x86_64-linux-gnu/libcairo.so.2.11400.10
7f63aed21000-7f63aed24000 r--p 0010e000 08:02 5247725                    /usr/lib/x86_64-linux-gnu/libcairo.so.2.11400.10
7f63aed24000-7f63aed25000 rw-p 00111000 08:02 5247725                    /usr/lib/x86_64-linux-gnu/libcairo.so.2.11400.10
7f63aed25000-7f63aed27000 rw-p 00000000 00:00 0 
7f63aed27000-7f63aed33000 r-xp 00000000 08:02 5248656                    /usr/lib/x86_64-linux-gnu/libpangocairo-1.0.so.0.4000.4
7f63aed33000-7f63aef32000 ---p 0000c000 08:02 5248656                    /usr/lib/x86_64-linux-gnu/libpangocairo-1.0.so.0.4000.4
7f63aef32000-7f63aef33000 r--p 0000b000 08:02 5248656                    /usr/lib/x86_64-linux-gnu/libpangocairo-1.0.so.0.4000.4
7f63aef33000-7f63aef34000 rw-p 0000c000 08:02 5248656                    /usr/lib/x86_64-linux-gnu/libpangocairo-1.0.so.0.4000.4
7f63aef34000-7f63aef56000 r-xp 00000000 08:02 5248011                    /usr/lib/x86_64-linux-gnu/libgdk_pixbuf-2.0.so.0.3600.5
7f63aef56000-7f63af155000 ---p 00022000 08:02 5248011                    /usr/lib/x86_64-linux-gnu/libgdk_pixbuf-2.0.so.0.3600.5
7f63af155000-7f63af156000 r--p 00021000 08:02 5248011                    /usr/lib/x86_64-linux-gnu/libgdk_pixbuf-2.0.so.0.3600.5
7f63af156000-7f63af157000 rw-p 00022000 08:02 5248011                    /usr/lib/x86_64-linux-gnu/libgdk_pixbuf-2.0.so.0.3600.5
7f63af157000-7f63af16b000 r-xp 00000000 08:02 5248658                    /usr/lib/x86_64-linux-gnu/libpangoft2-1.0.so.0.4000.4
7f63af16b000-7f63af36b000 ---p 00014000 08:02 5248658                    /usr/lib/x86_64-linux-gnu/libpangoft2-1.0.so.0.4000.4
7f63af36b000-7f63af36c000 r--p 00014000 08:02 5248658                    /usr/lib/x86_64-linux-gnu/libpangoft2-1.0.so.0.4000.4
7f63af36c000-7f63af36d000 rw-p 00015000 08:02 5248658                    /usr/lib/x86_64-linux-gnu/libpangoft2-1.0.so.0.4000.4
7f63af36d000-7f63af4fd000 r-xp 00000000 08:02 5248045                    /usr/lib/x86_64-linux-gnu/libgio-2.0.so.0.5304.0
7f63af4fd000-7f63af6fc000 ---p 00190000 08:02 5248045                    /usr/lib/x86_64-linux-gnu/libgio-2.0.so.0.5304.0
7f63af6fc000-7f63af703000 r--p 0018f000 08:02 5248045                    /usr/lib/x86_64-linux-gnu/libgio-2.0.so.0.5304.0
7f63af703000-7f63af704000 rw-p 00196000 08:02 5248045                    /usr/lib/x86_64-linux-gnu/libgio-2.0.so.0.5304.0
7f63af704000-7f63af706000 rw-p 00000000 00:00 0 
7f63af706000-7f63af7b4000 r-xp 00000000 08:02 5248009                    /usr/lib/x86_64-linux-gnu/libgdk-x11-2.0.so.0.2400.31
7f63af7b4000-7f63af9b4000 ---p 000ae000 08:02 5248009                    /usr/lib/x86_64-linux-gnu/libgdk-x11-2.0.so.0.2400.31
7f63af9b4000-7f63af9b8000 r--p 000ae000 08:02 5248009                    /usr/lib/x86_64-linux-gnu/libgdk-x11-2.0.so.0.2400.31
7f63af9b8000-7f63af9ba000 rw-p 000b2000 08:02 5248009                    /usr/lib/x86_64-linux-gnu/libgdk-x11-2.0.so.0.2400.31
7f63af9ba000-7f63afdf2000 r-xp 00000000 08:02 5248285                    /usr/lib/x86_64-linux-gnu/libgtk-x11-2.0.so.0.2400.31
7f63afdf2000-7f63afff2000 ---p 00438000 08:02 5248285                    /usr/lib/x86_64-linux-gnu/libgtk-x11-2.0.so.0.2400.31
7f63afff2000-7f63afff9000 r--p 00438000 08:02 5248285                    /usr/lib/x86_64-linux-gnu/libgtk-x11-2.0.so.0.2400.31
7f63afff9000-7f63afffd000 rw-p 0043f000 08:02 5248285                    /usr/lib/x86_64-linux-gnu/libgtk-x11-2.0.so.0.2400.31
7f63afffd000-7f63b0000000 rw-p 00000000 00:00 0 
7f63b0000000-7f63b0021000 rw-p 00000000 00:00 0 
7f63b0021000-7f63b4000000 ---p 00000000 00:00 0 
7f63b4000000-7f63b5edf000 rw-p 00000000 00:00 0 
7f63b5edf000-7f63b8000000 ---p 00000000 00:00 0 
7f63b8000000-7f63b8205000 rw-p 00000000 00:00 0 
7f63b8205000-7f63bc000000 ---p 00000000 00:00 0 
7f63bc000000-7f63bc021000 rw-p 00000000 00:00 0 
7f63bc021000-7f63c0000000 ---p 00000000 00:00 0 
7f63c0000000-7f63c021a000 rw-p 00000000 00:00 0 
7f63c021a000-7f63c4000000 ---p 00000000 00:00 0 
7f63c4000000-7f63c40e6000 rw-p 00000000 00:00 0 
7f63c40e6000-7f63c8000000 ---p 00000000 00:00 0 
7f63c8000000-7f63c8021000 rw-p 00000000 00:00 0 
7f63c8021000-7f63cc000000 ---p 00000000 00:00 0 
7f63cc000000-7f63cc021000 rw-p 00000000 00:00 0 
7f63cc021000-7f63d0000000 ---p 00000000 00:00 0 
7f63d0000000-7f63d0021000 rw-p 00000000 00:00 0 
7f63d0021000-7f63d4000000 ---p 00000000 00:00 0 
7f63d4004000-7f63d4006000 rw-s 10cc3e000 00:06 12461                     /dev/dri/card0
7f63d4006000-7f63d400b000 r--s 00084000 08:02 5124031                    /usr/local/jdk1.8.0_111/jre/lib/jfr.jar
7f63d400b000-7f63d4011000 r--s 00000000 08:02 15073324                   /var/cache/fontconfig/8801497958630a81b71ace7c5f9b32a8-le64.cache-4
7f63d4011000-7f63d404c000 r--s 00000000 08:02 15084345                   /var/cache/fontconfig/365b55f210c0a22e9a19e35191240f32-le64.cache-4
7f63d404c000-7f63d4052000 r--s 00000000 08:02 15073340                   /var/cache/fontconfig/3047814df9a2f067bd2d96a2b9c36e5a-le64.cache-4
7f63d4052000-7f63d4057000 r--s 00000000 08:02 15073330                   /var/cache/fontconfig/9923581aef9bb9211ee5bcd557562ee7-le64.cache-4
7f63d4057000-7f63d406a000 r--s 00000000 08:02 15084349                   /var/cache/fontconfig/d52a8644073d54c13679302ca1180695-le64.cache-4
7f63d406a000-7f63d408d000 r-xp 00000000 08:02 5247655                    /usr/lib/x86_64-linux-gnu/libatk-1.0.so.0.22409.1
7f63d408d000-7f63d428c000 ---p 00023000 08:02 5247655                    /usr/lib/x86_64-linux-gnu/libatk-1.0.so.0.22409.1
7f63d428c000-7f63d428f000 r--p 00022000 08:02 5247655                    /usr/lib/x86_64-linux-gnu/libatk-1.0.so.0.22409.1
7f63d428f000-7f63d4290000 rw-p 00025000 08:02 5247655                    /usr/lib/x86_64-linux-gnu/libatk-1.0.so.0.22409.1
7f63d4290000-7f63d8000000 rw-p 00000000 00:00 0 
7f63d8000000-7f63d8021000 rw-p 00000000 00:00 0 
7f63d8021000-7f63dc000000 ---p 00000000 00:00 0 
7f63dc000000-7f63dc021000 rw-p 00000000 00:00 0 
7f63dc021000-7f63e0000000 ---p 00000000 00:00 0 
7f63e0000000-7f63e0021000 rw-p 00000000 00:00 0 
7f63e0021000-7f63e4000000 ---p 00000000 00:00 0 
7f63e4000000-7f63e4021000 rw-p 00000000 00:00 0 
7f63e4021000-7f63e8000000 ---p 00000000 00:00 0 
7f63e8000000-7f63e8021000 rw-p 00000000 00:00 0 
7f63e8021000-7f63ec000000 ---p 00000000 00:00 0 
7f63ec000000-7f63ec001000 rw-s 00000000 00:05 93469                      /drm mm object (deleted)
7f63ec001000-7f63ec00b000 r--s 00000000 08:02 15073346                   /var/cache/fontconfig/3f7329c5293ffd510edef78f73874cfd-le64.cache-4
7f63ec00b000-7f63ec017000 r--s 00000000 08:02 15084276                   /var/cache/fontconfig/d589a48862398ed80a3d6066f4f56f4c-le64.cache-4
7f63ec017000-7f63ec01a000 r--s 00000000 08:02 15073328                   /var/cache/fontconfig/47e67d79d01846c7b6efd6b4f03a6092-le64.cache-4
7f63ec01a000-7f63ec039000 r--s 00000000 08:02 15073325                   /var/cache/fontconfig/9b89f8e3dae116d678bbf48e5f21f69b-le64.cache-4
7f63ec039000-7f63ec03d000 r--s 00000000 08:02 15084274                   /var/cache/fontconfig/7ef2298fde41cc6eeb7af42e48b7d293-le64.cache-4
7f63ec03d000-7f63ec045000 rw-s 00000000 00:05 93477                      /drm mm object (deleted)
7f63ec045000-7f63ec04d000 rw-s 00000000 00:05 93467                      /drm mm object (deleted)
7f63ec04d000-7f63ec059000 r-xp 00000000 08:02 5250601                    /usr/local/jdk1.8.0_111/jre/lib/amd64/libprism_es2.so
7f63ec059000-7f63ec258000 ---p 0000c000 08:02 5250601                    /usr/local/jdk1.8.0_111/jre/lib/amd64/libprism_es2.so
7f63ec258000-7f63ec259000 rw-p 0000b000 08:02 5250601                    /usr/local/jdk1.8.0_111/jre/lib/amd64/libprism_es2.so
7f63ec259000-7f63ec25c000 ---p 00000000 00:00 0 
7f63ec25c000-7f63ec35a000 rw-p 00000000 00:00 0 
7f63ec35a000-7f63ec35b000 ---p 00000000 00:00 0 
7f63ec35b000-7f63ec45b000 rw-p 00000000 00:00 0 
7f63ec45b000-7f63ec45e000 ---p 00000000 00:00 0 
7f63ec45e000-7f63ec55c000 rw-p 00000000 00:00 0 
7f63ec55c000-7f63ec55f000 ---p 00000000 00:00 0 
7f63ec55f000-7f63ec65d000 rw-p 00000000 00:00 0 
7f63ec65d000-7f63ec660000 ---p 00000000 00:00 0 
7f63ec660000-7f63ec75e000 rw-p 00000000 00:00 0 
7f63ec75e000-7f63ec761000 ---p 00000000 00:00 0 
7f63ec761000-7f63ec85f000 rw-p 00000000 00:00 0 
7f63ec85f000-7f63ec862000 ---p 00000000 00:00 0 
7f63ec862000-7f63ec960000 rw-p 00000000 00:00 0 
7f63ec960000-7f63ecafb000 r--p 00000000 08:02 5117660                    /usr/lib/locale/locale-archive
7f63ecafb000-7f63ecafe000 ---p 00000000 00:00 0 
7f63ecafe000-7f63ecbfc000 rw-p 00000000 00:00 0 
7f63ecbfc000-7f63ecbff000 ---p 00000000 00:00 0 
7f63ecbff000-7f63eccfd000 rw-p 00000000 00:00 0 
7f63eccfd000-7f63eccfe000 ---p 00000000 00:00 0 
7f63eccfe000-7f63ed000000 rw-p 00000000 00:00 0 
7f63ed000000-7f63ed4c0000 rwxp 00000000 00:00 0 
7f63ed4c0000-7f63fc000000 ---p 00000000 00:00 0 
7f63fc000000-7f63fc43f000 rw-p 00000000 00:00 0 
7f63fc43f000-7f6400000000 ---p 00000000 00:00 0 
7f6400000000-7f6400001000 r--s 00000000 08:02 15073327                   /var/cache/fontconfig/16c2fda60d1b4b719f4b3d06fd951d25-le64.cache-4
7f6400001000-7f640002a000 r--p 00000000 08:02 6429868                    /usr/share/locale/pt_BR/LC_MESSAGES/gtk20-properties.mo
7f640002a000-7f6400039000 r--p 00000000 08:02 6429869                    /usr/share/locale/pt_BR/LC_MESSAGES/gtk20.mo
7f6400039000-7f6400041000 rw-s 00000000 00:05 91721                      /drm mm object (deleted)
7f6400041000-7f6400049000 rw-s 00000000 00:05 91720                      /drm mm object (deleted)
7f6400049000-7f6400051000 rw-s 00000000 00:05 91716                      /drm mm object (deleted)
7f6400051000-7f64000e7000 r--s 010fb000 08:02 5250605                    /usr/local/jdk1.8.0_111/jre/lib/ext/jfxrt.jar
7f64000e7000-7f6400ec7000 rw-p 00000000 00:00 0 
7f6400ec7000-7f640109f000 r--s 03d2a000 08:02 5124043                    /usr/local/jdk1.8.0_111/jre/lib/rt.jar
7f640109f000-7f6401115000 rw-p 00000000 00:00 0 
7f6401115000-7f6401cec000 rw-p 00000000 00:00 0 
7f6401cec000-7f6401ced000 ---p 00000000 00:00 0 
7f6401ced000-7f6401ded000 rw-p 00000000 00:00 0 
7f6401ded000-7f6401dee000 ---p 00000000 00:00 0 
7f6401dee000-7f6401eee000 rw-p 00000000 00:00 0 
7f6401eee000-7f6401eef000 ---p 00000000 00:00 0 
7f6401eef000-7f6401fef000 rw-p 00000000 00:00 0 
7f6401fef000-7f6401ff0000 ---p 00000000 00:00 0 
7f6401ff0000-7f64020f0000 rw-p 00000000 00:00 0 
7f64020f0000-7f640211a000 rw-p 00000000 00:00 0 
7f640211a000-7f6402380000 ---p 00000000 00:00 0 
7f6402380000-7f64023aa000 rw-p 00000000 00:00 0 
7f64023aa000-7f640260f000 ---p 00000000 00:00 0 
7f640260f000-7f6402624000 rw-p 00000000 00:00 0 
7f6402624000-7f6402757000 ---p 00000000 00:00 0 
7f6402757000-7f640276b000 rw-p 00000000 00:00 0 
7f640276b000-7f6402b18000 ---p 00000000 00:00 0 
7f6402b18000-7f6402b32000 r-xp 00000000 08:02 5250711                    /usr/local/jdk1.8.0_111/jre/lib/amd64/libzip.so
7f6402b32000-7f6402d32000 ---p 0001a000 08:02 5250711                    /usr/local/jdk1.8.0_111/jre/lib/amd64/libzip.so
7f6402d32000-7f6402d33000 rw-p 0001a000 08:02 5250711                    /usr/local/jdk1.8.0_111/jre/lib/amd64/libzip.so
7f6402d33000-7f6402d3d000 r-xp 00000000 08:02 21236370                   /lib/x86_64-linux-gnu/libnss_files-2.24.so
7f6402d3d000-7f6402f3d000 ---p 0000a000 08:02 21236370                   /lib/x86_64-linux-gnu/libnss_files-2.24.so
7f6402f3d000-7f6402f3e000 r--p 0000a000 08:02 21236370                   /lib/x86_64-linux-gnu/libnss_files-2.24.so
7f6402f3e000-7f6402f3f000 rw-p 0000b000 08:02 21236370                   /lib/x86_64-linux-gnu/libnss_files-2.24.so
7f6402f3f000-7f6402f45000 rw-p 00000000 00:00 0 
7f6402f45000-7f6402f50000 r-xp 00000000 08:02 21236374                   /lib/x86_64-linux-gnu/libnss_nis-2.24.so
7f6402f50000-7f640314f000 ---p 0000b000 08:02 21236374                   /lib/x86_64-linux-gnu/libnss_nis-2.24.so
7f640314f000-7f6403150000 r--p 0000a000 08:02 21236374                   /lib/x86_64-linux-gnu/libnss_nis-2.24.so
7f6403150000-7f6403151000 rw-p 0000b000 08:02 21236374                   /lib/x86_64-linux-gnu/libnss_nis-2.24.so
7f6403151000-7f6403165000 r-xp 00000000 08:02 21236364                   /lib/x86_64-linux-gnu/libnsl-2.24.so
7f6403165000-7f6403365000 ---p 00014000 08:02 21236364                   /lib/x86_64-linux-gnu/libnsl-2.24.so
7f6403365000-7f6403366000 r--p 00014000 08:02 21236364                   /lib/x86_64-linux-gnu/libnsl-2.24.so
7f6403366000-7f6403367000 rw-p 00015000 08:02 21236364                   /lib/x86_64-linux-gnu/libnsl-2.24.so
7f6403367000-7f6403369000 rw-p 00000000 00:00 0 
7f6403369000-7f6403370000 r-xp 00000000 08:02 21236366                   /lib/x86_64-linux-gnu/libnss_compat-2.24.so
7f6403370000-7f640356f000 ---p 00007000 08:02 21236366                   /lib/x86_64-linux-gnu/libnss_compat-2.24.so
7f640356f000-7f6403570000 r--p 00006000 08:02 21236366                   /lib/x86_64-linux-gnu/libnss_compat-2.24.so
7f6403570000-7f6403571000 rw-p 00007000 08:02 21236366                   /lib/x86_64-linux-gnu/libnss_compat-2.24.so
7f6403571000-7f640359c000 r-xp 00000000 08:02 5250688                    /usr/local/jdk1.8.0_111/jre/lib/amd64/libjava.so
7f640359c000-7f640379b000 ---p 0002b000 08:02 5250688                    /usr/local/jdk1.8.0_111/jre/lib/amd64/libjava.so
7f640379b000-7f640379d000 rw-p 0002a000 08:02 5250688                    /usr/local/jdk1.8.0_111/jre/lib/amd64/libjava.so
7f640379d000-7f64037aa000 r-xp 00000000 08:02 5250658                    /usr/local/jdk1.8.0_111/jre/lib/amd64/libverify.so
7f64037aa000-7f64039a9000 ---p 0000d000 08:02 5250658                    /usr/local/jdk1.8.0_111/jre/lib/amd64/libverify.so
7f64039a9000-7f64039ab000 rw-p 0000c000 08:02 5250658                    /usr/local/jdk1.8.0_111/jre/lib/amd64/libverify.so
7f64039ab000-7f64039b2000 r-xp 00000000 08:02 21236423                   /lib/x86_64-linux-gnu/librt-2.24.so
7f64039b2000-7f6403bb1000 ---p 00007000 08:02 21236423                   /lib/x86_64-linux-gnu/librt-2.24.so
7f6403bb1000-7f6403bb2000 r--p 00006000 08:02 21236423                   /lib/x86_64-linux-gnu/librt-2.24.so
7f6403bb2000-7f6403bb3000 rw-p 00007000 08:02 21236423                   /lib/x86_64-linux-gnu/librt-2.24.so
7f6403bb3000-7f6403cb6000 r-xp 00000000 08:02 21236347                   /lib/x86_64-linux-gnu/libm-2.24.so
7f6403cb6000-7f6403eb5000 ---p 00103000 08:02 21236347                   /lib/x86_64-linux-gnu/libm-2.24.so
7f6403eb5000-7f6403eb6000 r--p 00102000 08:02 21236347                   /lib/x86_64-linux-gnu/libm-2.24.so
7f6403eb6000-7f6403eb7000 rw-p 00103000 08:02 21236347                   /lib/x86_64-linux-gnu/libm-2.24.so
7f6403eb7000-7f6404b84000 r-xp 00000000 08:02 5250584                    /usr/local/jdk1.8.0_111/jre/lib/amd64/server/libjvm.so
7f6404b84000-7f6404d83000 ---p 00ccd000 08:02 5250584                    /usr/local/jdk1.8.0_111/jre/lib/amd64/server/libjvm.so
7f6404d83000-7f6404e5c000 rw-p 00ccc000 08:02 5250584                    /usr/local/jdk1.8.0_111/jre/lib/amd64/server/libjvm.so
7f6404e5c000-7f6404ea7000 rw-p 00000000 00:00 0 
7f6404ea7000-7f640503c000 r-xp 00000000 08:02 21236278                   /lib/x86_64-linux-gnu/libc-2.24.so
7f640503c000-7f640523c000 ---p 00195000 08:02 21236278                   /lib/x86_64-linux-gnu/libc-2.24.so
7f640523c000-7f6405240000 r--p 00195000 08:02 21236278                   /lib/x86_64-linux-gnu/libc-2.24.so
7f6405240000-7f6405242000 rw-p 00199000 08:02 21236278                   /lib/x86_64-linux-gnu/libc-2.24.so
7f6405242000-7f6405246000 rw-p 00000000 00:00 0 
7f6405246000-7f6405249000 r-xp 00000000 08:02 21236301                   /lib/x86_64-linux-gnu/libdl-2.24.so
7f6405249000-7f6405448000 ---p 00003000 08:02 21236301                   /lib/x86_64-linux-gnu/libdl-2.24.so
7f6405448000-7f6405449000 r--p 00002000 08:02 21236301                   /lib/x86_64-linux-gnu/libdl-2.24.so
7f6405449000-7f640544a000 rw-p 00003000 08:02 21236301                   /lib/x86_64-linux-gnu/libdl-2.24.so
7f640544a000-7f640545f000 r-xp 00000000 08:02 5250720                    /usr/local/jdk1.8.0_111/lib/amd64/jli/libjli.so
7f640545f000-7f640565f000 ---p 00015000 08:02 5250720                    /usr/local/jdk1.8.0_111/lib/amd64/jli/libjli.so
7f640565f000-7f6405660000 rw-p 00015000 08:02 5250720                    /usr/local/jdk1.8.0_111/lib/amd64/jli/libjli.so
7f6405660000-7f6405678000 r-xp 00000000 08:02 21236413                   /lib/x86_64-linux-gnu/libpthread-2.24.so
7f6405678000-7f6405877000 ---p 00018000 08:02 21236413                   /lib/x86_64-linux-gnu/libpthread-2.24.so
7f6405877000-7f6405878000 r--p 00017000 08:02 21236413                   /lib/x86_64-linux-gnu/libpthread-2.24.so
7f6405878000-7f6405879000 rw-p 00018000 08:02 21236413                   /lib/x86_64-linux-gnu/libpthread-2.24.so
7f6405879000-7f640587d000 rw-p 00000000 00:00 0 
7f640587d000-7f64058a0000 r-xp 00000000 08:02 21236248                   /lib/x86_64-linux-gnu/ld-2.24.so
7f64058a0000-7f64058a3000 r--s 00000000 08:02 15073349                   /var/cache/fontconfig/e13b20fdb08344e0e664864cc2ede53d-le64.cache-4
7f64058a3000-7f64058b2000 r--p 00000000 08:02 6429892                    /usr/share/locale/pt_BR/LC_MESSAGES/libc.mo
7f64058b2000-7f6405956000 rw-p 00000000 00:00 0 
7f6405956000-7f640597d000 rw-p 00000000 00:00 0 
7f640597d000-7f6405980000 ---p 00000000 00:00 0 
7f6405980000-7f6405a80000 rw-p 00000000 00:00 0 
7f6405a80000-7f6405a81000 r--s 00000000 08:02 15073341                   /var/cache/fontconfig/30829fa25452a46451e813d634d7f916-le64.cache-4
7f6405a82000-7f6405a83000 rw-s 00000000 00:05 91717                      /drm mm object (deleted)
7f6405a83000-7f6405a84000 rw-s 10c3f8000 00:06 12461                     /dev/dri/card0
7f6405a84000-7f6405a8b000 r--s 00000000 08:02 5246644                    /usr/lib/x86_64-linux-gnu/gconv/gconv-modules.cache
7f6405a8b000-7f6405a93000 r--s 000c4000 08:02 6293105                    /usr/local/netbeans-8.2/ide/modules/ext/mysql-connector-java-5.1.23-bin.jar
7f6405a93000-7f6405a9b000 rw-s 00000000 08:02 23855182                   /tmp/hsperfdata_sisnando/5527
7f6405a9b000-7f6405a9c000 rw-p 00000000 00:00 0 
7f6405a9c000-7f6405a9d000 r--p 00000000 00:00 0 
7f6405a9d000-7f6405aa0000 rw-p 00000000 00:00 0 
7f6405aa0000-7f6405aa1000 r--p 00023000 08:02 21236248                   /lib/x86_64-linux-gnu/ld-2.24.so
7f6405aa1000-7f6405aa2000 rw-p 00024000 08:02 21236248                   /lib/x86_64-linux-gnu/ld-2.24.so
7f6405aa2000-7f6405aa3000 rw-p 00000000 00:00 0 
7ffcbcc89000-7ffcbccaa000 rw-p 00000000 00:00 0                          [stack]
7ffcbcd34000-7ffcbcd37000 r--p 00000000 00:00 0                          [vvar]
7ffcbcd37000-7ffcbcd39000 r-xp 00000000 00:00 0                          [vdso]

VM Arguments:
jvm_args: -Dfile.encoding=UTF-8 -Dawt.useSystemAAFontSettings=gasp 
java_command: Main.Login
java_class_path (initial): /usr/local/netbeans-8.2/ide/modules/ext/mysql-connector-java-5.1.23-bin.jar:/home/sisnando/NetBeansProjects/projeto_arvore/Projeto_Prtico/build/classes
Launcher Type: SUN_STANDARD

Environment Variables:
_JAVA_OPTIONS=  -Dawt.useSystemAAFontSettings=gasp
PATH=/usr/local/bin:/usr/bin:/bin:/usr/local/games:/usr/games:/sbin:/usr/sbin:/opt/android-sdk/platform-tools:/opt/android-sdk/tools:/opt/android-sdk/tools/bin
LD_LIBRARY_PATH=/usr/local/jdk1.8.0_111/jre/lib/amd64:/usr/local/jdk1.8.0_111/jre/lib/i386:
SHELL=/bin/bash
DISPLAY=:0

Signal Handlers:
SIGSEGV: [libjvm.so+0xac64b0], sa_mask[0]=11111111011111111101111111111110, sa_flags=SA_RESTART|SA_SIGINFO
SIGBUS: [libjvm.so+0xac64b0], sa_mask[0]=11111111011111111101111111111110, sa_flags=SA_RESTART|SA_SIGINFO
SIGFPE: [libjvm.so+0x91f950], sa_mask[0]=11111111011111111101111111111110, sa_flags=SA_RESTART|SA_SIGINFO
SIGPIPE: SIG_IGN, sa_mask[0]=00000000000010000000000000000000, sa_flags=SA_RESTART
SIGXFSZ: [libjvm.so+0x91f950], sa_mask[0]=11111111011111111101111111111110, sa_flags=SA_RESTART|SA_SIGINFO
SIGILL: [libjvm.so+0x91f950], sa_mask[0]=11111111011111111101111111111110, sa_flags=SA_RESTART|SA_SIGINFO
SIGUSR1: SIG_DFL, sa_mask[0]=00000000000000000000000000000000, sa_flags=none
SIGUSR2: [libjvm.so+0x920f80], sa_mask[0]=00100000000000000000000000000000, sa_flags=SA_RESTART|SA_SIGINFO
SIGHUP: SIG_IGN, sa_mask[0]=00000000000000000000000000000000, sa_flags=none
SIGINT: SIG_IGN, sa_mask[0]=00000000000000000000000000000000, sa_flags=none
SIGTERM: [libjvm.so+0x922380], sa_mask[0]=11111111011111111101111111111110, sa_flags=SA_RESTART|SA_SIGINFO
SIGQUIT: [libjvm.so+0x922380], sa_mask[0]=11111111011111111101111111111110, sa_flags=SA_RESTART|SA_SIGINFO


---------------  S Y S T E M  ---------------

OS:DISTRIB_ID=Deepin
DISTRIB_RELEASE=15.5
DISTRIB_DESCRIPTION="Deepin 15.5 "
DISTRIB_CODENAME=unstable

uname:Linux 4.14.0-deepin2-amd64 #1 SMP PREEMPT Deepin 4.14.12-2 (2018-01-06) x86_64
libc:glibc 2.24 NPTL 2.24 
rlimit: STACK 8192k, CORE 0k, NPROC 30902, NOFILE 1048576, AS infinity
load average:0,48 0,56 0,54

/proc/meminfo:
MemTotal:        8051340 kB
MemFree:         3061336 kB
MemAvailable:    5159952 kB
Buffers:           99264 kB
Cached:          2590520 kB
SwapCached:            0 kB
Active:          2799096 kB
Inactive:        1949108 kB
Active(anon):    2059436 kB
Inactive(anon):   409744 kB
Active(file):     739660 kB
Inactive(file):  1539364 kB
Unevictable:         528 kB
Mlocked:             528 kB
SwapTotal:       4194300 kB
SwapFree:        4194300 kB
Dirty:               464 kB
Writeback:             0 kB
AnonPages:       2003820 kB
Mapped:           560752 kB
Shmem:            410760 kB
Slab:             125640 kB
SReclaimable:      81956 kB
SUnreclaim:        43684 kB
KernelStack:       10112 kB
PageTables:        42544 kB
NFS_Unstable:          0 kB
Bounce:                0 kB
WritebackTmp:          0 kB
CommitLimit:     8219968 kB
Committed_AS:    6713764 kB
VmallocTotal:   34359738367 kB
VmallocUsed:           0 kB
VmallocChunk:          0 kB
HardwareCorrupted:     0 kB
AnonHugePages:   1267712 kB
ShmemHugePages:        0 kB
ShmemPmdMapped:        0 kB
HugePages_Total:       0
HugePages_Free:        0
HugePages_Rsvd:        0
HugePages_Surp:        0
Hugepagesize:       2048 kB
DirectMap4k:      148296 kB
DirectMap2M:     8120320 kB


CPU:total 4 (2 cores per cpu, 2 threads per core) family 6 model 58 stepping 9, cmov, cx8, fxsr, mmx, sse, sse2, sse3, ssse3, sse4.1, sse4.2, popcnt, avx, aes, clmul, erms, ht, tsc, tscinvbit, tscinv

/proc/cpuinfo:
processor	: 0
vendor_id	: GenuineIntel
cpu family	: 6
model		: 58
model name	: Intel(R) Core(TM) i5-3230M CPU @ 2.60GHz
stepping	: 9
microcode	: 0x16
cpu MHz		: 2400.000
cache size	: 3072 KB
physical id	: 0
siblings	: 4
core id		: 0
cpu cores	: 2
apicid		: 0
initial apicid	: 0
fpu		: yes
fpu_exception	: yes
cpuid level	: 13
wp		: yes
flags		: fpu vme de pse tsc msr pae mce cx8 apic sep mtrr pge mca cmov pat pse36 clflush dts acpi mmx fxsr sse sse2 ss ht tm pbe syscall nx rdtscp lm constant_tsc arch_perfmon pebs bts rep_good nopl xtopology nonstop_tsc cpuid aperfmperf pni pclmulqdq dtes64 monitor ds_cpl vmx est tm2 ssse3 cx16 xtpr pdcm pcid sse4_1 sse4_2 x2apic popcnt tsc_deadline_timer aes xsave avx f16c rdrand lahf_lm cpuid_fault epb pti tpr_shadow vnmi flexpriority ept vpid fsgsbase smep erms xsaveopt dtherm ida arat pln pts
bugs		: cpu_insecure
bogomips	: 5188.08
clflush size	: 64
cache_alignment	: 64
address sizes	: 36 bits physical, 48 bits virtual
power management:

processor	: 1
vendor_id	: GenuineIntel
cpu family	: 6
model		: 58
model name	: Intel(R) Core(TM) i5-3230M CPU @ 2.60GHz
stepping	: 9
microcode	: 0x16
cpu MHz		: 2300.000
cache size	: 3072 KB
physical id	: 0
siblings	: 4
core id		: 0
cpu cores	: 2
apicid		: 1
initial apicid	: 1
fpu		: yes
fpu_exception	: yes
cpuid level	: 13
wp		: yes
flags		: fpu vme de pse tsc msr pae mce cx8 apic sep mtrr pge mca cmov pat pse36 clflush dts acpi mmx fxsr sse sse2 ss ht tm pbe syscall nx rdtscp lm constant_tsc arch_perfmon pebs bts rep_good nopl xtopology nonstop_tsc cpuid aperfmperf pni pclmulqdq dtes64 monitor ds_cpl vmx est tm2 ssse3 cx16 xtpr pdcm pcid sse4_1 sse4_2 x2apic popcnt tsc_deadline_timer aes xsave avx f16c rdrand lahf_lm cpuid_fault epb pti tpr_shadow vnmi flexpriority ept vpid fsgsbase smep erms xsaveopt dtherm ida arat pln pts
bugs		: cpu_insecure
bogomips	: 5188.08
clflush size	: 64
cache_alignment	: 64
address sizes	: 36 bits physical, 48 bits virtual
power management:

processor	: 2
vendor_id	: GenuineIntel
cpu family	: 6
model		: 58
model name	: Intel(R) Core(TM) i5-3230M CPU @ 2.60GHz
stepping	: 9
microcode	: 0x16
cpu MHz		: 2601.000
cache size	: 3072 KB
physical id	: 0
siblings	: 4
core id		: 1
cpu cores	: 2
apicid		: 2
initial apicid	: 2
fpu		: yes
fpu_exception	: yes
cpuid level	: 13
wp		: yes
flags		: fpu vme de pse tsc msr pae mce cx8 apic sep mtrr pge mca cmov pat pse36 clflush dts acpi mmx fxsr sse sse2 ss ht tm pbe syscall nx rdtscp lm constant_tsc arch_perfmon pebs bts rep_good nopl xtopology nonstop_tsc cpuid aperfmperf pni pclmulqdq dtes64 monitor ds_cpl vmx est tm2 ssse3 cx16 xtpr pdcm pcid sse4_1 sse4_2 x2apic popcnt tsc_deadline_timer aes xsave avx f16c rdrand lahf_lm cpuid_fault epb pti tpr_shadow vnmi flexpriority ept vpid fsgsbase smep erms xsaveopt dtherm ida arat pln pts
bugs		: cpu_insecure
bogomips	: 5188.08
clflush size	: 64
cache_alignment	: 64
address sizes	: 36 bits physical, 48 bits virtual
power management:

processor	: 3
vendor_id	: GenuineIntel
cpu family	: 6
model		: 58
model name	: Intel(R) Core(TM) i5-3230M CPU @ 2.60GHz
stepping	: 9
microcode	: 0x16
cpu MHz		: 2601.000
cache size	: 3072 KB
physical id	: 0
siblings	: 4
core id		: 1
cpu cores	: 2
apicid		: 3
initial apicid	: 3
fpu		: yes
fpu_exception	: yes
cpuid level	: 13
wp		: yes
flags		: fpu vme de pse tsc msr pae mce cx8 apic sep mtrr pge mca cmov pat pse36 clflush dts acpi mmx fxsr sse sse2 ss ht tm pbe syscall nx rdtscp lm constant_tsc arch_perfmon pebs bts rep_good nopl xtopology nonstop_tsc cpuid aperfmperf pni pclmulqdq dtes64 monitor ds_cpl vmx est tm2 ssse3 cx16 xtpr pdcm pcid sse4_1 sse4_2 x2apic popcnt tsc_deadline_timer aes xsave avx f16c rdrand lahf_lm cpuid_fault epb pti tpr_shadow vnmi flexpriority ept vpid fsgsbase smep erms xsaveopt dtherm ida arat pln pts
bugs		: cpu_insecure
bogomips	: 5188.08
clflush size	: 64
cache_alignment	: 64
address sizes	: 36 bits physical, 48 bits virtual
power management:



Memory: 4k page, physical 8051340k(3061336k free), swap 4194300k(4194300k free)

vm_info: Java HotSpot(TM) 64-Bit Server VM (25.111-b14) for linux-amd64 JRE (1.8.0_111-b14), built on Sep 22 2016 16:14:03 by "java_re" with gcc 4.3.0 20080428 (Red Hat 4.3.0-8)

time: Tue Apr 24 19:34:19 2018
elapsed time: 5 seconds (0d 0h 0m 5s)

